{"/Users/anissaevrard/Documents/Projets/ReptiTrack/my-app/src/shared/constants/foodCatalog.ts": {"path":"/Users/anissaevrard/Documents/Projets/ReptiTrack/my-app/src/shared/constants/foodCatalog.ts","statementMap":{"0":{"start":{"line":20,"column":41},"end":{"line":31,"column":1}},"1":{"start":{"line":33,"column":38},"end":{"line":106,"column":1}},"2":{"start":{"line":108,"column":23},"end":{"line":108,"column":48}},"3":{"start":{"line":109,"column":28},"end":{"line":109,"column":58}},"4":{"start":{"line":111,"column":17},"end":{"line":113,"column":1}},"5":{"start":{"line":112,"column":2},"end":{"line":112,"column":54}},"6":{"start":{"line":115,"column":21},"end":{"line":117,"column":1}},"7":{"start":{"line":116,"column":2},"end":{"line":116,"column":59}},"8":{"start":{"line":120,"column":54},"end":{"line":134,"column":1}},"9":{"start":{"line":136,"column":0},"end":{"line":145,"column":3}},"10":{"start":{"line":137,"column":2},"end":{"line":137,"column":31}},"11":{"start":{"line":138,"column":2},"end":{"line":140,"column":3}},"12":{"start":{"line":139,"column":4},"end":{"line":139,"column":63}},"13":{"start":{"line":139,"column":36},"end":{"line":139,"column":61}},"14":{"start":{"line":141,"column":17},"end":{"line":141,"column":46}},"15":{"start":{"line":142,"column":2},"end":{"line":144,"column":3}},"16":{"start":{"line":143,"column":4},"end":{"line":143,"column":57}},"17":{"start":{"line":143,"column":30},"end":{"line":143,"column":55}},"18":{"start":{"line":148,"column":0},"end":{"line":148,"column":34}},"19":{"start":{"line":149,"column":0},"end":{"line":149,"column":33}},"20":{"start":{"line":150,"column":0},"end":{"line":150,"column":34}},"21":{"start":{"line":151,"column":0},"end":{"line":151,"column":36}},"22":{"start":{"line":152,"column":0},"end":{"line":152,"column":35}},"23":{"start":{"line":153,"column":0},"end":{"line":153,"column":34}},"24":{"start":{"line":154,"column":0},"end":{"line":154,"column":36}},"25":{"start":{"line":155,"column":0},"end":{"line":155,"column":35}},"26":{"start":{"line":156,"column":0},"end":{"line":156,"column":34}},"27":{"start":{"line":157,"column":0},"end":{"line":157,"column":32}},"28":{"start":{"line":158,"column":0},"end":{"line":158,"column":29}},"29":{"start":{"line":159,"column":0},"end":{"line":159,"column":35}},"30":{"start":{"line":160,"column":0},"end":{"line":160,"column":39}},"31":{"start":{"line":161,"column":0},"end":{"line":161,"column":39}},"32":{"start":{"line":162,"column":0},"end":{"line":162,"column":43}},"33":{"start":{"line":163,"column":0},"end":{"line":163,"column":45}},"34":{"start":{"line":164,"column":0},"end":{"line":164,"column":28}},"35":{"start":{"line":165,"column":0},"end":{"line":165,"column":27}},"36":{"start":{"line":166,"column":0},"end":{"line":166,"column":35}},"37":{"start":{"line":167,"column":0},"end":{"line":167,"column":35}},"38":{"start":{"line":168,"column":0},"end":{"line":168,"column":31}},"39":{"start":{"line":169,"column":0},"end":{"line":169,"column":31}},"40":{"start":{"line":171,"column":33},"end":{"line":175,"column":1}},"41":{"start":{"line":172,"column":2},"end":{"line":172,"column":23}},"42":{"start":{"line":172,"column":13},"end":{"line":172,"column":23}},"43":{"start":{"line":173,"column":14},"end":{"line":173,"column":59}},"44":{"start":{"line":174,"column":2},"end":{"line":174,"column":28}},"45":{"start":{"line":177,"column":38},"end":{"line":184,"column":1}},"46":{"start":{"line":180,"column":2},"end":{"line":180,"column":25}},"47":{"start":{"line":180,"column":13},"end":{"line":180,"column":25}},"48":{"start":{"line":181,"column":20},"end":{"line":181,"column":43}},"49":{"start":{"line":182,"column":15},"end":{"line":182,"column":58}},"50":{"start":{"line":182,"column":38},"end":{"line":182,"column":57}},"51":{"start":{"line":183,"column":2},"end":{"line":183,"column":33}},"52":{"start":{"line":186,"column":33},"end":{"line":191,"column":1}},"53":{"start":{"line":189,"column":2},"end":{"line":189,"column":25}},"54":{"start":{"line":189,"column":13},"end":{"line":189,"column":25}},"55":{"start":{"line":190,"column":2},"end":{"line":190,"column":68}},"56":{"start":{"line":193,"column":28},"end":{"line":201,"column":1}},"57":{"start":{"line":197,"column":2},"end":{"line":197,"column":23}},"58":{"start":{"line":197,"column":13},"end":{"line":197,"column":23}},"59":{"start":{"line":198,"column":20},"end":{"line":198,"column":43}},"60":{"start":{"line":199,"column":15},"end":{"line":199,"column":58}},"61":{"start":{"line":199,"column":38},"end":{"line":199,"column":57}},"62":{"start":{"line":200,"column":2},"end":{"line":200,"column":40}},"63":{"start":{"line":203,"column":32},"end":{"line":232,"column":1}},"64":{"start":{"line":207,"column":14},"end":{"line":207,"column":69}},"65":{"start":{"line":208,"column":2},"end":{"line":231,"column":3}},"66":{"start":{"line":210,"column":6},"end":{"line":210,"column":35}},"67":{"start":{"line":212,"column":6},"end":{"line":212,"column":36}},"68":{"start":{"line":214,"column":6},"end":{"line":214,"column":36}},"69":{"start":{"line":216,"column":6},"end":{"line":216,"column":33}},"70":{"start":{"line":218,"column":6},"end":{"line":218,"column":36}},"71":{"start":{"line":220,"column":6},"end":{"line":220,"column":38}},"72":{"start":{"line":222,"column":6},"end":{"line":222,"column":41}},"73":{"start":{"line":224,"column":6},"end":{"line":224,"column":32}},"74":{"start":{"line":226,"column":6},"end":{"line":226,"column":36}},"75":{"start":{"line":228,"column":6},"end":{"line":228,"column":34}},"76":{"start":{"line":230,"column":6},"end":{"line":230,"column":42}},"77":{"start":{"line":234,"column":30},"end":{"line":243,"column":1}},"78":{"start":{"line":235,"column":20},"end":{"line":235,"column":43}},"79":{"start":{"line":236,"column":18},"end":{"line":236,"column":20}},"80":{"start":{"line":237,"column":2},"end":{"line":241,"column":5}},"81":{"start":{"line":238,"column":4},"end":{"line":240,"column":5}},"82":{"start":{"line":239,"column":6},"end":{"line":239,"column":26}},"83":{"start":{"line":242,"column":2},"end":{"line":242,"column":54}}},"fnMap":{"0":{"name":"(anonymous_0)","decl":{"start":{"line":111,"column":17},"end":{"line":111,"column":18}},"loc":{"start":{"line":111,"column":49},"end":{"line":113,"column":1}},"line":111},"1":{"name":"(anonymous_1)","decl":{"start":{"line":115,"column":21},"end":{"line":115,"column":22}},"loc":{"start":{"line":115,"column":58},"end":{"line":117,"column":1}},"line":115},"2":{"name":"(anonymous_2)","decl":{"start":{"line":136,"column":19},"end":{"line":136,"column":20}},"loc":{"start":{"line":136,"column":29},"end":{"line":145,"column":1}},"line":136},"3":{"name":"(anonymous_3)","decl":{"start":{"line":139,"column":25},"end":{"line":139,"column":26}},"loc":{"start":{"line":139,"column":36},"end":{"line":139,"column":61}},"line":139},"4":{"name":"(anonymous_4)","decl":{"start":{"line":143,"column":19},"end":{"line":143,"column":20}},"loc":{"start":{"line":143,"column":30},"end":{"line":143,"column":55}},"line":143},"5":{"name":"(anonymous_5)","decl":{"start":{"line":171,"column":33},"end":{"line":171,"column":34}},"loc":{"start":{"line":171,"column":67},"end":{"line":175,"column":1}},"line":171},"6":{"name":"(anonymous_6)","decl":{"start":{"line":177,"column":38},"end":{"line":177,"column":39}},"loc":{"start":{"line":179,"column":25},"end":{"line":184,"column":1}},"line":179},"7":{"name":"(anonymous_7)","decl":{"start":{"line":182,"column":31},"end":{"line":182,"column":32}},"loc":{"start":{"line":182,"column":38},"end":{"line":182,"column":57}},"line":182},"8":{"name":"(anonymous_8)","decl":{"start":{"line":186,"column":33},"end":{"line":186,"column":34}},"loc":{"start":{"line":188,"column":25},"end":{"line":191,"column":1}},"line":188},"9":{"name":"(anonymous_9)","decl":{"start":{"line":193,"column":28},"end":{"line":193,"column":29}},"loc":{"start":{"line":196,"column":13},"end":{"line":201,"column":1}},"line":196},"10":{"name":"(anonymous_10)","decl":{"start":{"line":199,"column":31},"end":{"line":199,"column":32}},"loc":{"start":{"line":199,"column":38},"end":{"line":199,"column":57}},"line":199},"11":{"name":"(anonymous_11)","decl":{"start":{"line":203,"column":32},"end":{"line":203,"column":33}},"loc":{"start":{"line":206,"column":13},"end":{"line":232,"column":1}},"line":206},"12":{"name":"(anonymous_12)","decl":{"start":{"line":234,"column":30},"end":{"line":234,"column":31}},"loc":{"start":{"line":234,"column":58},"end":{"line":243,"column":1}},"line":234},"13":{"name":"(anonymous_13)","decl":{"start":{"line":237,"column":25},"end":{"line":237,"column":26}},"loc":{"start":{"line":237,"column":43},"end":{"line":241,"column":3}},"line":237}},"branchMap":{"0":{"loc":{"start":{"line":138,"column":2},"end":{"line":140,"column":3}},"type":"if","locations":[{"start":{"line":138,"column":2},"end":{"line":140,"column":3}},{"start":{},"end":{}}],"line":138},"1":{"loc":{"start":{"line":142,"column":2},"end":{"line":144,"column":3}},"type":"if","locations":[{"start":{"line":142,"column":2},"end":{"line":144,"column":3}},{"start":{},"end":{}}],"line":142},"2":{"loc":{"start":{"line":172,"column":2},"end":{"line":172,"column":23}},"type":"if","locations":[{"start":{"line":172,"column":2},"end":{"line":172,"column":23}},{"start":{},"end":{}}],"line":172},"3":{"loc":{"start":{"line":174,"column":9},"end":{"line":174,"column":27}},"type":"binary-expr","locations":[{"start":{"line":174,"column":9},"end":{"line":174,"column":12}},{"start":{"line":174,"column":16},"end":{"line":174,"column":27}}],"line":174},"4":{"loc":{"start":{"line":180,"column":2},"end":{"line":180,"column":25}},"type":"if","locations":[{"start":{"line":180,"column":2},"end":{"line":180,"column":25}},{"start":{},"end":{}}],"line":180},"5":{"loc":{"start":{"line":183,"column":9},"end":{"line":183,"column":32}},"type":"cond-expr","locations":[{"start":{"line":183,"column":16},"end":{"line":183,"column":25}},{"start":{"line":183,"column":28},"end":{"line":183,"column":32}}],"line":183},"6":{"loc":{"start":{"line":189,"column":2},"end":{"line":189,"column":25}},"type":"if","locations":[{"start":{"line":189,"column":2},"end":{"line":189,"column":25}},{"start":{},"end":{}}],"line":189},"7":{"loc":{"start":{"line":190,"column":9},"end":{"line":190,"column":67}},"type":"binary-expr","locations":[{"start":{"line":190,"column":9},"end":{"line":190,"column":59}},{"start":{"line":190,"column":63},"end":{"line":190,"column":67}}],"line":190},"8":{"loc":{"start":{"line":197,"column":2},"end":{"line":197,"column":23}},"type":"if","locations":[{"start":{"line":197,"column":2},"end":{"line":197,"column":23}},{"start":{},"end":{}}],"line":197},"9":{"loc":{"start":{"line":200,"column":9},"end":{"line":200,"column":39}},"type":"cond-expr","locations":[{"start":{"line":200,"column":16},"end":{"line":200,"column":32}},{"start":{"line":200,"column":35},"end":{"line":200,"column":39}}],"line":200},"10":{"loc":{"start":{"line":207,"column":14},"end":{"line":207,"column":69}},"type":"binary-expr","locations":[{"start":{"line":207,"column":14},"end":{"line":207,"column":37}},{"start":{"line":207,"column":42},"end":{"line":207,"column":68}}],"line":207},"11":{"loc":{"start":{"line":208,"column":2},"end":{"line":231,"column":3}},"type":"switch","locations":[{"start":{"line":209,"column":4},"end":{"line":210,"column":35}},{"start":{"line":211,"column":4},"end":{"line":212,"column":36}},{"start":{"line":213,"column":4},"end":{"line":214,"column":36}},{"start":{"line":215,"column":4},"end":{"line":216,"column":33}},{"start":{"line":217,"column":4},"end":{"line":218,"column":36}},{"start":{"line":219,"column":4},"end":{"line":220,"column":38}},{"start":{"line":221,"column":4},"end":{"line":222,"column":41}},{"start":{"line":223,"column":4},"end":{"line":224,"column":32}},{"start":{"line":225,"column":4},"end":{"line":226,"column":36}},{"start":{"line":227,"column":4},"end":{"line":228,"column":34}},{"start":{"line":229,"column":4},"end":{"line":230,"column":42}}],"line":208},"12":{"loc":{"start":{"line":230,"column":13},"end":{"line":230,"column":41}},"type":"binary-expr","locations":[{"start":{"line":230,"column":13},"end":{"line":230,"column":17}},{"start":{"line":230,"column":21},"end":{"line":230,"column":41}}],"line":230},"13":{"loc":{"start":{"line":238,"column":4},"end":{"line":240,"column":5}},"type":"if","locations":[{"start":{"line":238,"column":4},"end":{"line":240,"column":5}},{"start":{},"end":{}}],"line":238}},"s":{"0":1,"1":1,"2":1,"3":1,"4":1,"5":72,"6":1,"7":22,"8":1,"9":1,"10":50,"11":50,"12":1,"13":1,"14":50,"15":50,"16":13,"17":21,"18":1,"19":1,"20":1,"21":1,"22":1,"23":1,"24":1,"25":1,"26":1,"27":1,"28":1,"29":1,"30":1,"31":1,"32":1,"33":1,"34":1,"35":1,"36":1,"37":1,"38":1,"39":1,"40":1,"41":12,"42":1,"43":11,"44":11,"45":1,"46":5,"47":1,"48":4,"49":4,"50":111,"51":4,"52":1,"53":16,"54":2,"55":14,"56":1,"57":3,"58":1,"59":2,"60":2,"61":54,"62":2,"63":1,"64":12,"65":12,"66":1,"67":1,"68":1,"69":1,"70":1,"71":1,"72":1,"73":1,"74":1,"75":1,"76":2,"77":1,"78":1,"79":1,"80":1,"81":71,"82":3,"83":1},"f":{"0":72,"1":22,"2":50,"3":1,"4":21,"5":12,"6":5,"7":111,"8":16,"9":3,"10":54,"11":12,"12":1,"13":71},"b":{"0":[1,49],"1":[13,37],"2":[1,11],"3":[11,2],"4":[1,4],"5":[3,1],"6":[2,14],"7":[14,1],"8":[1,2],"9":[1,1],"10":[12,2],"11":[1,1,1,1,1,1,1,1,1,1,2],"12":[2,1],"13":[3,68]},"_coverageSchema":"1a1c01bbd47fc00a2c39e90264f33305004495a9","hash":"4aad5382d297aae97a55c1213d7eeb5aa94e195e"}
,"/Users/anissaevrard/Documents/Projets/ReptiTrack/my-app/src/shared/data/queryClient.ts": {"path":"/Users/anissaevrard/Documents/Projets/ReptiTrack/my-app/src/shared/data/queryClient.ts","statementMap":{"0":{"start":{"line":3,"column":20},"end":{"line":15,"column":2}}},"fnMap":{},"branchMap":{},"s":{"0":1},"f":{},"b":{},"_coverageSchema":"1a1c01bbd47fc00a2c39e90264f33305004495a9","hash":"03f8416ee76e74eddce34a82973031f0231abb46"}
,"/Users/anissaevrard/Documents/Projets/ReptiTrack/my-app/src/shared/local/measurementsStore.ts": {"path":"/Users/anissaevrard/Documents/Projets/ReptiTrack/my-app/src/shared/local/measurementsStore.ts","statementMap":{"0":{"start":{"line":14,"column":15},"end":{"line":14,"column":59}},"1":{"start":{"line":14,"column":48},"end":{"line":14,"column":58}},"2":{"start":{"line":16,"column":31},"end":{"line":26,"column":1}},"3":{"start":{"line":20,"column":38},"end":{"line":20,"column":45}},"4":{"start":{"line":21,"column":15},"end":{"line":24,"column":3}},"5":{"start":{"line":25,"column":2},"end":{"line":25,"column":26}},"6":{"start":{"line":28,"column":30},"end":{"line":47,"column":1}},"7":{"start":{"line":31,"column":13},"end":{"line":31,"column":67}},"8":{"start":{"line":32,"column":2},"end":{"line":44,"column":4}},"9":{"start":{"line":45,"column":15},"end":{"line":45,"column":78}},"10":{"start":{"line":46,"column":2},"end":{"line":46,"column":25}}},"fnMap":{"0":{"name":"(anonymous_0)","decl":{"start":{"line":14,"column":15},"end":{"line":14,"column":16}},"loc":{"start":{"line":14,"column":48},"end":{"line":14,"column":58}},"line":14},"1":{"name":"(anonymous_1)","decl":{"start":{"line":16,"column":31},"end":{"line":16,"column":32}},"loc":{"start":{"line":19,"column":34},"end":{"line":26,"column":1}},"line":19},"2":{"name":"(anonymous_2)","decl":{"start":{"line":28,"column":30},"end":{"line":28,"column":31}},"loc":{"start":{"line":30,"column":32},"end":{"line":47,"column":1}},"line":30}},"branchMap":{"0":{"loc":{"start":{"line":18,"column":2},"end":{"line":18,"column":50}},"type":"default-arg","locations":[{"start":{"line":18,"column":25},"end":{"line":18,"column":50}}],"line":18},"1":{"loc":{"start":{"line":20,"column":10},"end":{"line":20,"column":21}},"type":"default-arg","locations":[{"start":{"line":20,"column":18},"end":{"line":20,"column":21}}],"line":20},"2":{"loc":{"start":{"line":20,"column":23},"end":{"line":20,"column":33}},"type":"default-arg","locations":[{"start":{"line":20,"column":32},"end":{"line":20,"column":33}}],"line":20},"3":{"loc":{"start":{"line":39,"column":6},"end":{"line":39,"column":26}},"type":"binary-expr","locations":[{"start":{"line":39,"column":6},"end":{"line":39,"column":18}},{"start":{"line":39,"column":22},"end":{"line":39,"column":26}}],"line":39},"4":{"loc":{"start":{"line":40,"column":6},"end":{"line":40,"column":24}},"type":"binary-expr","locations":[{"start":{"line":40,"column":6},"end":{"line":40,"column":16}},{"start":{"line":40,"column":20},"end":{"line":40,"column":24}}],"line":40},"5":{"loc":{"start":{"line":41,"column":6},"end":{"line":41,"column":31}},"type":"binary-expr","locations":[{"start":{"line":41,"column":6},"end":{"line":41,"column":23}},{"start":{"line":41,"column":27},"end":{"line":41,"column":31}}],"line":41},"6":{"loc":{"start":{"line":42,"column":6},"end":{"line":42,"column":33}},"type":"binary-expr","locations":[{"start":{"line":42,"column":6},"end":{"line":42,"column":25}},{"start":{"line":42,"column":29},"end":{"line":42,"column":33}}],"line":42}},"s":{"0":1,"1":3,"2":1,"3":3,"4":3,"5":3,"6":1,"7":2,"8":2,"9":2,"10":2},"f":{"0":3,"1":3,"2":2},"b":{"0":[1],"1":[1],"2":[1],"3":[2,1],"4":[2,1],"5":[2,1],"6":[2,1]},"_coverageSchema":"1a1c01bbd47fc00a2c39e90264f33305004495a9","hash":"4436c4fdf1d4dd5d09a42f107b8bddd9f154d6a1"}
,"/Users/anissaevrard/Documents/Projets/ReptiTrack/my-app/src/shared/local/reptileEventsStore.ts": {"path":"/Users/anissaevrard/Documents/Projets/ReptiTrack/my-app/src/shared/local/reptileEventsStore.ts","statementMap":{"0":{"start":{"line":25,"column":15},"end":{"line":25,"column":60}},"1":{"start":{"line":25,"column":49},"end":{"line":25,"column":59}},"2":{"start":{"line":27,"column":24},"end":{"line":31,"column":1}},"3":{"start":{"line":28,"column":2},"end":{"line":28,"column":77}},"4":{"start":{"line":28,"column":61},"end":{"line":28,"column":77}},"5":{"start":{"line":29,"column":14},"end":{"line":29,"column":27}},"6":{"start":{"line":30,"column":2},"end":{"line":30,"column":47}},"7":{"start":{"line":33,"column":22},"end":{"line":36,"column":1}},"8":{"start":{"line":34,"column":18},"end":{"line":34,"column":49}},"9":{"start":{"line":35,"column":2},"end":{"line":35,"column":41}},"10":{"start":{"line":38,"column":32},"end":{"line":47,"column":1}},"11":{"start":{"line":41,"column":39},"end":{"line":41,"column":46}},"12":{"start":{"line":42,"column":15},"end":{"line":45,"column":3}},"13":{"start":{"line":46,"column":2},"end":{"line":46,"column":26}},"14":{"start":{"line":49,"column":31},"end":{"line":56,"column":1}},"15":{"start":{"line":52,"column":15},"end":{"line":54,"column":4}},"16":{"start":{"line":55,"column":2},"end":{"line":55,"column":42}},"17":{"start":{"line":58,"column":34},"end":{"line":163,"column":1}},"18":{"start":{"line":62,"column":4},"end":{"line":62,"column":70}},"19":{"start":{"line":63,"column":19},"end":{"line":63,"column":49}},"20":{"start":{"line":65,"column":17},"end":{"line":65,"column":50}},"21":{"start":{"line":67,"column":4},"end":{"line":67,"column":51}},"22":{"start":{"line":69,"column":4},"end":{"line":69,"column":68}},"23":{"start":{"line":70,"column":21},"end":{"line":70,"column":59}},"24":{"start":{"line":71,"column":21},"end":{"line":71,"column":64}},"25":{"start":{"line":72,"column":16},"end":{"line":72,"column":49}},"26":{"start":{"line":74,"column":4},"end":{"line":74,"column":51}},"27":{"start":{"line":75,"column":30},"end":{"line":75,"column":76}},"28":{"start":{"line":76,"column":27},"end":{"line":76,"column":71}},"29":{"start":{"line":77,"column":21},"end":{"line":77,"column":53}},"30":{"start":{"line":78,"column":23},"end":{"line":78,"column":57}},"31":{"start":{"line":79,"column":28},"end":{"line":79,"column":67}},"32":{"start":{"line":80,"column":27},"end":{"line":80,"column":70}},"33":{"start":{"line":81,"column":19},"end":{"line":81,"column":61}},"34":{"start":{"line":82,"column":25},"end":{"line":82,"column":67}},"35":{"start":{"line":84,"column":2},"end":{"line":158,"column":3}},"36":{"start":{"line":85,"column":4},"end":{"line":120,"column":6}},"37":{"start":{"line":122,"column":4},"end":{"line":157,"column":6}},"38":{"start":{"line":160,"column":18},"end":{"line":160,"column":48}},"39":{"start":{"line":161,"column":2},"end":{"line":161,"column":58}},"40":{"start":{"line":161,"column":16},"end":{"line":161,"column":58}},"41":{"start":{"line":162,"column":2},"end":{"line":162,"column":17}},"42":{"start":{"line":165,"column":34},"end":{"line":167,"column":1}},"43":{"start":{"line":166,"column":2},"end":{"line":166,"column":62}},"44":{"start":{"line":169,"column":45},"end":{"line":190,"column":1}},"45":{"start":{"line":173,"column":2},"end":{"line":173,"column":20}},"46":{"start":{"line":173,"column":13},"end":{"line":173,"column":20}},"47":{"start":{"line":174,"column":19},"end":{"line":174,"column":44}},"48":{"start":{"line":175,"column":2},"end":{"line":175,"column":24}},"49":{"start":{"line":175,"column":17},"end":{"line":175,"column":24}},"50":{"start":{"line":176,"column":27},"end":{"line":184,"column":6}},"51":{"start":{"line":177,"column":4},"end":{"line":177,"column":44}},"52":{"start":{"line":177,"column":34},"end":{"line":177,"column":44}},"53":{"start":{"line":178,"column":4},"end":{"line":183,"column":5}},"54":{"start":{"line":179,"column":18},"end":{"line":179,"column":53}},"55":{"start":{"line":180,"column":6},"end":{"line":180,"column":43}},"56":{"start":{"line":182,"column":6},"end":{"line":182,"column":16}},"57":{"start":{"line":185,"column":2},"end":{"line":185,"column":48}},"58":{"start":{"line":185,"column":30},"end":{"line":185,"column":48}},"59":{"start":{"line":186,"column":2},"end":{"line":189,"column":4}}},"fnMap":{"0":{"name":"(anonymous_0)","decl":{"start":{"line":25,"column":15},"end":{"line":25,"column":16}},"loc":{"start":{"line":25,"column":49},"end":{"line":25,"column":59}},"line":25},"1":{"name":"(anonymous_1)","decl":{"start":{"line":27,"column":24},"end":{"line":27,"column":25}},"loc":{"start":{"line":27,"column":58},"end":{"line":31,"column":1}},"line":27},"2":{"name":"(anonymous_2)","decl":{"start":{"line":33,"column":22},"end":{"line":33,"column":23}},"loc":{"start":{"line":33,"column":49},"end":{"line":36,"column":1}},"line":33},"3":{"name":"(anonymous_3)","decl":{"start":{"line":38,"column":32},"end":{"line":38,"column":33}},"loc":{"start":{"line":40,"column":35},"end":{"line":47,"column":1}},"line":40},"4":{"name":"(anonymous_4)","decl":{"start":{"line":49,"column":31},"end":{"line":49,"column":32}},"loc":{"start":{"line":51,"column":40},"end":{"line":56,"column":1}},"line":51},"5":{"name":"(anonymous_5)","decl":{"start":{"line":58,"column":34},"end":{"line":58,"column":35}},"loc":{"start":{"line":60,"column":33},"end":{"line":163,"column":1}},"line":60},"6":{"name":"(anonymous_6)","decl":{"start":{"line":165,"column":34},"end":{"line":165,"column":35}},"loc":{"start":{"line":165,"column":71},"end":{"line":167,"column":1}},"line":165},"7":{"name":"(anonymous_7)","decl":{"start":{"line":169,"column":45},"end":{"line":169,"column":46}},"loc":{"start":{"line":172,"column":20},"end":{"line":190,"column":1}},"line":172},"8":{"name":"(anonymous_8)","decl":{"start":{"line":176,"column":28},"end":{"line":176,"column":29}},"loc":{"start":{"line":176,"column":34},"end":{"line":184,"column":3}},"line":176}},"branchMap":{"0":{"loc":{"start":{"line":28,"column":2},"end":{"line":28,"column":77}},"type":"if","locations":[{"start":{"line":28,"column":2},"end":{"line":28,"column":77}},{"start":{},"end":{}}],"line":28},"1":{"loc":{"start":{"line":28,"column":6},"end":{"line":28,"column":59}},"type":"binary-expr","locations":[{"start":{"line":28,"column":6},"end":{"line":28,"column":20}},{"start":{"line":28,"column":24},"end":{"line":28,"column":43}},{"start":{"line":28,"column":47},"end":{"line":28,"column":59}}],"line":28},"2":{"loc":{"start":{"line":30,"column":9},"end":{"line":30,"column":46}},"type":"cond-expr","locations":[{"start":{"line":30,"column":32},"end":{"line":30,"column":35}},{"start":{"line":30,"column":38},"end":{"line":30,"column":46}}],"line":30},"3":{"loc":{"start":{"line":34,"column":19},"end":{"line":34,"column":30}},"type":"binary-expr","locations":[{"start":{"line":34,"column":19},"end":{"line":34,"column":24}},{"start":{"line":34,"column":28},"end":{"line":34,"column":30}}],"line":34},"4":{"loc":{"start":{"line":35,"column":9},"end":{"line":35,"column":40}},"type":"cond-expr","locations":[{"start":{"line":35,"column":26},"end":{"line":35,"column":33}},{"start":{"line":35,"column":36},"end":{"line":35,"column":40}}],"line":35},"5":{"loc":{"start":{"line":39,"column":2},"end":{"line":39,"column":51}},"type":"default-arg","locations":[{"start":{"line":39,"column":25},"end":{"line":39,"column":51}}],"line":39},"6":{"loc":{"start":{"line":41,"column":10},"end":{"line":41,"column":22}},"type":"default-arg","locations":[{"start":{"line":41,"column":18},"end":{"line":41,"column":22}}],"line":41},"7":{"loc":{"start":{"line":41,"column":24},"end":{"line":41,"column":34}},"type":"default-arg","locations":[{"start":{"line":41,"column":33},"end":{"line":41,"column":34}}],"line":41},"8":{"loc":{"start":{"line":55,"column":9},"end":{"line":55,"column":41}},"type":"cond-expr","locations":[{"start":{"line":55,"column":19},"end":{"line":55,"column":34}},{"start":{"line":55,"column":37},"end":{"line":55,"column":41}}],"line":55},"9":{"loc":{"start":{"line":62,"column":4},"end":{"line":62,"column":70}},"type":"binary-expr","locations":[{"start":{"line":62,"column":4},"end":{"line":62,"column":12}},{"start":{"line":62,"column":16},"end":{"line":62,"column":70}}],"line":62},"10":{"loc":{"start":{"line":65,"column":23},"end":{"line":65,"column":37}},"type":"binary-expr","locations":[{"start":{"line":65,"column":23},"end":{"line":65,"column":31}},{"start":{"line":65,"column":35},"end":{"line":65,"column":37}}],"line":65},"11":{"loc":{"start":{"line":67,"column":4},"end":{"line":67,"column":51}},"type":"binary-expr","locations":[{"start":{"line":67,"column":4},"end":{"line":67,"column":36}},{"start":{"line":67,"column":40},"end":{"line":67,"column":51}}],"line":67},"12":{"loc":{"start":{"line":69,"column":4},"end":{"line":69,"column":68}},"type":"binary-expr","locations":[{"start":{"line":69,"column":4},"end":{"line":69,"column":36}},{"start":{"line":69,"column":40},"end":{"line":69,"column":68}}],"line":69},"13":{"loc":{"start":{"line":70,"column":21},"end":{"line":70,"column":59}},"type":"binary-expr","locations":[{"start":{"line":70,"column":21},"end":{"line":70,"column":53}},{"start":{"line":70,"column":57},"end":{"line":70,"column":59}}],"line":70},"14":{"loc":{"start":{"line":71,"column":21},"end":{"line":71,"column":64}},"type":"binary-expr","locations":[{"start":{"line":71,"column":21},"end":{"line":71,"column":53}},{"start":{"line":71,"column":57},"end":{"line":71,"column":64}}],"line":71},"15":{"loc":{"start":{"line":72,"column":16},"end":{"line":72,"column":49}},"type":"binary-expr","locations":[{"start":{"line":72,"column":16},"end":{"line":72,"column":43}},{"start":{"line":72,"column":47},"end":{"line":72,"column":49}}],"line":72},"16":{"loc":{"start":{"line":74,"column":4},"end":{"line":74,"column":51}},"type":"binary-expr","locations":[{"start":{"line":74,"column":4},"end":{"line":74,"column":41}},{"start":{"line":74,"column":45},"end":{"line":74,"column":51}}],"line":74},"17":{"loc":{"start":{"line":76,"column":27},"end":{"line":76,"column":71}},"type":"binary-expr","locations":[{"start":{"line":76,"column":27},"end":{"line":76,"column":65}},{"start":{"line":76,"column":69},"end":{"line":76,"column":71}}],"line":76},"18":{"loc":{"start":{"line":81,"column":19},"end":{"line":81,"column":61}},"type":"binary-expr","locations":[{"start":{"line":81,"column":19},"end":{"line":81,"column":49}},{"start":{"line":81,"column":53},"end":{"line":81,"column":61}}],"line":81},"19":{"loc":{"start":{"line":82,"column":25},"end":{"line":82,"column":67}},"type":"binary-expr","locations":[{"start":{"line":82,"column":25},"end":{"line":82,"column":61}},{"start":{"line":82,"column":65},"end":{"line":82,"column":67}}],"line":82},"20":{"loc":{"start":{"line":84,"column":2},"end":{"line":158,"column":3}},"type":"if","locations":[{"start":{"line":84,"column":2},"end":{"line":158,"column":3}},{"start":{"line":121,"column":9},"end":{"line":158,"column":3}}],"line":84},"21":{"loc":{"start":{"line":161,"column":2},"end":{"line":161,"column":58}},"type":"if","locations":[{"start":{"line":161,"column":2},"end":{"line":161,"column":58}},{"start":{},"end":{}}],"line":161},"22":{"loc":{"start":{"line":173,"column":2},"end":{"line":173,"column":20}},"type":"if","locations":[{"start":{"line":173,"column":2},"end":{"line":173,"column":20}},{"start":{},"end":{}}],"line":173},"23":{"loc":{"start":{"line":175,"column":2},"end":{"line":175,"column":24}},"type":"if","locations":[{"start":{"line":175,"column":2},"end":{"line":175,"column":24}},{"start":{},"end":{}}],"line":175},"24":{"loc":{"start":{"line":177,"column":4},"end":{"line":177,"column":44}},"type":"if","locations":[{"start":{"line":177,"column":4},"end":{"line":177,"column":44}},{"start":{},"end":{}}],"line":177},"25":{"loc":{"start":{"line":180,"column":13},"end":{"line":180,"column":42}},"type":"cond-expr","locations":[{"start":{"line":180,"column":34},"end":{"line":180,"column":37}},{"start":{"line":180,"column":40},"end":{"line":180,"column":42}}],"line":180},"26":{"loc":{"start":{"line":185,"column":2},"end":{"line":185,"column":48}},"type":"if","locations":[{"start":{"line":185,"column":2},"end":{"line":185,"column":48}},{"start":{},"end":{}}],"line":185}},"s":{"0":2,"1":27,"2":2,"3":30,"4":26,"5":4,"6":4,"7":2,"8":180,"9":180,"10":2,"11":4,"12":4,"13":4,"14":2,"15":40,"16":40,"17":2,"18":15,"19":15,"20":15,"21":15,"22":15,"23":15,"24":15,"25":15,"26":15,"27":15,"28":15,"29":15,"30":15,"31":15,"32":15,"33":15,"34":15,"35":15,"36":1,"37":14,"38":15,"39":15,"40":1,"41":14,"42":2,"43":1,"44":2,"45":6,"46":1,"47":5,"48":5,"49":1,"50":4,"51":4,"52":1,"53":3,"54":3,"55":2,"56":1,"57":4,"58":3,"59":4},"f":{"0":27,"1":30,"2":180,"3":4,"4":40,"5":15,"6":1,"7":6,"8":4},"b":{"0":[26,4],"1":[30,30,4],"2":[2,2],"3":[180,153],"4":[24,156],"5":[1],"6":[1],"7":[1],"8":[23,17],"9":[15,14],"10":[15,14],"11":[15,9],"12":[15,1],"13":[15,15],"14":[15,14],"15":[15,14],"16":[15,14],"17":[15,15],"18":[15,14],"19":[15,15],"20":[1,14],"21":[1,14],"22":[1,5],"23":[1,4],"24":[1,3],"25":[1,1],"26":[3,1]},"_coverageSchema":"1a1c01bbd47fc00a2c39e90264f33305004495a9","hash":"a639e34df8bf5faa364b1ee17e38896c8e999c05"}
,"/Users/anissaevrard/Documents/Projets/ReptiTrack/my-app/src/shared/local/reptileFeedingsStore.ts": {"path":"/Users/anissaevrard/Documents/Projets/ReptiTrack/my-app/src/shared/local/reptileFeedingsStore.ts","statementMap":{"0":{"start":{"line":15,"column":15},"end":{"line":15,"column":62}},"1":{"start":{"line":15,"column":51},"end":{"line":15,"column":61}},"2":{"start":{"line":17,"column":34},"end":{"line":27,"column":1}},"3":{"start":{"line":21,"column":37},"end":{"line":21,"column":44}},"4":{"start":{"line":22,"column":15},"end":{"line":25,"column":3}},"5":{"start":{"line":26,"column":2},"end":{"line":26,"column":26}},"6":{"start":{"line":29,"column":33},"end":{"line":48,"column":1}},"7":{"start":{"line":32,"column":13},"end":{"line":32,"column":67}},"8":{"start":{"line":33,"column":2},"end":{"line":45,"column":4}},"9":{"start":{"line":46,"column":15},"end":{"line":46,"column":72}},"10":{"start":{"line":47,"column":2},"end":{"line":47,"column":25}},"11":{"start":{"line":50,"column":36},"end":{"line":54,"column":1}},"12":{"start":{"line":53,"column":2},"end":{"line":53,"column":64}}},"fnMap":{"0":{"name":"(anonymous_0)","decl":{"start":{"line":15,"column":15},"end":{"line":15,"column":16}},"loc":{"start":{"line":15,"column":51},"end":{"line":15,"column":61}},"line":15},"1":{"name":"(anonymous_1)","decl":{"start":{"line":17,"column":34},"end":{"line":17,"column":35}},"loc":{"start":{"line":20,"column":37},"end":{"line":27,"column":1}},"line":20},"2":{"name":"(anonymous_2)","decl":{"start":{"line":29,"column":33},"end":{"line":29,"column":34}},"loc":{"start":{"line":31,"column":35},"end":{"line":48,"column":1}},"line":31},"3":{"name":"(anonymous_3)","decl":{"start":{"line":50,"column":36},"end":{"line":50,"column":37}},"loc":{"start":{"line":52,"column":20},"end":{"line":54,"column":1}},"line":52}},"branchMap":{"0":{"loc":{"start":{"line":19,"column":2},"end":{"line":19,"column":49}},"type":"default-arg","locations":[{"start":{"line":19,"column":25},"end":{"line":19,"column":49}}],"line":19},"1":{"loc":{"start":{"line":21,"column":10},"end":{"line":21,"column":20}},"type":"default-arg","locations":[{"start":{"line":21,"column":18},"end":{"line":21,"column":20}}],"line":21},"2":{"loc":{"start":{"line":21,"column":22},"end":{"line":21,"column":32}},"type":"default-arg","locations":[{"start":{"line":21,"column":31},"end":{"line":21,"column":32}}],"line":21},"3":{"loc":{"start":{"line":39,"column":6},"end":{"line":39,"column":29}},"type":"binary-expr","locations":[{"start":{"line":39,"column":6},"end":{"line":39,"column":21}},{"start":{"line":39,"column":25},"end":{"line":39,"column":29}}],"line":39},"4":{"loc":{"start":{"line":40,"column":6},"end":{"line":40,"column":28}},"type":"binary-expr","locations":[{"start":{"line":40,"column":6},"end":{"line":40,"column":20}},{"start":{"line":40,"column":24},"end":{"line":40,"column":28}}],"line":40},"5":{"loc":{"start":{"line":41,"column":6},"end":{"line":41,"column":24}},"type":"binary-expr","locations":[{"start":{"line":41,"column":6},"end":{"line":41,"column":16}},{"start":{"line":41,"column":20},"end":{"line":41,"column":24}}],"line":41},"6":{"loc":{"start":{"line":43,"column":6},"end":{"line":43,"column":25}},"type":"binary-expr","locations":[{"start":{"line":43,"column":6},"end":{"line":43,"column":17}},{"start":{"line":43,"column":21},"end":{"line":43,"column":25}}],"line":43}},"s":{"0":1,"1":9,"2":1,"3":4,"4":4,"5":4,"6":1,"7":6,"8":6,"9":6,"10":6,"11":1,"12":1},"f":{"0":9,"1":4,"2":6,"3":1},"b":{"0":[1],"1":[1],"2":[1],"3":[6,1],"4":[6,1],"5":[6,1],"6":[6,5]},"_coverageSchema":"1a1c01bbd47fc00a2c39e90264f33305004495a9","hash":"3eff72ca73b244c09ca01c4acefb2f5d08bfe38f"}
,"/Users/anissaevrard/Documents/Projets/ReptiTrack/my-app/src/shared/local/reptileGeneticsStore.ts": {"path":"/Users/anissaevrard/Documents/Projets/ReptiTrack/my-app/src/shared/local/reptileGeneticsStore.ts","statementMap":{"0":{"start":{"line":20,"column":15},"end":{"line":20,"column":63}},"1":{"start":{"line":20,"column":52},"end":{"line":20,"column":62}},"2":{"start":{"line":22,"column":34},"end":{"line":30,"column":1}},"3":{"start":{"line":25,"column":15},"end":{"line":28,"column":3}},"4":{"start":{"line":29,"column":2},"end":{"line":29,"column":42}},"5":{"start":{"line":32,"column":37},"end":{"line":91,"column":1}},"6":{"start":{"line":35,"column":19},"end":{"line":35,"column":61}},"7":{"start":{"line":37,"column":4},"end":{"line":37,"column":86}},"8":{"start":{"line":38,"column":2},"end":{"line":87,"column":3}},"9":{"start":{"line":39,"column":4},"end":{"line":66,"column":6}},"10":{"start":{"line":68,"column":4},"end":{"line":86,"column":6}},"11":{"start":{"line":88,"column":14},"end":{"line":88,"column":56}},"12":{"start":{"line":89,"column":2},"end":{"line":89,"column":55}},"13":{"start":{"line":89,"column":12},"end":{"line":89,"column":55}},"14":{"start":{"line":90,"column":2},"end":{"line":90,"column":13}}},"fnMap":{"0":{"name":"(anonymous_0)","decl":{"start":{"line":20,"column":15},"end":{"line":20,"column":16}},"loc":{"start":{"line":20,"column":52},"end":{"line":20,"column":62}},"line":20},"1":{"name":"(anonymous_1)","decl":{"start":{"line":22,"column":34},"end":{"line":22,"column":35}},"loc":{"start":{"line":24,"column":43},"end":{"line":30,"column":1}},"line":24},"2":{"name":"(anonymous_2)","decl":{"start":{"line":32,"column":37},"end":{"line":32,"column":38}},"loc":{"start":{"line":34,"column":36},"end":{"line":91,"column":1}},"line":34}},"branchMap":{"0":{"loc":{"start":{"line":29,"column":9},"end":{"line":29,"column":41}},"type":"cond-expr","locations":[{"start":{"line":29,"column":19},"end":{"line":29,"column":34}},{"start":{"line":29,"column":37},"end":{"line":29,"column":41}}],"line":29},"1":{"loc":{"start":{"line":37,"column":4},"end":{"line":37,"column":86}},"type":"binary-expr","locations":[{"start":{"line":37,"column":4},"end":{"line":37,"column":12}},{"start":{"line":37,"column":16},"end":{"line":37,"column":28}},{"start":{"line":37,"column":32},"end":{"line":37,"column":86}}],"line":37},"2":{"loc":{"start":{"line":38,"column":2},"end":{"line":87,"column":3}},"type":"if","locations":[{"start":{"line":38,"column":2},"end":{"line":87,"column":3}},{"start":{"line":67,"column":9},"end":{"line":87,"column":3}}],"line":38},"3":{"loc":{"start":{"line":54,"column":8},"end":{"line":54,"column":43}},"type":"binary-expr","locations":[{"start":{"line":54,"column":8},"end":{"line":54,"column":19}},{"start":{"line":54,"column":23},"end":{"line":54,"column":37}},{"start":{"line":54,"column":41},"end":{"line":54,"column":43}}],"line":54},"4":{"loc":{"start":{"line":55,"column":8},"end":{"line":55,"column":51}},"type":"binary-expr","locations":[{"start":{"line":55,"column":8},"end":{"line":55,"column":23}},{"start":{"line":55,"column":27},"end":{"line":55,"column":45}},{"start":{"line":55,"column":49},"end":{"line":55,"column":51}}],"line":55},"5":{"loc":{"start":{"line":56,"column":8},"end":{"line":56,"column":41}},"type":"binary-expr","locations":[{"start":{"line":56,"column":8},"end":{"line":56,"column":18}},{"start":{"line":56,"column":22},"end":{"line":56,"column":35}},{"start":{"line":56,"column":39},"end":{"line":56,"column":41}}],"line":56},"6":{"loc":{"start":{"line":57,"column":8},"end":{"line":57,"column":45}},"type":"binary-expr","locations":[{"start":{"line":57,"column":8},"end":{"line":57,"column":20}},{"start":{"line":57,"column":24},"end":{"line":57,"column":39}},{"start":{"line":57,"column":43},"end":{"line":57,"column":45}}],"line":57},"7":{"loc":{"start":{"line":58,"column":8},"end":{"line":58,"column":47}},"type":"binary-expr","locations":[{"start":{"line":58,"column":8},"end":{"line":58,"column":21}},{"start":{"line":58,"column":25},"end":{"line":58,"column":41}},{"start":{"line":58,"column":45},"end":{"line":58,"column":47}}],"line":58},"8":{"loc":{"start":{"line":59,"column":8},"end":{"line":59,"column":47}},"type":"binary-expr","locations":[{"start":{"line":59,"column":8},"end":{"line":59,"column":21}},{"start":{"line":59,"column":25},"end":{"line":59,"column":41}},{"start":{"line":59,"column":45},"end":{"line":59,"column":47}}],"line":59},"9":{"loc":{"start":{"line":60,"column":8},"end":{"line":60,"column":53}},"type":"binary-expr","locations":[{"start":{"line":60,"column":8},"end":{"line":60,"column":24}},{"start":{"line":60,"column":28},"end":{"line":60,"column":47}},{"start":{"line":60,"column":51},"end":{"line":60,"column":53}}],"line":60},"10":{"loc":{"start":{"line":61,"column":8},"end":{"line":61,"column":51}},"type":"binary-expr","locations":[{"start":{"line":61,"column":8},"end":{"line":61,"column":23}},{"start":{"line":61,"column":27},"end":{"line":61,"column":45}},{"start":{"line":61,"column":49},"end":{"line":61,"column":51}}],"line":61},"11":{"loc":{"start":{"line":62,"column":8},"end":{"line":62,"column":49}},"type":"binary-expr","locations":[{"start":{"line":62,"column":8},"end":{"line":62,"column":22}},{"start":{"line":62,"column":26},"end":{"line":62,"column":43}},{"start":{"line":62,"column":47},"end":{"line":62,"column":49}}],"line":62},"12":{"loc":{"start":{"line":63,"column":8},"end":{"line":63,"column":43}},"type":"binary-expr","locations":[{"start":{"line":63,"column":8},"end":{"line":63,"column":19}},{"start":{"line":63,"column":23},"end":{"line":63,"column":37}},{"start":{"line":63,"column":41},"end":{"line":63,"column":43}}],"line":63},"13":{"loc":{"start":{"line":75,"column":8},"end":{"line":75,"column":25}},"type":"binary-expr","locations":[{"start":{"line":75,"column":8},"end":{"line":75,"column":19}},{"start":{"line":75,"column":23},"end":{"line":75,"column":25}}],"line":75},"14":{"loc":{"start":{"line":76,"column":8},"end":{"line":76,"column":29}},"type":"binary-expr","locations":[{"start":{"line":76,"column":8},"end":{"line":76,"column":23}},{"start":{"line":76,"column":27},"end":{"line":76,"column":29}}],"line":76},"15":{"loc":{"start":{"line":77,"column":8},"end":{"line":77,"column":24}},"type":"binary-expr","locations":[{"start":{"line":77,"column":8},"end":{"line":77,"column":18}},{"start":{"line":77,"column":22},"end":{"line":77,"column":24}}],"line":77},"16":{"loc":{"start":{"line":78,"column":8},"end":{"line":78,"column":26}},"type":"binary-expr","locations":[{"start":{"line":78,"column":8},"end":{"line":78,"column":20}},{"start":{"line":78,"column":24},"end":{"line":78,"column":26}}],"line":78},"17":{"loc":{"start":{"line":79,"column":8},"end":{"line":79,"column":27}},"type":"binary-expr","locations":[{"start":{"line":79,"column":8},"end":{"line":79,"column":21}},{"start":{"line":79,"column":25},"end":{"line":79,"column":27}}],"line":79},"18":{"loc":{"start":{"line":80,"column":8},"end":{"line":80,"column":27}},"type":"binary-expr","locations":[{"start":{"line":80,"column":8},"end":{"line":80,"column":21}},{"start":{"line":80,"column":25},"end":{"line":80,"column":27}}],"line":80},"19":{"loc":{"start":{"line":81,"column":8},"end":{"line":81,"column":30}},"type":"binary-expr","locations":[{"start":{"line":81,"column":8},"end":{"line":81,"column":24}},{"start":{"line":81,"column":28},"end":{"line":81,"column":30}}],"line":81},"20":{"loc":{"start":{"line":82,"column":8},"end":{"line":82,"column":29}},"type":"binary-expr","locations":[{"start":{"line":82,"column":8},"end":{"line":82,"column":23}},{"start":{"line":82,"column":27},"end":{"line":82,"column":29}}],"line":82},"21":{"loc":{"start":{"line":83,"column":8},"end":{"line":83,"column":28}},"type":"binary-expr","locations":[{"start":{"line":83,"column":8},"end":{"line":83,"column":22}},{"start":{"line":83,"column":26},"end":{"line":83,"column":28}}],"line":83},"22":{"loc":{"start":{"line":84,"column":8},"end":{"line":84,"column":25}},"type":"binary-expr","locations":[{"start":{"line":84,"column":8},"end":{"line":84,"column":19}},{"start":{"line":84,"column":23},"end":{"line":84,"column":25}}],"line":84},"23":{"loc":{"start":{"line":89,"column":2},"end":{"line":89,"column":55}},"type":"if","locations":[{"start":{"line":89,"column":2},"end":{"line":89,"column":55}},{"start":{},"end":{}}],"line":89}},"s":{"0":1,"1":8,"2":1,"3":13,"4":13,"5":1,"6":6,"7":6,"8":6,"9":3,"10":3,"11":6,"12":6,"13":1,"14":5},"f":{"0":8,"1":13,"2":6},"b":{"0":[8,5],"1":[6,5,2],"2":[3,3],"3":[3,2,1],"4":[3,3,3],"5":[3,3,3],"6":[3,3,3],"7":[3,3,3],"8":[3,3,3],"9":[3,3,3],"10":[3,3,3],"11":[3,3,3],"12":[3,3,3],"13":[3,2],"14":[3,3],"15":[3,3],"16":[3,3],"17":[3,3],"18":[3,3],"19":[3,3],"20":[3,3],"21":[3,3],"22":[3,3],"23":[1,5]},"_coverageSchema":"1a1c01bbd47fc00a2c39e90264f33305004495a9","hash":"f2b3400a0778941f33f84cd758cc95c8e49e2415"}
,"/Users/anissaevrard/Documents/Projets/ReptiTrack/my-app/src/shared/local/reptileHealthStore.ts": {"path":"/Users/anissaevrard/Documents/Projets/ReptiTrack/my-app/src/shared/local/reptileHealthStore.ts","statementMap":{"0":{"start":{"line":14,"column":15},"end":{"line":14,"column":66}},"1":{"start":{"line":14,"column":55},"end":{"line":14,"column":65}},"2":{"start":{"line":16,"column":38},"end":{"line":29,"column":1}},"3":{"start":{"line":20,"column":37},"end":{"line":20,"column":44}},"4":{"start":{"line":21,"column":15},"end":{"line":27,"column":3}},"5":{"start":{"line":28,"column":2},"end":{"line":28,"column":26}},"6":{"start":{"line":31,"column":37},"end":{"line":49,"column":1}},"7":{"start":{"line":34,"column":13},"end":{"line":34,"column":67}},"8":{"start":{"line":35,"column":2},"end":{"line":46,"column":4}},"9":{"start":{"line":47,"column":15},"end":{"line":47,"column":79}},"10":{"start":{"line":48,"column":2},"end":{"line":48,"column":25}},"11":{"start":{"line":51,"column":40},"end":{"line":53,"column":1}},"12":{"start":{"line":52,"column":2},"end":{"line":52,"column":69}}},"fnMap":{"0":{"name":"(anonymous_0)","decl":{"start":{"line":14,"column":15},"end":{"line":14,"column":16}},"loc":{"start":{"line":14,"column":55},"end":{"line":14,"column":65}},"line":14},"1":{"name":"(anonymous_1)","decl":{"start":{"line":16,"column":38},"end":{"line":16,"column":39}},"loc":{"start":{"line":19,"column":41},"end":{"line":29,"column":1}},"line":19},"2":{"name":"(anonymous_2)","decl":{"start":{"line":31,"column":37},"end":{"line":31,"column":38}},"loc":{"start":{"line":33,"column":39},"end":{"line":49,"column":1}},"line":33},"3":{"name":"(anonymous_3)","decl":{"start":{"line":51,"column":40},"end":{"line":51,"column":41}},"loc":{"start":{"line":51,"column":77},"end":{"line":53,"column":1}},"line":51}},"branchMap":{"0":{"loc":{"start":{"line":18,"column":2},"end":{"line":18,"column":49}},"type":"default-arg","locations":[{"start":{"line":18,"column":25},"end":{"line":18,"column":49}}],"line":18},"1":{"loc":{"start":{"line":20,"column":10},"end":{"line":20,"column":20}},"type":"default-arg","locations":[{"start":{"line":20,"column":18},"end":{"line":20,"column":20}}],"line":20},"2":{"loc":{"start":{"line":20,"column":22},"end":{"line":20,"column":32}},"type":"default-arg","locations":[{"start":{"line":20,"column":31},"end":{"line":20,"column":32}}],"line":20},"3":{"loc":{"start":{"line":43,"column":6},"end":{"line":43,"column":30}},"type":"binary-expr","locations":[{"start":{"line":43,"column":6},"end":{"line":43,"column":22}},{"start":{"line":43,"column":26},"end":{"line":43,"column":30}}],"line":43},"4":{"loc":{"start":{"line":44,"column":6},"end":{"line":44,"column":25}},"type":"binary-expr","locations":[{"start":{"line":44,"column":6},"end":{"line":44,"column":17}},{"start":{"line":44,"column":21},"end":{"line":44,"column":25}}],"line":44}},"s":{"0":1,"1":8,"2":1,"3":3,"4":3,"5":3,"6":1,"7":6,"8":6,"9":6,"10":6,"11":1,"12":1},"f":{"0":8,"1":3,"2":6,"3":1},"b":{"0":[1],"1":[1],"2":[1],"3":[6,3],"4":[6,5]},"_coverageSchema":"1a1c01bbd47fc00a2c39e90264f33305004495a9","hash":"f72846a7c83198033daca48d64d72494552ae7da"}
,"/Users/anissaevrard/Documents/Projets/ReptiTrack/my-app/src/shared/local/reptilePhotosStore.ts": {"path":"/Users/anissaevrard/Documents/Projets/ReptiTrack/my-app/src/shared/local/reptilePhotosStore.ts","statementMap":{"0":{"start":{"line":11,"column":15},"end":{"line":16,"column":2}},"1":{"start":{"line":11,"column":49},"end":{"line":16,"column":1}},"2":{"start":{"line":18,"column":18},"end":{"line":25,"column":1}},"3":{"start":{"line":19,"column":14},"end":{"line":19,"column":65}},"4":{"start":{"line":20,"column":15},"end":{"line":20,"column":49}},"5":{"start":{"line":21,"column":2},"end":{"line":23,"column":3}},"6":{"start":{"line":22,"column":4},"end":{"line":22,"column":70}},"7":{"start":{"line":24,"column":2},"end":{"line":24,"column":13}},"8":{"start":{"line":27,"column":32},"end":{"line":35,"column":1}},"9":{"start":{"line":30,"column":15},"end":{"line":33,"column":3}},"10":{"start":{"line":34,"column":2},"end":{"line":34,"column":26}},"11":{"start":{"line":37,"column":38},"end":{"line":58,"column":1}},"12":{"start":{"line":41,"column":13},"end":{"line":41,"column":67}},"13":{"start":{"line":42,"column":18},"end":{"line":42,"column":27}},"14":{"start":{"line":43,"column":2},"end":{"line":51,"column":3}},"15":{"start":{"line":44,"column":16},"end":{"line":44,"column":33}},"16":{"start":{"line":45,"column":16},"end":{"line":45,"column":51}},"17":{"start":{"line":46,"column":17},"end":{"line":46,"column":37}},"18":{"start":{"line":47,"column":4},"end":{"line":47,"column":62}},"19":{"start":{"line":48,"column":4},"end":{"line":48,"column":21}},"20":{"start":{"line":52,"column":2},"end":{"line":55,"column":4}},"21":{"start":{"line":56,"column":15},"end":{"line":56,"column":72}},"22":{"start":{"line":57,"column":2},"end":{"line":57,"column":25}},"23":{"start":{"line":60,"column":41},"end":{"line":78,"column":1}},"24":{"start":{"line":65,"column":13},"end":{"line":65,"column":67}},"25":{"start":{"line":66,"column":14},"end":{"line":66,"column":31}},"26":{"start":{"line":67,"column":14},"end":{"line":67,"column":41}},"27":{"start":{"line":68,"column":15},"end":{"line":68,"column":35}},"28":{"start":{"line":69,"column":2},"end":{"line":71,"column":5}},"29":{"start":{"line":72,"column":2},"end":{"line":75,"column":4}},"30":{"start":{"line":76,"column":15},"end":{"line":76,"column":72}},"31":{"start":{"line":77,"column":2},"end":{"line":77,"column":25}},"32":{"start":{"line":80,"column":34},"end":{"line":91,"column":1}},"33":{"start":{"line":81,"column":15},"end":{"line":81,"column":72}},"34":{"start":{"line":82,"column":2},"end":{"line":89,"column":3}},"35":{"start":{"line":83,"column":16},"end":{"line":83,"column":27}},"36":{"start":{"line":84,"column":4},"end":{"line":88,"column":5}},"37":{"start":{"line":85,"column":6},"end":{"line":85,"column":62}},"38":{"start":{"line":90,"column":2},"end":{"line":90,"column":62}}},"fnMap":{"0":{"name":"(anonymous_0)","decl":{"start":{"line":11,"column":15},"end":{"line":11,"column":16}},"loc":{"start":{"line":11,"column":49},"end":{"line":16,"column":1}},"line":11},"1":{"name":"(anonymous_1)","decl":{"start":{"line":18,"column":18},"end":{"line":18,"column":19}},"loc":{"start":{"line":18,"column":30},"end":{"line":25,"column":1}},"line":18},"2":{"name":"(anonymous_2)","decl":{"start":{"line":27,"column":32},"end":{"line":27,"column":33}},"loc":{"start":{"line":29,"column":35},"end":{"line":35,"column":1}},"line":29},"3":{"name":"(anonymous_3)","decl":{"start":{"line":37,"column":38},"end":{"line":37,"column":39}},"loc":{"start":{"line":40,"column":33},"end":{"line":58,"column":1}},"line":40},"4":{"name":"(anonymous_4)","decl":{"start":{"line":60,"column":41},"end":{"line":60,"column":42}},"loc":{"start":{"line":64,"column":33},"end":{"line":78,"column":1}},"line":64},"5":{"name":"(anonymous_5)","decl":{"start":{"line":80,"column":34},"end":{"line":80,"column":35}},"loc":{"start":{"line":80,"column":71},"end":{"line":91,"column":1}},"line":80}},"branchMap":{"0":{"loc":{"start":{"line":21,"column":2},"end":{"line":23,"column":3}},"type":"if","locations":[{"start":{"line":21,"column":2},"end":{"line":23,"column":3}},{"start":{},"end":{}}],"line":21},"1":{"loc":{"start":{"line":45,"column":16},"end":{"line":45,"column":51}},"type":"binary-expr","locations":[{"start":{"line":45,"column":16},"end":{"line":45,"column":42}},{"start":{"line":45,"column":46},"end":{"line":45,"column":51}}],"line":45},"2":{"loc":{"start":{"line":63,"column":2},"end":{"line":63,"column":21}},"type":"default-arg","locations":[{"start":{"line":63,"column":9},"end":{"line":63,"column":21}}],"line":63},"3":{"loc":{"start":{"line":67,"column":14},"end":{"line":67,"column":41}},"type":"binary-expr","locations":[{"start":{"line":67,"column":14},"end":{"line":67,"column":32}},{"start":{"line":67,"column":36},"end":{"line":67,"column":41}}],"line":67},"4":{"loc":{"start":{"line":82,"column":2},"end":{"line":89,"column":3}},"type":"if","locations":[{"start":{"line":82,"column":2},"end":{"line":89,"column":3}},{"start":{},"end":{}}],"line":82}},"s":{"0":1,"1":8,"2":1,"3":7,"4":7,"5":7,"6":5,"7":7,"8":1,"9":1,"10":1,"11":1,"12":4,"13":4,"14":4,"15":4,"16":4,"17":4,"18":4,"19":3,"20":4,"21":4,"22":4,"23":1,"24":3,"25":3,"26":3,"27":3,"28":3,"29":3,"30":3,"31":3,"32":1,"33":3,"34":3,"35":2,"36":2,"37":2,"38":3},"f":{"0":8,"1":7,"2":1,"3":4,"4":3,"5":3},"b":{"0":[5,2],"1":[4,1],"2":[1],"3":[3,1],"4":[2,1]},"_coverageSchema":"1a1c01bbd47fc00a2c39e90264f33305004495a9","hash":"bd110b6272e23a508d4e06d44df9eb7242e72282"}
,"/Users/anissaevrard/Documents/Projets/ReptiTrack/my-app/src/shared/local/reptileShedsStore.ts": {"path":"/Users/anissaevrard/Documents/Projets/ReptiTrack/my-app/src/shared/local/reptileShedsStore.ts","statementMap":{"0":{"start":{"line":12,"column":15},"end":{"line":12,"column":59}},"1":{"start":{"line":12,"column":48},"end":{"line":12,"column":58}},"2":{"start":{"line":14,"column":31},"end":{"line":24,"column":1}},"3":{"start":{"line":18,"column":37},"end":{"line":18,"column":44}},"4":{"start":{"line":19,"column":15},"end":{"line":22,"column":3}},"5":{"start":{"line":23,"column":2},"end":{"line":23,"column":26}},"6":{"start":{"line":26,"column":30},"end":{"line":36,"column":1}},"7":{"start":{"line":29,"column":13},"end":{"line":29,"column":67}},"8":{"start":{"line":30,"column":2},"end":{"line":33,"column":4}},"9":{"start":{"line":34,"column":15},"end":{"line":34,"column":71}},"10":{"start":{"line":35,"column":2},"end":{"line":35,"column":25}},"11":{"start":{"line":38,"column":33},"end":{"line":40,"column":1}},"12":{"start":{"line":39,"column":2},"end":{"line":39,"column":61}}},"fnMap":{"0":{"name":"(anonymous_0)","decl":{"start":{"line":12,"column":15},"end":{"line":12,"column":16}},"loc":{"start":{"line":12,"column":48},"end":{"line":12,"column":58}},"line":12},"1":{"name":"(anonymous_1)","decl":{"start":{"line":14,"column":31},"end":{"line":14,"column":32}},"loc":{"start":{"line":17,"column":34},"end":{"line":24,"column":1}},"line":17},"2":{"name":"(anonymous_2)","decl":{"start":{"line":26,"column":30},"end":{"line":26,"column":31}},"loc":{"start":{"line":28,"column":32},"end":{"line":36,"column":1}},"line":28},"3":{"name":"(anonymous_3)","decl":{"start":{"line":38,"column":33},"end":{"line":38,"column":34}},"loc":{"start":{"line":38,"column":70},"end":{"line":40,"column":1}},"line":38}},"branchMap":{"0":{"loc":{"start":{"line":16,"column":2},"end":{"line":16,"column":49}},"type":"default-arg","locations":[{"start":{"line":16,"column":25},"end":{"line":16,"column":49}}],"line":16},"1":{"loc":{"start":{"line":18,"column":10},"end":{"line":18,"column":20}},"type":"default-arg","locations":[{"start":{"line":18,"column":18},"end":{"line":18,"column":20}}],"line":18},"2":{"loc":{"start":{"line":18,"column":22},"end":{"line":18,"column":32}},"type":"default-arg","locations":[{"start":{"line":18,"column":31},"end":{"line":18,"column":32}}],"line":18},"3":{"loc":{"start":{"line":32,"column":44},"end":{"line":32,"column":63}},"type":"binary-expr","locations":[{"start":{"line":32,"column":44},"end":{"line":32,"column":55}},{"start":{"line":32,"column":59},"end":{"line":32,"column":63}}],"line":32}},"s":{"0":1,"1":3,"2":1,"3":4,"4":4,"5":4,"6":1,"7":2,"8":2,"9":2,"10":2,"11":1,"12":1},"f":{"0":3,"1":4,"2":2,"3":1},"b":{"0":[1],"1":[1],"2":[2],"3":[2,1]},"_coverageSchema":"1a1c01bbd47fc00a2c39e90264f33305004495a9","hash":"27ada3c026dbb47e033581906aa771249858881d"}
,"/Users/anissaevrard/Documents/Projets/ReptiTrack/my-app/src/shared/local/reptileStore.ts": {"path":"/Users/anissaevrard/Documents/Projets/ReptiTrack/my-app/src/shared/local/reptileStore.ts","statementMap":{"0":{"start":{"line":26,"column":19},"end":{"line":28,"column":2}},"1":{"start":{"line":26,"column":48},"end":{"line":28,"column":1}},"2":{"start":{"line":30,"column":27},"end":{"line":33,"column":1}},"3":{"start":{"line":31,"column":15},"end":{"line":31,"column":80}},"4":{"start":{"line":32,"column":2},"end":{"line":32,"column":30}},"5":{"start":{"line":35,"column":26},"end":{"line":40,"column":1}},"6":{"start":{"line":36,"column":15},"end":{"line":38,"column":4}},"7":{"start":{"line":39,"column":2},"end":{"line":39,"column":46}},"8":{"start":{"line":47,"column":29},"end":{"line":121,"column":1}},"9":{"start":{"line":52,"column":4},"end":{"line":52,"column":76}},"10":{"start":{"line":53,"column":19},"end":{"line":53,"column":46}},"11":{"start":{"line":54,"column":2},"end":{"line":117,"column":3}},"12":{"start":{"line":55,"column":4},"end":{"line":92,"column":6}},"13":{"start":{"line":94,"column":4},"end":{"line":116,"column":6}},"14":{"start":{"line":118,"column":18},"end":{"line":118,"column":45}},"15":{"start":{"line":119,"column":2},"end":{"line":119,"column":60}},"16":{"start":{"line":119,"column":16},"end":{"line":119,"column":60}},"17":{"start":{"line":120,"column":2},"end":{"line":120,"column":17}},"18":{"start":{"line":123,"column":29},"end":{"line":125,"column":1}},"19":{"start":{"line":124,"column":2},"end":{"line":124,"column":64}},"20":{"start":{"line":127,"column":35},"end":{"line":136,"column":1}},"21":{"start":{"line":131,"column":19},"end":{"line":131,"column":39}},"22":{"start":{"line":132,"column":2},"end":{"line":132,"column":29}},"23":{"start":{"line":132,"column":17},"end":{"line":132,"column":29}},"24":{"start":{"line":133,"column":17},"end":{"line":133,"column":43}},"25":{"start":{"line":134,"column":2},"end":{"line":134,"column":34}},"26":{"start":{"line":135,"column":2},"end":{"line":135,"column":24}}},"fnMap":{"0":{"name":"(anonymous_0)","decl":{"start":{"line":26,"column":19},"end":{"line":26,"column":20}},"loc":{"start":{"line":26,"column":48},"end":{"line":28,"column":1}},"line":26},"1":{"name":"(anonymous_1)","decl":{"start":{"line":30,"column":27},"end":{"line":30,"column":28}},"loc":{"start":{"line":30,"column":64},"end":{"line":33,"column":1}},"line":30},"2":{"name":"(anonymous_2)","decl":{"start":{"line":35,"column":26},"end":{"line":35,"column":27}},"loc":{"start":{"line":35,"column":78},"end":{"line":40,"column":1}},"line":35},"3":{"name":"(anonymous_3)","decl":{"start":{"line":47,"column":29},"end":{"line":47,"column":30}},"loc":{"start":{"line":50,"column":28},"end":{"line":121,"column":1}},"line":50},"4":{"name":"(anonymous_4)","decl":{"start":{"line":123,"column":29},"end":{"line":123,"column":30}},"loc":{"start":{"line":123,"column":66},"end":{"line":125,"column":1}},"line":123},"5":{"name":"(anonymous_5)","decl":{"start":{"line":127,"column":35},"end":{"line":127,"column":36}},"loc":{"start":{"line":130,"column":35},"end":{"line":136,"column":1}},"line":130}},"branchMap":{"0":{"loc":{"start":{"line":39,"column":9},"end":{"line":39,"column":45}},"type":"cond-expr","locations":[{"start":{"line":39,"column":19},"end":{"line":39,"column":38}},{"start":{"line":39,"column":41},"end":{"line":39,"column":45}}],"line":39},"1":{"loc":{"start":{"line":52,"column":4},"end":{"line":52,"column":76}},"type":"binary-expr","locations":[{"start":{"line":52,"column":4},"end":{"line":52,"column":6}},{"start":{"line":52,"column":10},"end":{"line":52,"column":18}},{"start":{"line":52,"column":22},"end":{"line":52,"column":76}}],"line":52},"2":{"loc":{"start":{"line":54,"column":2},"end":{"line":117,"column":3}},"type":"if","locations":[{"start":{"line":54,"column":2},"end":{"line":117,"column":3}},{"start":{"line":93,"column":9},"end":{"line":117,"column":3}}],"line":54},"3":{"loc":{"start":{"line":77,"column":8},"end":{"line":77,"column":32}},"type":"binary-expr","locations":[{"start":{"line":77,"column":8},"end":{"line":77,"column":24}},{"start":{"line":77,"column":28},"end":{"line":77,"column":32}}],"line":77},"4":{"loc":{"start":{"line":78,"column":8},"end":{"line":78,"column":30}},"type":"binary-expr","locations":[{"start":{"line":78,"column":8},"end":{"line":78,"column":22}},{"start":{"line":78,"column":26},"end":{"line":78,"column":30}}],"line":78},"5":{"loc":{"start":{"line":79,"column":8},"end":{"line":79,"column":27}},"type":"binary-expr","locations":[{"start":{"line":79,"column":8},"end":{"line":79,"column":19}},{"start":{"line":79,"column":23},"end":{"line":79,"column":27}}],"line":79},"6":{"loc":{"start":{"line":80,"column":8},"end":{"line":80,"column":31}},"type":"binary-expr","locations":[{"start":{"line":80,"column":8},"end":{"line":80,"column":23}},{"start":{"line":80,"column":27},"end":{"line":80,"column":31}}],"line":80},"7":{"loc":{"start":{"line":81,"column":8},"end":{"line":81,"column":37}},"type":"binary-expr","locations":[{"start":{"line":81,"column":8},"end":{"line":81,"column":29}},{"start":{"line":81,"column":33},"end":{"line":81,"column":37}}],"line":81},"8":{"loc":{"start":{"line":82,"column":8},"end":{"line":82,"column":26}},"type":"binary-expr","locations":[{"start":{"line":82,"column":8},"end":{"line":82,"column":18}},{"start":{"line":82,"column":22},"end":{"line":82,"column":26}}],"line":82},"9":{"loc":{"start":{"line":83,"column":8},"end":{"line":83,"column":36}},"type":"binary-expr","locations":[{"start":{"line":83,"column":8},"end":{"line":83,"column":28}},{"start":{"line":83,"column":32},"end":{"line":83,"column":36}}],"line":83},"10":{"loc":{"start":{"line":84,"column":8},"end":{"line":84,"column":39}},"type":"binary-expr","locations":[{"start":{"line":84,"column":8},"end":{"line":84,"column":31}},{"start":{"line":84,"column":35},"end":{"line":84,"column":39}}],"line":84},"11":{"loc":{"start":{"line":85,"column":8},"end":{"line":85,"column":34}},"type":"binary-expr","locations":[{"start":{"line":85,"column":8},"end":{"line":85,"column":26}},{"start":{"line":85,"column":30},"end":{"line":85,"column":34}}],"line":85},"12":{"loc":{"start":{"line":86,"column":8},"end":{"line":86,"column":35}},"type":"binary-expr","locations":[{"start":{"line":86,"column":8},"end":{"line":86,"column":27}},{"start":{"line":86,"column":31},"end":{"line":86,"column":35}}],"line":86},"13":{"loc":{"start":{"line":87,"column":8},"end":{"line":87,"column":28}},"type":"binary-expr","locations":[{"start":{"line":87,"column":8},"end":{"line":87,"column":20}},{"start":{"line":87,"column":24},"end":{"line":87,"column":28}}],"line":87},"14":{"loc":{"start":{"line":88,"column":8},"end":{"line":88,"column":25}},"type":"binary-expr","locations":[{"start":{"line":88,"column":8},"end":{"line":88,"column":17}},{"start":{"line":88,"column":21},"end":{"line":88,"column":25}}],"line":88},"15":{"loc":{"start":{"line":89,"column":8},"end":{"line":89,"column":30}},"type":"binary-expr","locations":[{"start":{"line":89,"column":8},"end":{"line":89,"column":22}},{"start":{"line":89,"column":26},"end":{"line":89,"column":30}}],"line":89},"16":{"loc":{"start":{"line":102,"column":8},"end":{"line":102,"column":32}},"type":"binary-expr","locations":[{"start":{"line":102,"column":8},"end":{"line":102,"column":24}},{"start":{"line":102,"column":28},"end":{"line":102,"column":32}}],"line":102},"17":{"loc":{"start":{"line":103,"column":8},"end":{"line":103,"column":30}},"type":"binary-expr","locations":[{"start":{"line":103,"column":8},"end":{"line":103,"column":22}},{"start":{"line":103,"column":26},"end":{"line":103,"column":30}}],"line":103},"18":{"loc":{"start":{"line":104,"column":8},"end":{"line":104,"column":27}},"type":"binary-expr","locations":[{"start":{"line":104,"column":8},"end":{"line":104,"column":19}},{"start":{"line":104,"column":23},"end":{"line":104,"column":27}}],"line":104},"19":{"loc":{"start":{"line":105,"column":8},"end":{"line":105,"column":31}},"type":"binary-expr","locations":[{"start":{"line":105,"column":8},"end":{"line":105,"column":23}},{"start":{"line":105,"column":27},"end":{"line":105,"column":31}}],"line":105},"20":{"loc":{"start":{"line":106,"column":8},"end":{"line":106,"column":37}},"type":"binary-expr","locations":[{"start":{"line":106,"column":8},"end":{"line":106,"column":29}},{"start":{"line":106,"column":33},"end":{"line":106,"column":37}}],"line":106},"21":{"loc":{"start":{"line":107,"column":8},"end":{"line":107,"column":26}},"type":"binary-expr","locations":[{"start":{"line":107,"column":8},"end":{"line":107,"column":18}},{"start":{"line":107,"column":22},"end":{"line":107,"column":26}}],"line":107},"22":{"loc":{"start":{"line":108,"column":8},"end":{"line":108,"column":36}},"type":"binary-expr","locations":[{"start":{"line":108,"column":8},"end":{"line":108,"column":28}},{"start":{"line":108,"column":32},"end":{"line":108,"column":36}}],"line":108},"23":{"loc":{"start":{"line":109,"column":8},"end":{"line":109,"column":39}},"type":"binary-expr","locations":[{"start":{"line":109,"column":8},"end":{"line":109,"column":31}},{"start":{"line":109,"column":35},"end":{"line":109,"column":39}}],"line":109},"24":{"loc":{"start":{"line":110,"column":8},"end":{"line":110,"column":34}},"type":"binary-expr","locations":[{"start":{"line":110,"column":8},"end":{"line":110,"column":26}},{"start":{"line":110,"column":30},"end":{"line":110,"column":34}}],"line":110},"25":{"loc":{"start":{"line":111,"column":8},"end":{"line":111,"column":35}},"type":"binary-expr","locations":[{"start":{"line":111,"column":8},"end":{"line":111,"column":27}},{"start":{"line":111,"column":31},"end":{"line":111,"column":35}}],"line":111},"26":{"loc":{"start":{"line":112,"column":8},"end":{"line":112,"column":28}},"type":"binary-expr","locations":[{"start":{"line":112,"column":8},"end":{"line":112,"column":20}},{"start":{"line":112,"column":24},"end":{"line":112,"column":28}}],"line":112},"27":{"loc":{"start":{"line":113,"column":8},"end":{"line":113,"column":25}},"type":"binary-expr","locations":[{"start":{"line":113,"column":8},"end":{"line":113,"column":17}},{"start":{"line":113,"column":21},"end":{"line":113,"column":25}}],"line":113},"28":{"loc":{"start":{"line":114,"column":8},"end":{"line":114,"column":30}},"type":"binary-expr","locations":[{"start":{"line":114,"column":8},"end":{"line":114,"column":22}},{"start":{"line":114,"column":26},"end":{"line":114,"column":30}}],"line":114},"29":{"loc":{"start":{"line":119,"column":2},"end":{"line":119,"column":60}},"type":"if","locations":[{"start":{"line":119,"column":2},"end":{"line":119,"column":60}},{"start":{},"end":{}}],"line":119},"30":{"loc":{"start":{"line":132,"column":2},"end":{"line":132,"column":29}},"type":"if","locations":[{"start":{"line":132,"column":2},"end":{"line":132,"column":29}},{"start":{},"end":{}}],"line":132}},"s":{"0":2,"1":15,"2":2,"3":1,"4":1,"5":2,"6":24,"7":24,"8":2,"9":10,"10":10,"11":10,"12":2,"13":8,"14":10,"15":10,"16":1,"17":9,"18":2,"19":1,"20":2,"21":2,"22":2,"23":1,"24":1,"25":1,"26":1},"f":{"0":15,"1":1,"2":24,"3":10,"4":1,"5":2},"b":{"0":[13,11],"1":[10,8,8],"2":[2,8],"3":[2,2],"4":[2,2],"5":[2,2],"6":[2,2],"7":[2,2],"8":[2,2],"9":[2,2],"10":[2,2],"11":[2,2],"12":[2,2],"13":[2,1],"14":[2,2],"15":[2,1],"16":[8,8],"17":[8,8],"18":[8,8],"19":[8,8],"20":[8,8],"21":[8,8],"22":[8,8],"23":[8,8],"24":[8,8],"25":[8,8],"26":[8,8],"27":[8,8],"28":[8,8],"29":[1,9],"30":[1,1]},"_coverageSchema":"1a1c01bbd47fc00a2c39e90264f33305004495a9","hash":"735f9f1888c4cbc9bb21023268c8e37f13c395e3"}
,"/Users/anissaevrard/Documents/Projets/ReptiTrack/my-app/src/shared/local/migrations/asyncStorageMigration.ts": {"path":"/Users/anissaevrard/Documents/Projets/ReptiTrack/my-app/src/shared/local/migrations/asyncStorageMigration.ts","statementMap":{"0":{"start":{"line":16,"column":17},"end":{"line":16,"column":42}},"1":{"start":{"line":18,"column":18},"end":{"line":25,"column":1}},"2":{"start":{"line":19,"column":2},"end":{"line":19,"column":24}},"3":{"start":{"line":19,"column":12},"end":{"line":19,"column":24}},"4":{"start":{"line":20,"column":2},"end":{"line":24,"column":3}},"5":{"start":{"line":21,"column":4},"end":{"line":21,"column":27}},"6":{"start":{"line":23,"column":4},"end":{"line":23,"column":16}},"7":{"start":{"line":27,"column":40},"end":{"line":147,"column":1}},"8":{"start":{"line":28,"column":15},"end":{"line":28,"column":51}},"9":{"start":{"line":29,"column":2},"end":{"line":29,"column":27}},"10":{"start":{"line":29,"column":20},"end":{"line":29,"column":27}},"11":{"start":{"line":31,"column":15},"end":{"line":31,"column":46}},"12":{"start":{"line":34,"column":2},"end":{"line":40,"column":3}},"13":{"start":{"line":35,"column":24},"end":{"line":35,"column":68}},"14":{"start":{"line":36,"column":37},"end":{"line":36,"column":65}},"15":{"start":{"line":37,"column":4},"end":{"line":39,"column":5}},"16":{"start":{"line":38,"column":6},"end":{"line":38,"column":35}},"17":{"start":{"line":43,"column":2},"end":{"line":49,"column":3}},"18":{"start":{"line":44,"column":24},"end":{"line":44,"column":76}},"19":{"start":{"line":45,"column":21},"end":{"line":45,"column":49}},"20":{"start":{"line":46,"column":4},"end":{"line":48,"column":5}},"21":{"start":{"line":47,"column":6},"end":{"line":47,"column":37}},"22":{"start":{"line":52,"column":2},"end":{"line":63,"column":3}},"23":{"start":{"line":53,"column":22},"end":{"line":53,"column":72}},"24":{"start":{"line":54,"column":19},"end":{"line":54,"column":45}},"25":{"start":{"line":55,"column":4},"end":{"line":62,"column":5}},"26":{"start":{"line":56,"column":6},"end":{"line":61,"column":7}},"27":{"start":{"line":57,"column":23},"end":{"line":57,"column":48}},"28":{"start":{"line":58,"column":8},"end":{"line":58,"column":62}},"29":{"start":{"line":59,"column":13},"end":{"line":61,"column":7}},"30":{"start":{"line":60,"column":8},"end":{"line":60,"column":58}},"31":{"start":{"line":66,"column":25},"end":{"line":68,"column":3}},"32":{"start":{"line":67,"column":4},"end":{"line":67,"column":42}},"33":{"start":{"line":69,"column":2},"end":{"line":82,"column":3}},"34":{"start":{"line":70,"column":16},"end":{"line":70,"column":45}},"35":{"start":{"line":71,"column":16},"end":{"line":71,"column":36}},"36":{"start":{"line":72,"column":4},"end":{"line":81,"column":5}},"37":{"start":{"line":73,"column":6},"end":{"line":80,"column":9}},"38":{"start":{"line":85,"column":22},"end":{"line":87,"column":3}},"39":{"start":{"line":86,"column":4},"end":{"line":86,"column":39}},"40":{"start":{"line":88,"column":2},"end":{"line":98,"column":3}},"41":{"start":{"line":89,"column":16},"end":{"line":89,"column":45}},"42":{"start":{"line":90,"column":16},"end":{"line":90,"column":36}},"43":{"start":{"line":91,"column":4},"end":{"line":97,"column":5}},"44":{"start":{"line":92,"column":6},"end":{"line":96,"column":9}},"45":{"start":{"line":101,"column":22},"end":{"line":103,"column":3}},"46":{"start":{"line":102,"column":4},"end":{"line":102,"column":46}},"47":{"start":{"line":104,"column":2},"end":{"line":117,"column":3}},"48":{"start":{"line":105,"column":16},"end":{"line":105,"column":45}},"49":{"start":{"line":106,"column":16},"end":{"line":106,"column":36}},"50":{"start":{"line":107,"column":4},"end":{"line":116,"column":5}},"51":{"start":{"line":108,"column":6},"end":{"line":115,"column":9}},"52":{"start":{"line":120,"column":23},"end":{"line":122,"column":3}},"53":{"start":{"line":121,"column":4},"end":{"line":121,"column":40}},"54":{"start":{"line":123,"column":2},"end":{"line":144,"column":3}},"55":{"start":{"line":124,"column":16},"end":{"line":124,"column":45}},"56":{"start":{"line":125,"column":16},"end":{"line":125,"column":36}},"57":{"start":{"line":126,"column":4},"end":{"line":143,"column":5}},"58":{"start":{"line":127,"column":6},"end":{"line":142,"column":9}},"59":{"start":{"line":146,"column":2},"end":{"line":146,"column":44}}},"fnMap":{"0":{"name":"(anonymous_0)","decl":{"start":{"line":18,"column":18},"end":{"line":18,"column":19}},"loc":{"start":{"line":18,"column":42},"end":{"line":25,"column":1}},"line":18},"1":{"name":"(anonymous_1)","decl":{"start":{"line":27,"column":40},"end":{"line":27,"column":41}},"loc":{"start":{"line":27,"column":52},"end":{"line":147,"column":1}},"line":27},"2":{"name":"(anonymous_2)","decl":{"start":{"line":66,"column":37},"end":{"line":66,"column":38}},"loc":{"start":{"line":67,"column":4},"end":{"line":67,"column":42}},"line":67},"3":{"name":"(anonymous_3)","decl":{"start":{"line":85,"column":34},"end":{"line":85,"column":35}},"loc":{"start":{"line":86,"column":4},"end":{"line":86,"column":39}},"line":86},"4":{"name":"(anonymous_4)","decl":{"start":{"line":101,"column":34},"end":{"line":101,"column":35}},"loc":{"start":{"line":102,"column":4},"end":{"line":102,"column":46}},"line":102},"5":{"name":"(anonymous_5)","decl":{"start":{"line":120,"column":35},"end":{"line":120,"column":36}},"loc":{"start":{"line":121,"column":4},"end":{"line":121,"column":40}},"line":121}},"branchMap":{"0":{"loc":{"start":{"line":19,"column":2},"end":{"line":19,"column":24}},"type":"if","locations":[{"start":{"line":19,"column":2},"end":{"line":19,"column":24}},{"start":{},"end":{}}],"line":19},"1":{"loc":{"start":{"line":29,"column":2},"end":{"line":29,"column":27}},"type":"if","locations":[{"start":{"line":29,"column":2},"end":{"line":29,"column":27}},{"start":{},"end":{}}],"line":29},"2":{"loc":{"start":{"line":34,"column":2},"end":{"line":40,"column":3}},"type":"if","locations":[{"start":{"line":34,"column":2},"end":{"line":40,"column":3}},{"start":{},"end":{}}],"line":34},"3":{"loc":{"start":{"line":36,"column":37},"end":{"line":36,"column":65}},"type":"binary-expr","locations":[{"start":{"line":36,"column":37},"end":{"line":36,"column":59}},{"start":{"line":36,"column":63},"end":{"line":36,"column":65}}],"line":36},"4":{"loc":{"start":{"line":43,"column":2},"end":{"line":49,"column":3}},"type":"if","locations":[{"start":{"line":43,"column":2},"end":{"line":49,"column":3}},{"start":{},"end":{}}],"line":43},"5":{"loc":{"start":{"line":45,"column":21},"end":{"line":45,"column":49}},"type":"binary-expr","locations":[{"start":{"line":45,"column":21},"end":{"line":45,"column":43}},{"start":{"line":45,"column":47},"end":{"line":45,"column":49}}],"line":45},"6":{"loc":{"start":{"line":52,"column":2},"end":{"line":63,"column":3}},"type":"if","locations":[{"start":{"line":52,"column":2},"end":{"line":63,"column":3}},{"start":{},"end":{}}],"line":52},"7":{"loc":{"start":{"line":54,"column":19},"end":{"line":54,"column":45}},"type":"binary-expr","locations":[{"start":{"line":54,"column":19},"end":{"line":54,"column":39}},{"start":{"line":54,"column":43},"end":{"line":54,"column":45}}],"line":54},"8":{"loc":{"start":{"line":56,"column":6},"end":{"line":61,"column":7}},"type":"if","locations":[{"start":{"line":56,"column":6},"end":{"line":61,"column":7}},{"start":{"line":59,"column":13},"end":{"line":61,"column":7}}],"line":56},"9":{"loc":{"start":{"line":57,"column":23},"end":{"line":57,"column":48}},"type":"binary-expr","locations":[{"start":{"line":57,"column":23},"end":{"line":57,"column":42}},{"start":{"line":57,"column":46},"end":{"line":57,"column":48}}],"line":57},"10":{"loc":{"start":{"line":59,"column":13},"end":{"line":61,"column":7}},"type":"if","locations":[{"start":{"line":59,"column":13},"end":{"line":61,"column":7}},{"start":{},"end":{}}],"line":59},"11":{"loc":{"start":{"line":71,"column":16},"end":{"line":71,"column":36}},"type":"binary-expr","locations":[{"start":{"line":71,"column":16},"end":{"line":71,"column":30}},{"start":{"line":71,"column":34},"end":{"line":71,"column":36}}],"line":71},"12":{"loc":{"start":{"line":90,"column":16},"end":{"line":90,"column":36}},"type":"binary-expr","locations":[{"start":{"line":90,"column":16},"end":{"line":90,"column":30}},{"start":{"line":90,"column":34},"end":{"line":90,"column":36}}],"line":90},"13":{"loc":{"start":{"line":106,"column":16},"end":{"line":106,"column":36}},"type":"binary-expr","locations":[{"start":{"line":106,"column":16},"end":{"line":106,"column":30}},{"start":{"line":106,"column":34},"end":{"line":106,"column":36}}],"line":106},"14":{"loc":{"start":{"line":125,"column":16},"end":{"line":125,"column":36}},"type":"binary-expr","locations":[{"start":{"line":125,"column":16},"end":{"line":125,"column":30}},{"start":{"line":125,"column":34},"end":{"line":125,"column":36}}],"line":125}},"s":{"0":1,"1":1,"2":19,"3":6,"4":13,"5":13,"6":2,"7":1,"8":8,"9":8,"10":1,"11":7,"12":7,"13":4,"14":4,"15":4,"16":2,"17":7,"18":2,"19":2,"20":2,"21":1,"22":7,"23":5,"24":5,"25":5,"26":4,"27":2,"28":2,"29":2,"30":1,"31":7,"32":19,"33":7,"34":2,"35":2,"36":2,"37":1,"38":7,"39":19,"40":7,"41":2,"42":2,"43":2,"44":1,"45":7,"46":19,"47":7,"48":2,"49":2,"50":2,"51":1,"52":7,"53":19,"54":7,"55":2,"56":2,"57":2,"58":1,"59":7},"f":{"0":19,"1":8,"2":19,"3":19,"4":19,"5":19},"b":{"0":[6,13],"1":[1,7],"2":[4,3],"3":[4,2],"4":[2,5],"5":[2,1],"6":[5,2],"7":[5,1],"8":[2,2],"9":[2,1],"10":[1,1],"11":[2,1],"12":[2,1],"13":[2,1],"14":[2,1]},"_coverageSchema":"1a1c01bbd47fc00a2c39e90264f33305004495a9","hash":"c22a2a59a747b2510644df9c829957bc1cc36ab1"}
,"/Users/anissaevrard/Documents/Projets/ReptiTrack/my-app/src/shared/utils/getSpeciesIcon.ts": {"path":"/Users/anissaevrard/Documents/Projets/ReptiTrack/my-app/src/shared/utils/getSpeciesIcon.ts","statementMap":{"0":{"start":{"line":3,"column":19},"end":{"line":3,"column":56}},"1":{"start":{"line":5,"column":23},"end":{"line":23,"column":1}},"2":{"start":{"line":6,"column":21},"end":{"line":6,"column":47}},"3":{"start":{"line":7,"column":2},"end":{"line":22,"column":3}},"4":{"start":{"line":9,"column":6},"end":{"line":9,"column":21}},"5":{"start":{"line":13,"column":6},"end":{"line":13,"column":24}},"6":{"start":{"line":15,"column":6},"end":{"line":15,"column":22}},"7":{"start":{"line":17,"column":6},"end":{"line":17,"column":20}},"8":{"start":{"line":19,"column":6},"end":{"line":19,"column":25}},"9":{"start":{"line":21,"column":6},"end":{"line":21,"column":19}}},"fnMap":{"0":{"name":"(anonymous_0)","decl":{"start":{"line":5,"column":23},"end":{"line":5,"column":24}},"loc":{"start":{"line":5,"column":61},"end":{"line":23,"column":1}},"line":5}},"branchMap":{"0":{"loc":{"start":{"line":6,"column":22},"end":{"line":6,"column":32}},"type":"binary-expr","locations":[{"start":{"line":6,"column":22},"end":{"line":6,"column":26}},{"start":{"line":6,"column":30},"end":{"line":6,"column":32}}],"line":6},"1":{"loc":{"start":{"line":7,"column":2},"end":{"line":22,"column":3}},"type":"switch","locations":[{"start":{"line":8,"column":4},"end":{"line":9,"column":21}},{"start":{"line":10,"column":4},"end":{"line":10,"column":18}},{"start":{"line":11,"column":4},"end":{"line":11,"column":17}},{"start":{"line":12,"column":4},"end":{"line":13,"column":24}},{"start":{"line":14,"column":4},"end":{"line":15,"column":22}},{"start":{"line":16,"column":4},"end":{"line":17,"column":20}},{"start":{"line":18,"column":4},"end":{"line":19,"column":25}},{"start":{"line":20,"column":4},"end":{"line":21,"column":19}}],"line":7}},"s":{"0":1,"1":1,"2":9,"3":9,"4":1,"5":3,"6":1,"7":1,"8":1,"9":2},"f":{"0":9},"b":{"0":[9,1],"1":[1,1,2,3,1,1,1,2]},"_coverageSchema":"1a1c01bbd47fc00a2c39e90264f33305004495a9","hash":"4fa5fda2effb522fb9bd01e3759a870ff7c1f63c"}
}
