{"/Users/anissaevrard/Documents/Projets/ReptiTrack/my-app/src/App.tsx": {"path":"/Users/anissaevrard/Documents/Projets/ReptiTrack/my-app/src/App.tsx","statementMap":{"0":{"start":{"line":23,"column":0},"end":{"line":23,"column":16}},"1":{"start":{"line":26,"column":0},"end":{"line":33,"column":3}},"2":{"start":{"line":35,"column":0},"end":{"line":35,"column":36}},"3":{"start":{"line":36,"column":0},"end":{"line":42,"column":3}},"4":{"start":{"line":37,"column":35},"end":{"line":41,"column":3}},"5":{"start":{"line":44,"column":16},"end":{"line":75,"column":1}},"6":{"start":{"line":78,"column":2},"end":{"line":80,"column":3}},"7":{"start":{"line":82,"column":22},"end":{"line":160,"column":1}},"8":{"start":{"line":83,"column":24},"end":{"line":86,"column":4}},"9":{"start":{"line":87,"column":42},"end":{"line":89,"column":14}},"10":{"start":{"line":90,"column":31},"end":{"line":90,"column":78}},"11":{"start":{"line":91,"column":27},"end":{"line":91,"column":74}},"12":{"start":{"line":93,"column":2},"end":{"line":98,"column":9}},"13":{"start":{"line":94,"column":4},"end":{"line":97,"column":9}},"14":{"start":{"line":95,"column":6},"end":{"line":95,"column":28}},"15":{"start":{"line":96,"column":6},"end":{"line":96,"column":39}},"16":{"start":{"line":100,"column":2},"end":{"line":104,"column":20}},"17":{"start":{"line":101,"column":4},"end":{"line":103,"column":5}},"18":{"start":{"line":102,"column":6},"end":{"line":102,"column":31}},"19":{"start":{"line":106,"column":2},"end":{"line":134,"column":9}},"20":{"start":{"line":107,"column":4},"end":{"line":110,"column":9}},"21":{"start":{"line":109,"column":8},"end":{"line":109,"column":38}},"22":{"start":{"line":112,"column":4},"end":{"line":113,"column":78}},"23":{"start":{"line":114,"column":4},"end":{"line":116,"column":5}},"24":{"start":{"line":115,"column":6},"end":{"line":115,"column":13}},"25":{"start":{"line":117,"column":4},"end":{"line":133,"column":6}},"26":{"start":{"line":118,"column":6},"end":{"line":124,"column":7}},"27":{"start":{"line":119,"column":8},"end":{"line":119,"column":46}},"28":{"start":{"line":120,"column":13},"end":{"line":124,"column":7}},"29":{"start":{"line":121,"column":8},"end":{"line":123,"column":10}},"30":{"start":{"line":126,"column":6},"end":{"line":132,"column":7}},"31":{"start":{"line":127,"column":8},"end":{"line":127,"column":42}},"32":{"start":{"line":128,"column":13},"end":{"line":132,"column":7}},"33":{"start":{"line":129,"column":8},"end":{"line":131,"column":10}},"34":{"start":{"line":135,"column":2},"end":{"line":137,"column":3}},"35":{"start":{"line":136,"column":4},"end":{"line":136,"column":16}},"36":{"start":{"line":138,"column":2},"end":{"line":159,"column":4}},"37":{"start":{"line":147,"column":18},"end":{"line":147,"column":43}}},"fnMap":{"0":{"name":"(anonymous_0)","decl":{"start":{"line":37,"column":22},"end":{"line":37,"column":23}},"loc":{"start":{"line":37,"column":35},"end":{"line":41,"column":3}},"line":37},"1":{"name":"(anonymous_1)","decl":{"start":{"line":82,"column":22},"end":{"line":82,"column":23}},"loc":{"start":{"line":82,"column":28},"end":{"line":160,"column":1}},"line":82},"2":{"name":"(anonymous_2)","decl":{"start":{"line":93,"column":18},"end":{"line":93,"column":19}},"loc":{"start":{"line":93,"column":24},"end":{"line":98,"column":3}},"line":93},"3":{"name":"(anonymous_3)","decl":{"start":{"line":94,"column":5},"end":{"line":94,"column":6}},"loc":{"start":{"line":94,"column":17},"end":{"line":97,"column":5}},"line":94},"4":{"name":"(anonymous_4)","decl":{"start":{"line":100,"column":18},"end":{"line":100,"column":19}},"loc":{"start":{"line":100,"column":24},"end":{"line":104,"column":3}},"line":100},"5":{"name":"(anonymous_5)","decl":{"start":{"line":106,"column":18},"end":{"line":106,"column":19}},"loc":{"start":{"line":106,"column":24},"end":{"line":134,"column":3}},"line":106},"6":{"name":"(anonymous_6)","decl":{"start":{"line":108,"column":52},"end":{"line":108,"column":53}},"loc":{"start":{"line":108,"column":70},"end":{"line":110,"column":7}},"line":108},"7":{"name":"(anonymous_7)","decl":{"start":{"line":113,"column":60},"end":{"line":113,"column":61}},"loc":{"start":{"line":113,"column":74},"end":{"line":113,"column":76}},"line":113},"8":{"name":"(anonymous_8)","decl":{"start":{"line":117,"column":11},"end":{"line":117,"column":12}},"loc":{"start":{"line":117,"column":17},"end":{"line":133,"column":5}},"line":117},"9":{"name":"(anonymous_9)","decl":{"start":{"line":146,"column":25},"end":{"line":146,"column":26}},"loc":{"start":{"line":146,"column":31},"end":{"line":148,"column":17}},"line":146}},"branchMap":{"0":{"loc":{"start":{"line":101,"column":4},"end":{"line":103,"column":5}},"type":"if","locations":[{"start":{"line":101,"column":4},"end":{"line":103,"column":5}},{"start":{},"end":{}}],"line":101},"1":{"loc":{"start":{"line":114,"column":4},"end":{"line":116,"column":5}},"type":"if","locations":[{"start":{"line":114,"column":4},"end":{"line":116,"column":5}},{"start":{},"end":{}}],"line":114},"2":{"loc":{"start":{"line":118,"column":6},"end":{"line":124,"column":7}},"type":"if","locations":[{"start":{"line":118,"column":6},"end":{"line":124,"column":7}},{"start":{"line":120,"column":13},"end":{"line":124,"column":7}}],"line":118},"3":{"loc":{"start":{"line":120,"column":13},"end":{"line":124,"column":7}},"type":"if","locations":[{"start":{"line":120,"column":13},"end":{"line":124,"column":7}},{"start":{},"end":{}}],"line":120},"4":{"loc":{"start":{"line":126,"column":6},"end":{"line":132,"column":7}},"type":"if","locations":[{"start":{"line":126,"column":6},"end":{"line":132,"column":7}},{"start":{"line":128,"column":13},"end":{"line":132,"column":7}}],"line":126},"5":{"loc":{"start":{"line":128,"column":13},"end":{"line":132,"column":7}},"type":"if","locations":[{"start":{"line":128,"column":13},"end":{"line":132,"column":7}},{"start":{},"end":{}}],"line":128},"6":{"loc":{"start":{"line":135,"column":2},"end":{"line":137,"column":3}},"type":"if","locations":[{"start":{"line":135,"column":2},"end":{"line":137,"column":3}},{"start":{},"end":{}}],"line":135}},"s":{"0":0,"1":0,"2":0,"3":0,"4":0,"5":0,"6":0,"7":0,"8":0,"9":0,"10":0,"11":0,"12":0,"13":0,"14":0,"15":0,"16":0,"17":0,"18":0,"19":0,"20":0,"21":0,"22":0,"23":0,"24":0,"25":0,"26":0,"27":0,"28":0,"29":0,"30":0,"31":0,"32":0,"33":0,"34":0,"35":0,"36":0,"37":0},"f":{"0":0,"1":0,"2":0,"3":0,"4":0,"5":0,"6":0,"7":0,"8":0,"9":0},"b":{"0":[0,0],"1":[0,0],"2":[0,0],"3":[0,0],"4":[0,0],"5":[0,0],"6":[0,0]}}
,"/Users/anissaevrard/Documents/Projets/ReptiTrack/my-app/src/navigation/screens/Notifications/hooks/queries/useLocalNotificationsQuery.ts": {"path":"/Users/anissaevrard/Documents/Projets/ReptiTrack/my-app/src/navigation/screens/Notifications/hooks/queries/useLocalNotificationsQuery.ts","statementMap":{"0":{"start":{"line":19,"column":27},"end":{"line":27,"column":1}},"1":{"start":{"line":20,"column":2},"end":{"line":20,"column":24}},"2":{"start":{"line":20,"column":14},"end":{"line":20,"column":24}},"3":{"start":{"line":21,"column":2},"end":{"line":26,"column":3}},"4":{"start":{"line":22,"column":19},"end":{"line":22,"column":36}},"5":{"start":{"line":23,"column":4},"end":{"line":23,"column":47}},"6":{"start":{"line":25,"column":4},"end":{"line":25,"column":14}},"7":{"start":{"line":29,"column":25},"end":{"line":51,"column":1}},"8":{"start":{"line":30,"column":29},"end":{"line":30,"column":31}},"9":{"start":{"line":31,"column":19},"end":{"line":31,"column":49}},"10":{"start":{"line":32,"column":15},"end":{"line":32,"column":62}},"11":{"start":{"line":33,"column":16},"end":{"line":33,"column":39}},"12":{"start":{"line":34,"column":16},"end":{"line":36,"column":35}},"13":{"start":{"line":37,"column":19},"end":{"line":37,"column":59}},"14":{"start":{"line":39,"column":16},"end":{"line":39,"column":21}},"15":{"start":{"line":40,"column":2},"end":{"line":49,"column":3}},"16":{"start":{"line":41,"column":20},"end":{"line":41,"column":48}},"17":{"start":{"line":42,"column":4},"end":{"line":44,"column":5}},"18":{"start":{"line":43,"column":6},"end":{"line":43,"column":58}},"19":{"start":{"line":45,"column":4},"end":{"line":48,"column":15}},"20":{"start":{"line":45,"column":26},"end":{"line":45,"column":65}},"21":{"start":{"line":46,"column":9},"end":{"line":48,"column":15}},"22":{"start":{"line":46,"column":32},"end":{"line":46,"column":72}},"23":{"start":{"line":47,"column":9},"end":{"line":48,"column":15}},"24":{"start":{"line":47,"column":33},"end":{"line":47,"column":74}},"25":{"start":{"line":48,"column":9},"end":{"line":48,"column":15}},"26":{"start":{"line":50,"column":2},"end":{"line":50,"column":21}},"27":{"start":{"line":53,"column":32},"end":{"line":66,"column":1}},"28":{"start":{"line":54,"column":15},"end":{"line":54,"column":63}},"29":{"start":{"line":55,"column":15},"end":{"line":55,"column":42}},"30":{"start":{"line":56,"column":17},"end":{"line":56,"column":32}},"31":{"start":{"line":57,"column":11},"end":{"line":60,"column":14}},"32":{"start":{"line":61,"column":19},"end":{"line":61,"column":54}},"33":{"start":{"line":62,"column":2},"end":{"line":64,"column":3}},"34":{"start":{"line":63,"column":4},"end":{"line":63,"column":41}},"35":{"start":{"line":65,"column":2},"end":{"line":65,"column":12}},"36":{"start":{"line":68,"column":35},"end":{"line":110,"column":1}},"37":{"start":{"line":70,"column":4},"end":{"line":108,"column":6}},"38":{"start":{"line":73,"column":23},"end":{"line":73,"column":73}},"39":{"start":{"line":74,"column":25},"end":{"line":74,"column":73}},"40":{"start":{"line":74,"column":48},"end":{"line":74,"column":72}},"41":{"start":{"line":75,"column":22},"end":{"line":75,"column":48}},"42":{"start":{"line":76,"column":20},"end":{"line":76,"column":41}},"43":{"start":{"line":78,"column":22},"end":{"line":101,"column":53}},"44":{"start":{"line":80,"column":30},"end":{"line":80,"column":60}},"45":{"start":{"line":81,"column":12},"end":{"line":81,"column":50}},"46":{"start":{"line":81,"column":38},"end":{"line":81,"column":50}},"47":{"start":{"line":82,"column":12},"end":{"line":82,"column":81}},"48":{"start":{"line":82,"column":69},"end":{"line":82,"column":81}},"49":{"start":{"line":83,"column":23},"end":{"line":83,"column":56}},"50":{"start":{"line":84,"column":26},"end":{"line":84,"column":57}},"51":{"start":{"line":85,"column":28},"end":{"line":87,"column":36}},"52":{"start":{"line":88,"column":12},"end":{"line":99,"column":39}},"53":{"start":{"line":103,"column":8},"end":{"line":105,"column":10}},"54":{"start":{"line":104,"column":10},"end":{"line":104,"column":71}}},"fnMap":{"0":{"name":"(anonymous_0)","decl":{"start":{"line":19,"column":27},"end":{"line":19,"column":28}},"loc":{"start":{"line":19,"column":64},"end":{"line":27,"column":1}},"line":19},"1":{"name":"(anonymous_1)","decl":{"start":{"line":29,"column":25},"end":{"line":29,"column":26}},"loc":{"start":{"line":29,"column":59},"end":{"line":51,"column":1}},"line":29},"2":{"name":"(anonymous_2)","decl":{"start":{"line":53,"column":32},"end":{"line":53,"column":33}},"loc":{"start":{"line":53,"column":48},"end":{"line":66,"column":1}},"line":53},"3":{"name":"(anonymous_3)","decl":{"start":{"line":69,"column":2},"end":{"line":69,"column":3}},"loc":{"start":{"line":70,"column":4},"end":{"line":108,"column":6}},"line":70},"4":{"name":"(anonymous_4)","decl":{"start":{"line":72,"column":15},"end":{"line":72,"column":16}},"loc":{"start":{"line":72,"column":27},"end":{"line":106,"column":7}},"line":72},"5":{"name":"(anonymous_5)","decl":{"start":{"line":74,"column":40},"end":{"line":74,"column":41}},"loc":{"start":{"line":74,"column":48},"end":{"line":74,"column":72}},"line":74},"6":{"name":"(anonymous_6)","decl":{"start":{"line":79,"column":15},"end":{"line":79,"column":16}},"loc":{"start":{"line":79,"column":26},"end":{"line":100,"column":11}},"line":79},"7":{"name":"(anonymous_7)","decl":{"start":{"line":103,"column":26},"end":{"line":103,"column":27}},"loc":{"start":{"line":104,"column":10},"end":{"line":104,"column":71}},"line":104}},"branchMap":{"0":{"loc":{"start":{"line":20,"column":2},"end":{"line":20,"column":24}},"type":"if","locations":[{"start":{"line":20,"column":2},"end":{"line":20,"column":24}},{"start":{},"end":{}}],"line":20},"1":{"loc":{"start":{"line":23,"column":11},"end":{"line":23,"column":46}},"type":"cond-expr","locations":[{"start":{"line":23,"column":35},"end":{"line":23,"column":41}},{"start":{"line":23,"column":44},"end":{"line":23,"column":46}}],"line":23},"2":{"loc":{"start":{"line":29,"column":38},"end":{"line":29,"column":54}},"type":"default-arg","locations":[{"start":{"line":29,"column":52},"end":{"line":29,"column":54}}],"line":29},"3":{"loc":{"start":{"line":31,"column":19},"end":{"line":31,"column":49}},"type":"binary-expr","locations":[{"start":{"line":31,"column":19},"end":{"line":31,"column":44}},{"start":{"line":31,"column":48},"end":{"line":31,"column":49}}],"line":31},"4":{"loc":{"start":{"line":32,"column":16},"end":{"line":32,"column":47}},"type":"binary-expr","locations":[{"start":{"line":32,"column":16},"end":{"line":32,"column":37}},{"start":{"line":32,"column":41},"end":{"line":32,"column":47}}],"line":32},"5":{"loc":{"start":{"line":34,"column":16},"end":{"line":36,"column":35}},"type":"cond-expr","locations":[{"start":{"line":35,"column":6},"end":{"line":35,"column":35}},{"start":{"line":36,"column":6},"end":{"line":36,"column":35}}],"line":34},"6":{"loc":{"start":{"line":40,"column":9},"end":{"line":40,"column":64}},"type":"binary-expr","locations":[{"start":{"line":40,"column":9},"end":{"line":40,"column":32}},{"start":{"line":40,"column":36},"end":{"line":40,"column":64}}],"line":40},"7":{"loc":{"start":{"line":42,"column":4},"end":{"line":44,"column":5}},"type":"if","locations":[{"start":{"line":42,"column":4},"end":{"line":44,"column":5}},{"start":{},"end":{}}],"line":42},"8":{"loc":{"start":{"line":45,"column":4},"end":{"line":48,"column":15}},"type":"if","locations":[{"start":{"line":45,"column":4},"end":{"line":48,"column":15}},{"start":{"line":46,"column":9},"end":{"line":48,"column":15}}],"line":45},"9":{"loc":{"start":{"line":46,"column":9},"end":{"line":48,"column":15}},"type":"if","locations":[{"start":{"line":46,"column":9},"end":{"line":48,"column":15}},{"start":{"line":47,"column":9},"end":{"line":48,"column":15}}],"line":46},"10":{"loc":{"start":{"line":47,"column":9},"end":{"line":48,"column":15}},"type":"if","locations":[{"start":{"line":47,"column":9},"end":{"line":48,"column":15}},{"start":{"line":48,"column":9},"end":{"line":48,"column":15}}],"line":47},"11":{"loc":{"start":{"line":54,"column":15},"end":{"line":54,"column":63}},"type":"binary-expr","locations":[{"start":{"line":54,"column":15},"end":{"line":54,"column":31}},{"start":{"line":54,"column":35},"end":{"line":54,"column":63}}],"line":54},"12":{"loc":{"start":{"line":55,"column":15},"end":{"line":55,"column":42}},"type":"binary-expr","locations":[{"start":{"line":55,"column":15},"end":{"line":55,"column":31}},{"start":{"line":55,"column":35},"end":{"line":55,"column":42}}],"line":55},"13":{"loc":{"start":{"line":58,"column":10},"end":{"line":58,"column":24}},"type":"binary-expr","locations":[{"start":{"line":58,"column":10},"end":{"line":58,"column":19}},{"start":{"line":58,"column":23},"end":{"line":58,"column":24}}],"line":58},"14":{"loc":{"start":{"line":59,"column":12},"end":{"line":59,"column":26}},"type":"binary-expr","locations":[{"start":{"line":59,"column":12},"end":{"line":59,"column":21}},{"start":{"line":59,"column":25},"end":{"line":59,"column":26}}],"line":59},"15":{"loc":{"start":{"line":61,"column":26},"end":{"line":61,"column":53}},"type":"binary-expr","locations":[{"start":{"line":61,"column":26},"end":{"line":61,"column":48}},{"start":{"line":61,"column":52},"end":{"line":61,"column":53}}],"line":61},"16":{"loc":{"start":{"line":62,"column":2},"end":{"line":64,"column":3}},"type":"if","locations":[{"start":{"line":62,"column":2},"end":{"line":64,"column":3}},{"start":{},"end":{}}],"line":62},"17":{"loc":{"start":{"line":62,"column":6},"end":{"line":62,"column":47}},"type":"binary-expr","locations":[{"start":{"line":62,"column":6},"end":{"line":62,"column":31}},{"start":{"line":62,"column":35},"end":{"line":62,"column":47}}],"line":62},"18":{"loc":{"start":{"line":81,"column":12},"end":{"line":81,"column":50}},"type":"if","locations":[{"start":{"line":81,"column":12},"end":{"line":81,"column":50}},{"start":{},"end":{}}],"line":81},"19":{"loc":{"start":{"line":82,"column":12},"end":{"line":82,"column":81}},"type":"if","locations":[{"start":{"line":82,"column":12},"end":{"line":82,"column":81}},{"start":{},"end":{}}],"line":82},"20":{"loc":{"start":{"line":82,"column":16},"end":{"line":82,"column":67}},"type":"binary-expr","locations":[{"start":{"line":82,"column":16},"end":{"line":82,"column":41}},{"start":{"line":82,"column":45},"end":{"line":82,"column":67}}],"line":82},"21":{"loc":{"start":{"line":84,"column":26},"end":{"line":84,"column":57}},"type":"binary-expr","locations":[{"start":{"line":84,"column":26},"end":{"line":84,"column":42}},{"start":{"line":84,"column":46},"end":{"line":84,"column":57}}],"line":84},"22":{"loc":{"start":{"line":85,"column":28},"end":{"line":87,"column":36}},"type":"cond-expr","locations":[{"start":{"line":86,"column":16},"end":{"line":86,"column":69}},{"start":{"line":87,"column":16},"end":{"line":87,"column":36}}],"line":85},"23":{"loc":{"start":{"line":86,"column":43},"end":{"line":86,"column":60}},"type":"binary-expr","locations":[{"start":{"line":86,"column":43},"end":{"line":86,"column":54}},{"start":{"line":86,"column":58},"end":{"line":86,"column":60}}],"line":86},"24":{"loc":{"start":{"line":87,"column":16},"end":{"line":87,"column":36}},"type":"binary-expr","locations":[{"start":{"line":87,"column":16},"end":{"line":87,"column":27}},{"start":{"line":87,"column":31},"end":{"line":87,"column":36}}],"line":87},"25":{"loc":{"start":{"line":98,"column":32},"end":{"line":98,"column":59}},"type":"binary-expr","locations":[{"start":{"line":98,"column":32},"end":{"line":98,"column":54}},{"start":{"line":98,"column":58},"end":{"line":98,"column":59}}],"line":98}},"s":{"0":0,"1":0,"2":0,"3":0,"4":0,"5":0,"6":0,"7":0,"8":0,"9":0,"10":0,"11":0,"12":0,"13":0,"14":0,"15":0,"16":0,"17":0,"18":0,"19":0,"20":0,"21":0,"22":0,"23":0,"24":0,"25":0,"26":0,"27":0,"28":0,"29":0,"30":0,"31":0,"32":0,"33":0,"34":0,"35":0,"36":0,"37":0,"38":0,"39":0,"40":0,"41":0,"42":0,"43":0,"44":0,"45":0,"46":0,"47":0,"48":0,"49":0,"50":0,"51":0,"52":0,"53":0,"54":0},"f":{"0":0,"1":0,"2":0,"3":0,"4":0,"5":0,"6":0,"7":0},"b":{"0":[0,0],"1":[0,0],"2":[0],"3":[0,0],"4":[0,0],"5":[0,0],"6":[0,0],"7":[0,0],"8":[0,0],"9":[0,0],"10":[0,0],"11":[0,0],"12":[0,0],"13":[0,0],"14":[0,0],"15":[0,0],"16":[0,0],"17":[0,0],"18":[0,0],"19":[0,0],"20":[0,0],"21":[0,0],"22":[0,0],"23":[0,0],"24":[0,0],"25":[0,0]}}
,"/Users/anissaevrard/Documents/Projets/ReptiTrack/my-app/src/navigation/screens/ReptileProfileDetails/components/AlertCard.tsx": {"path":"/Users/anissaevrard/Documents/Projets/ReptiTrack/my-app/src/navigation/screens/ReptileProfileDetails/components/AlertCard.tsx","statementMap":{"0":{"start":{"line":11,"column":18},"end":{"line":27,"column":1}},"1":{"start":{"line":12,"column":21},"end":{"line":12,"column":31}},"2":{"start":{"line":13,"column":16},"end":{"line":13,"column":25}},"3":{"start":{"line":14,"column":2},"end":{"line":14,"column":50}},"4":{"start":{"line":14,"column":38},"end":{"line":14,"column":50}},"5":{"start":{"line":15,"column":2},"end":{"line":26,"column":4}},"6":{"start":{"line":21,"column":8},"end":{"line":23,"column":15}},"7":{"start":{"line":29,"column":15},"end":{"line":37,"column":2}}},"fnMap":{"0":{"name":"(anonymous_0)","decl":{"start":{"line":11,"column":18},"end":{"line":11,"column":19}},"loc":{"start":{"line":11,"column":50},"end":{"line":27,"column":1}},"line":11},"1":{"name":"(anonymous_1)","decl":{"start":{"line":20,"column":18},"end":{"line":20,"column":19}},"loc":{"start":{"line":21,"column":8},"end":{"line":23,"column":15}},"line":21}},"branchMap":{"0":{"loc":{"start":{"line":14,"column":2},"end":{"line":14,"column":50}},"type":"if","locations":[{"start":{"line":14,"column":2},"end":{"line":14,"column":50}},{"start":{},"end":{}}],"line":14},"1":{"loc":{"start":{"line":14,"column":6},"end":{"line":14,"column":36}},"type":"binary-expr","locations":[{"start":{"line":14,"column":6},"end":{"line":14,"column":13}},{"start":{"line":14,"column":17},"end":{"line":14,"column":36}}],"line":14}},"s":{"0":0,"1":0,"2":0,"3":0,"4":0,"5":0,"6":0,"7":0},"f":{"0":0,"1":0},"b":{"0":[0,0],"1":[0,0]}}
,"/Users/anissaevrard/Documents/Projets/ReptiTrack/my-app/src/navigation/screens/ReptileProfileDetails/components/GallerySection.tsx": {"path":"/Users/anissaevrard/Documents/Projets/ReptiTrack/my-app/src/navigation/screens/ReptileProfileDetails/components/GallerySection.tsx","statementMap":{"0":{"start":{"line":24,"column":23},"end":{"line":90,"column":1}},"1":{"start":{"line":33,"column":16},"end":{"line":33,"column":25}},"2":{"start":{"line":34,"column":2},"end":{"line":89,"column":4}},"3":{"start":{"line":48,"column":14},"end":{"line":70,"column":32}},"4":{"start":{"line":50,"column":35},"end":{"line":50,"column":53}},"5":{"start":{"line":51,"column":31},"end":{"line":51,"column":44}},"6":{"start":{"line":64,"column":39},"end":{"line":64,"column":53}},"7":{"start":{"line":75,"column":14},"end":{"line":79,"column":21}},"8":{"start":{"line":92,"column":15},"end":{"line":148,"column":2}}},"fnMap":{"0":{"name":"(anonymous_0)","decl":{"start":{"line":24,"column":23},"end":{"line":24,"column":24}},"loc":{"start":{"line":32,"column":27},"end":{"line":90,"column":1}},"line":32},"1":{"name":"(anonymous_1)","decl":{"start":{"line":47,"column":24},"end":{"line":47,"column":25}},"loc":{"start":{"line":48,"column":14},"end":{"line":70,"column":32}},"line":48},"2":{"name":"(anonymous_2)","decl":{"start":{"line":50,"column":29},"end":{"line":50,"column":30}},"loc":{"start":{"line":50,"column":35},"end":{"line":50,"column":53}},"line":50},"3":{"name":"(anonymous_3)","decl":{"start":{"line":51,"column":25},"end":{"line":51,"column":26}},"loc":{"start":{"line":51,"column":31},"end":{"line":51,"column":44}},"line":51},"4":{"name":"(anonymous_4)","decl":{"start":{"line":64,"column":33},"end":{"line":64,"column":34}},"loc":{"start":{"line":64,"column":39},"end":{"line":64,"column":53}},"line":64},"5":{"name":"(anonymous_5)","decl":{"start":{"line":74,"column":19},"end":{"line":74,"column":20}},"loc":{"start":{"line":75,"column":14},"end":{"line":79,"column":21}},"line":75}},"branchMap":{"0":{"loc":{"start":{"line":42,"column":7},"end":{"line":87,"column":7}},"type":"cond-expr","locations":[{"start":{"line":43,"column":8},"end":{"line":43,"column":51}},{"start":{"line":44,"column":10},"end":{"line":87,"column":7}}],"line":42},"1":{"loc":{"start":{"line":44,"column":10},"end":{"line":87,"column":7}},"type":"cond-expr","locations":[{"start":{"line":45,"column":8},"end":{"line":82,"column":21}},{"start":{"line":84,"column":8},"end":{"line":86,"column":15}}],"line":44},"2":{"loc":{"start":{"line":44,"column":10},"end":{"line":44,"column":37}},"type":"binary-expr","locations":[{"start":{"line":44,"column":10},"end":{"line":44,"column":16}},{"start":{"line":44,"column":20},"end":{"line":44,"column":37}}],"line":44},"3":{"loc":{"start":{"line":60,"column":21},"end":{"line":67,"column":21}},"type":"binary-expr","locations":[{"start":{"line":60,"column":21},"end":{"line":60,"column":28}},{"start":{"line":61,"column":22},"end":{"line":66,"column":24}}],"line":60}},"s":{"0":0,"1":0,"2":0,"3":0,"4":0,"5":0,"6":0,"7":0,"8":0},"f":{"0":0,"1":0,"2":0,"3":0,"4":0,"5":0},"b":{"0":[0,0],"1":[0,0],"2":[0,0],"3":[0,0]}}
,"/Users/anissaevrard/Documents/Projets/ReptiTrack/my-app/src/navigation/screens/ReptileProfileDetails/components/GeneticsSection.tsx": {"path":"/Users/anissaevrard/Documents/Projets/ReptiTrack/my-app/src/navigation/screens/ReptileProfileDetails/components/GeneticsSection.tsx","statementMap":{"0":{"start":{"line":29,"column":24},"end":{"line":79,"column":1}},"1":{"start":{"line":35,"column":16},"end":{"line":35,"column":25}},"2":{"start":{"line":36,"column":42},"end":{"line":47,"column":3}},"3":{"start":{"line":48,"column":2},"end":{"line":78,"column":4}},"4":{"start":{"line":52,"column":25},"end":{"line":52,"column":60}},"5":{"start":{"line":57,"column":12},"end":{"line":65,"column":14}},"6":{"start":{"line":62,"column":16},"end":{"line":62,"column":69}},"7":{"start":{"line":62,"column":43},"end":{"line":62,"column":67}},"8":{"start":{"line":81,"column":15},"end":{"line":94,"column":2}}},"fnMap":{"0":{"name":"(anonymous_0)","decl":{"start":{"line":29,"column":24},"end":{"line":29,"column":25}},"loc":{"start":{"line":34,"column":28},"end":{"line":79,"column":1}},"line":34},"1":{"name":"(anonymous_1)","decl":{"start":{"line":52,"column":14},"end":{"line":52,"column":15}},"loc":{"start":{"line":52,"column":25},"end":{"line":52,"column":60}},"line":52},"2":{"name":"(anonymous_2)","decl":{"start":{"line":56,"column":30},"end":{"line":56,"column":31}},"loc":{"start":{"line":57,"column":12},"end":{"line":65,"column":14}},"line":57},"3":{"name":"(anonymous_3)","decl":{"start":{"line":61,"column":28},"end":{"line":61,"column":29}},"loc":{"start":{"line":62,"column":16},"end":{"line":62,"column":69}},"line":62},"4":{"name":"(anonymous_4)","decl":{"start":{"line":62,"column":32},"end":{"line":62,"column":33}},"loc":{"start":{"line":62,"column":43},"end":{"line":62,"column":67}},"line":62}},"branchMap":{"0":{"loc":{"start":{"line":60,"column":21},"end":{"line":60,"column":53}},"type":"binary-expr","locations":[{"start":{"line":60,"column":21},"end":{"line":60,"column":47}},{"start":{"line":60,"column":51},"end":{"line":60,"column":53}}],"line":60}},"s":{"0":0,"1":0,"2":0,"3":0,"4":0,"5":0,"6":0,"7":0,"8":0},"f":{"0":0,"1":0,"2":0,"3":0,"4":0},"b":{"0":[0,0]}}
,"/Users/anissaevrard/Documents/Projets/ReptiTrack/my-app/src/navigation/screens/ReptileProfileDetails/components/HistorySection.tsx": {"path":"/Users/anissaevrard/Documents/Projets/ReptiTrack/my-app/src/navigation/screens/ReptileProfileDetails/components/HistorySection.tsx","statementMap":{"0":{"start":{"line":33,"column":23},"end":{"line":144,"column":1}},"1":{"start":{"line":44,"column":16},"end":{"line":44,"column":25}},"2":{"start":{"line":45,"column":2},"end":{"line":143,"column":4}},"3":{"start":{"line":50,"column":25},"end":{"line":50,"column":61}},"4":{"start":{"line":57,"column":16},"end":{"line":71,"column":34}},"5":{"start":{"line":59,"column":37},"end":{"line":59,"column":64}},"6":{"start":{"line":94,"column":25},"end":{"line":94,"column":61}},"7":{"start":{"line":112,"column":16},"end":{"line":123,"column":34}},"8":{"start":{"line":114,"column":37},"end":{"line":114,"column":58}},"9":{"start":{"line":146,"column":15},"end":{"line":170,"column":2}}},"fnMap":{"0":{"name":"(anonymous_0)","decl":{"start":{"line":33,"column":23},"end":{"line":33,"column":24}},"loc":{"start":{"line":43,"column":27},"end":{"line":144,"column":1}},"line":43},"1":{"name":"(anonymous_1)","decl":{"start":{"line":50,"column":14},"end":{"line":50,"column":15}},"loc":{"start":{"line":50,"column":25},"end":{"line":50,"column":61}},"line":50},"2":{"name":"(anonymous_2)","decl":{"start":{"line":56,"column":28},"end":{"line":56,"column":29}},"loc":{"start":{"line":57,"column":16},"end":{"line":71,"column":34}},"line":57},"3":{"name":"(anonymous_3)","decl":{"start":{"line":59,"column":31},"end":{"line":59,"column":32}},"loc":{"start":{"line":59,"column":37},"end":{"line":59,"column":64}},"line":59},"4":{"name":"(anonymous_4)","decl":{"start":{"line":94,"column":14},"end":{"line":94,"column":15}},"loc":{"start":{"line":94,"column":25},"end":{"line":94,"column":61}},"line":94},"5":{"name":"(anonymous_5)","decl":{"start":{"line":111,"column":25},"end":{"line":111,"column":26}},"loc":{"start":{"line":112,"column":16},"end":{"line":123,"column":34}},"line":112},"6":{"name":"(anonymous_6)","decl":{"start":{"line":114,"column":31},"end":{"line":114,"column":32}},"loc":{"start":{"line":114,"column":37},"end":{"line":114,"column":58}},"line":114}},"branchMap":{"0":{"loc":{"start":{"line":53,"column":9},"end":{"line":88,"column":9}},"type":"cond-expr","locations":[{"start":{"line":54,"column":10},"end":{"line":83,"column":17}},{"start":{"line":85,"column":10},"end":{"line":87,"column":17}}],"line":53},"1":{"loc":{"start":{"line":53,"column":9},"end":{"line":53,"column":40}},"type":"binary-expr","locations":[{"start":{"line":53,"column":9},"end":{"line":53,"column":17}},{"start":{"line":53,"column":21},"end":{"line":53,"column":40}}],"line":53},"2":{"loc":{"start":{"line":64,"column":23},"end":{"line":64,"column":69}},"type":"binary-expr","locations":[{"start":{"line":64,"column":23},"end":{"line":64,"column":40}},{"start":{"line":64,"column":44},"end":{"line":64,"column":69}}],"line":64},"3":{"loc":{"start":{"line":67,"column":58},"end":{"line":67,"column":79}},"type":"binary-expr","locations":[{"start":{"line":67,"column":58},"end":{"line":67,"column":74}},{"start":{"line":67,"column":78},"end":{"line":67,"column":79}}],"line":67},"4":{"loc":{"start":{"line":68,"column":23},"end":{"line":68,"column":41}},"type":"binary-expr","locations":[{"start":{"line":68,"column":23},"end":{"line":68,"column":35}},{"start":{"line":68,"column":39},"end":{"line":68,"column":41}}],"line":68},"5":{"loc":{"start":{"line":74,"column":13},"end":{"line":82,"column":13}},"type":"binary-expr","locations":[{"start":{"line":74,"column":13},"end":{"line":74,"column":28}},{"start":{"line":74,"column":32},"end":{"line":74,"column":50}},{"start":{"line":75,"column":14},"end":{"line":81,"column":23}}],"line":74},"6":{"loc":{"start":{"line":108,"column":9},"end":{"line":140,"column":9}},"type":"cond-expr","locations":[{"start":{"line":109,"column":10},"end":{"line":135,"column":13}},{"start":{"line":137,"column":10},"end":{"line":139,"column":17}}],"line":108},"7":{"loc":{"start":{"line":108,"column":9},"end":{"line":108,"column":34}},"type":"binary-expr","locations":[{"start":{"line":108,"column":9},"end":{"line":108,"column":14}},{"start":{"line":108,"column":18},"end":{"line":108,"column":34}}],"line":108},"8":{"loc":{"start":{"line":126,"column":13},"end":{"line":134,"column":13}},"type":"binary-expr","locations":[{"start":{"line":126,"column":13},"end":{"line":126,"column":25}},{"start":{"line":126,"column":29},"end":{"line":126,"column":44}},{"start":{"line":127,"column":14},"end":{"line":133,"column":23}}],"line":126}},"s":{"0":0,"1":0,"2":0,"3":0,"4":0,"5":0,"6":0,"7":0,"8":0,"9":0},"f":{"0":0,"1":0,"2":0,"3":0,"4":0,"5":0,"6":0},"b":{"0":[0,0],"1":[0,0],"2":[0,0],"3":[0,0],"4":[0,0],"5":[0,0,0],"6":[0,0],"7":[0,0],"8":[0,0,0]}}
,"/Users/anissaevrard/Documents/Projets/ReptiTrack/my-app/src/navigation/screens/ReptileProfileDetails/components/InfoAccordion.tsx": {"path":"/Users/anissaevrard/Documents/Projets/ReptiTrack/my-app/src/navigation/screens/ReptileProfileDetails/components/InfoAccordion.tsx","statementMap":{"0":{"start":{"line":23,"column":22},"end":{"line":60,"column":1}},"1":{"start":{"line":24,"column":2},"end":{"line":59,"column":4}},"2":{"start":{"line":27,"column":23},"end":{"line":27,"column":59}},"3":{"start":{"line":30,"column":25},"end":{"line":30,"column":48}},"4":{"start":{"line":32,"column":10},"end":{"line":34,"column":16}},"5":{"start":{"line":35,"column":8},"end":{"line":56,"column":10}},"6":{"start":{"line":62,"column":15},"end":{"line":80,"column":2}}},"fnMap":{"0":{"name":"(anonymous_0)","decl":{"start":{"line":23,"column":22},"end":{"line":23,"column":23}},"loc":{"start":{"line":23,"column":71},"end":{"line":60,"column":1}},"line":23},"1":{"name":"(anonymous_1)","decl":{"start":{"line":27,"column":12},"end":{"line":27,"column":13}},"loc":{"start":{"line":27,"column":23},"end":{"line":27,"column":59}},"line":27},"2":{"name":"(anonymous_2)","decl":{"start":{"line":29,"column":18},"end":{"line":29,"column":19}},"loc":{"start":{"line":29,"column":34},"end":{"line":57,"column":7}},"line":29}},"branchMap":{"0":{"loc":{"start":{"line":30,"column":25},"end":{"line":30,"column":48}},"type":"binary-expr","locations":[{"start":{"line":30,"column":25},"end":{"line":30,"column":39}},{"start":{"line":30,"column":43},"end":{"line":30,"column":48}}],"line":30},"1":{"loc":{"start":{"line":32,"column":10},"end":{"line":34,"column":16}},"type":"cond-expr","locations":[{"start":{"line":33,"column":14},"end":{"line":33,"column":33}},{"start":{"line":34,"column":14},"end":{"line":34,"column":16}}],"line":32},"2":{"loc":{"start":{"line":32,"column":10},"end":{"line":32,"column":59}},"type":"binary-expr","locations":[{"start":{"line":32,"column":10},"end":{"line":32,"column":35}},{"start":{"line":32,"column":39},"end":{"line":32,"column":59}}],"line":32},"3":{"loc":{"start":{"line":40,"column":13},"end":{"line":53,"column":13}},"type":"cond-expr","locations":[{"start":{"line":41,"column":14},"end":{"line":41,"column":28}},{"start":{"line":42,"column":16},"end":{"line":53,"column":13}}],"line":40},"4":{"loc":{"start":{"line":42,"column":16},"end":{"line":53,"column":13}},"type":"cond-expr","locations":[{"start":{"line":43,"column":14},"end":{"line":45,"column":21}},{"start":{"line":47,"column":14},"end":{"line":52,"column":16}}],"line":42},"5":{"loc":{"start":{"line":44,"column":17},"end":{"line":44,"column":29}},"type":"binary-expr","locations":[{"start":{"line":44,"column":17},"end":{"line":44,"column":22}},{"start":{"line":44,"column":26},"end":{"line":44,"column":29}}],"line":44},"6":{"loc":{"start":{"line":54,"column":13},"end":{"line":54,"column":82}},"type":"cond-expr","locations":[{"start":{"line":54,"column":41},"end":{"line":54,"column":45}},{"start":{"line":54,"column":48},"end":{"line":54,"column":82}}],"line":54}},"s":{"0":0,"1":0,"2":0,"3":0,"4":0,"5":0,"6":0},"f":{"0":0,"1":0,"2":0},"b":{"0":[0,0],"1":[0,0],"2":[0,0],"3":[0,0],"4":[0,0],"5":[0,0],"6":[0,0]}}
,"/Users/anissaevrard/Documents/Projets/ReptiTrack/my-app/src/navigation/screens/ReptileProfileDetails/components/QrCodeSection.tsx": {"path":"/Users/anissaevrard/Documents/Projets/ReptiTrack/my-app/src/navigation/screens/ReptileProfileDetails/components/QrCodeSection.tsx","statementMap":{"0":{"start":{"line":27,"column":22},"end":{"line":116,"column":1}},"1":{"start":{"line":28,"column":16},"end":{"line":28,"column":25}},"2":{"start":{"line":29,"column":19},"end":{"line":29,"column":32}},"3":{"start":{"line":30,"column":16},"end":{"line":30,"column":33}},"4":{"start":{"line":32,"column":18},"end":{"line":37,"column":15}},"5":{"start":{"line":33,"column":4},"end":{"line":35,"column":5}},"6":{"start":{"line":34,"column":6},"end":{"line":34,"column":29}},"7":{"start":{"line":36,"column":4},"end":{"line":36,"column":48}},"8":{"start":{"line":39,"column":21},"end":{"line":47,"column":15}},"9":{"start":{"line":40,"column":4},"end":{"line":43,"column":5}},"10":{"start":{"line":41,"column":6},"end":{"line":41,"column":40}},"11":{"start":{"line":42,"column":6},"end":{"line":42,"column":13}},"12":{"start":{"line":44,"column":4},"end":{"line":46,"column":7}},"13":{"start":{"line":45,"column":6},"end":{"line":45,"column":21}},"14":{"start":{"line":49,"column":22},"end":{"line":65,"column":40}},"15":{"start":{"line":50,"column":4},"end":{"line":53,"column":5}},"16":{"start":{"line":51,"column":6},"end":{"line":51,"column":37}},"17":{"start":{"line":52,"column":6},"end":{"line":52,"column":13}},"18":{"start":{"line":54,"column":4},"end":{"line":57,"column":5}},"19":{"start":{"line":55,"column":6},"end":{"line":55,"column":46}},"20":{"start":{"line":56,"column":6},"end":{"line":56,"column":13}},"21":{"start":{"line":58,"column":4},"end":{"line":64,"column":7}},"22":{"start":{"line":59,"column":22},"end":{"line":59,"column":89}},"23":{"start":{"line":60,"column":6},"end":{"line":62,"column":9}},"24":{"start":{"line":63,"column":6},"end":{"line":63,"column":40}},"25":{"start":{"line":67,"column":22},"end":{"line":87,"column":42}},"26":{"start":{"line":68,"column":4},"end":{"line":71,"column":5}},"27":{"start":{"line":69,"column":6},"end":{"line":69,"column":37}},"28":{"start":{"line":70,"column":6},"end":{"line":70,"column":13}},"29":{"start":{"line":72,"column":4},"end":{"line":86,"column":7}},"30":{"start":{"line":73,"column":6},"end":{"line":85,"column":7}},"31":{"start":{"line":74,"column":31},"end":{"line":74,"column":57}},"32":{"start":{"line":75,"column":21},"end":{"line":81,"column":16}},"33":{"start":{"line":82,"column":8},"end":{"line":82,"column":35}},"34":{"start":{"line":84,"column":8},"end":{"line":84,"column":48}},"35":{"start":{"line":89,"column":2},"end":{"line":115,"column":4}},"36":{"start":{"line":118,"column":15},"end":{"line":139,"column":2}}},"fnMap":{"0":{"name":"(anonymous_0)","decl":{"start":{"line":27,"column":22},"end":{"line":27,"column":23}},"loc":{"start":{"line":27,"column":59},"end":{"line":116,"column":1}},"line":27},"1":{"name":"(anonymous_1)","decl":{"start":{"line":32,"column":26},"end":{"line":32,"column":27}},"loc":{"start":{"line":32,"column":32},"end":{"line":37,"column":3}},"line":32},"2":{"name":"(anonymous_2)","decl":{"start":{"line":39,"column":33},"end":{"line":39,"column":34}},"loc":{"start":{"line":39,"column":80},"end":{"line":47,"column":3}},"line":39},"3":{"name":"(anonymous_3)","decl":{"start":{"line":44,"column":28},"end":{"line":44,"column":29}},"loc":{"start":{"line":44,"column":52},"end":{"line":46,"column":5}},"line":44},"4":{"name":"(anonymous_4)","decl":{"start":{"line":49,"column":34},"end":{"line":49,"column":35}},"loc":{"start":{"line":49,"column":46},"end":{"line":65,"column":3}},"line":49},"5":{"name":"(anonymous_5)","decl":{"start":{"line":58,"column":21},"end":{"line":58,"column":22}},"loc":{"start":{"line":58,"column":37},"end":{"line":64,"column":5}},"line":58},"6":{"name":"(anonymous_6)","decl":{"start":{"line":67,"column":34},"end":{"line":67,"column":35}},"loc":{"start":{"line":67,"column":46},"end":{"line":87,"column":3}},"line":67},"7":{"name":"(anonymous_7)","decl":{"start":{"line":72,"column":21},"end":{"line":72,"column":22}},"loc":{"start":{"line":72,"column":37},"end":{"line":86,"column":5}},"line":72}},"branchMap":{"0":{"loc":{"start":{"line":33,"column":4},"end":{"line":35,"column":5}},"type":"if","locations":[{"start":{"line":33,"column":4},"end":{"line":35,"column":5}},{"start":{},"end":{}}],"line":33},"1":{"loc":{"start":{"line":40,"column":4},"end":{"line":43,"column":5}},"type":"if","locations":[{"start":{"line":40,"column":4},"end":{"line":43,"column":5}},{"start":{},"end":{}}],"line":40},"2":{"loc":{"start":{"line":40,"column":8},"end":{"line":40,"column":50}},"type":"binary-expr","locations":[{"start":{"line":40,"column":8},"end":{"line":40,"column":22}},{"start":{"line":40,"column":26},"end":{"line":40,"column":50}}],"line":40},"3":{"loc":{"start":{"line":50,"column":4},"end":{"line":53,"column":5}},"type":"if","locations":[{"start":{"line":50,"column":4},"end":{"line":53,"column":5}},{"start":{},"end":{}}],"line":50},"4":{"loc":{"start":{"line":54,"column":4},"end":{"line":57,"column":5}},"type":"if","locations":[{"start":{"line":54,"column":4},"end":{"line":57,"column":5}},{"start":{},"end":{}}],"line":54},"5":{"loc":{"start":{"line":59,"column":56},"end":{"line":59,"column":83}},"type":"binary-expr","locations":[{"start":{"line":59,"column":56},"end":{"line":59,"column":67}},{"start":{"line":59,"column":71},"end":{"line":59,"column":83}}],"line":59},"6":{"loc":{"start":{"line":68,"column":4},"end":{"line":71,"column":5}},"type":"if","locations":[{"start":{"line":68,"column":4},"end":{"line":71,"column":5}},{"start":{},"end":{}}],"line":68},"7":{"loc":{"start":{"line":78,"column":18},"end":{"line":78,"column":47}},"type":"binary-expr","locations":[{"start":{"line":78,"column":18},"end":{"line":78,"column":31}},{"start":{"line":78,"column":35},"end":{"line":78,"column":47}}],"line":78}},"s":{"0":0,"1":0,"2":0,"3":0,"4":0,"5":0,"6":0,"7":0,"8":0,"9":0,"10":0,"11":0,"12":0,"13":0,"14":0,"15":0,"16":0,"17":0,"18":0,"19":0,"20":0,"21":0,"22":0,"23":0,"24":0,"25":0,"26":0,"27":0,"28":0,"29":0,"30":0,"31":0,"32":0,"33":0,"34":0,"35":0,"36":0},"f":{"0":0,"1":0,"2":0,"3":0,"4":0,"5":0,"6":0,"7":0},"b":{"0":[0,0],"1":[0,0],"2":[0,0],"3":[0,0],"4":[0,0],"5":[0,0],"6":[0,0],"7":[0,0]}}
,"/Users/anissaevrard/Documents/Projets/ReptiTrack/my-app/src/navigation/screens/ReptileProfileDetails/components/QuickActions.tsx": {"path":"/Users/anissaevrard/Documents/Projets/ReptiTrack/my-app/src/navigation/screens/ReptileProfileDetails/components/QuickActions.tsx","statementMap":{"0":{"start":{"line":16,"column":21},"end":{"line":78,"column":1}},"1":{"start":{"line":22,"column":21},"end":{"line":22,"column":31}},"2":{"start":{"line":23,"column":16},"end":{"line":23,"column":25}},"3":{"start":{"line":24,"column":2},"end":{"line":77,"column":4}},"4":{"start":{"line":80,"column":15},"end":{"line":109,"column":2}}},"fnMap":{"0":{"name":"(anonymous_0)","decl":{"start":{"line":16,"column":21},"end":{"line":16,"column":22}},"loc":{"start":{"line":21,"column":25},"end":{"line":78,"column":1}},"line":21}},"branchMap":{"0":{"loc":{"start":{"line":63,"column":9},"end":{"line":74,"column":9}},"type":"binary-expr","locations":[{"start":{"line":63,"column":9},"end":{"line":63,"column":20}},{"start":{"line":64,"column":10},"end":{"line":73,"column":19}}],"line":63}},"s":{"0":0,"1":0,"2":0,"3":0,"4":0},"f":{"0":0},"b":{"0":[0,0]}}
,"/Users/anissaevrard/Documents/Projets/ReptiTrack/my-app/src/shared/components/Lottie/index.web.tsx": {"path":"/Users/anissaevrard/Documents/Projets/ReptiTrack/my-app/src/shared/components/Lottie/index.web.tsx","statementMap":{"0":{"start":{"line":5,"column":32},"end":{"line":16,"column":1}},"1":{"start":{"line":6,"column":55},"end":{"line":6,"column":60}},"2":{"start":{"line":7,"column":2},"end":{"line":15,"column":4}}},"fnMap":{"0":{"name":"(anonymous_0)","decl":{"start":{"line":5,"column":32},"end":{"line":5,"column":33}},"loc":{"start":{"line":5,"column":43},"end":{"line":16,"column":1}},"line":5}},"branchMap":{},"s":{"0":0,"1":0,"2":0},"f":{"0":0},"b":{}}
,"/Users/anissaevrard/Documents/Projets/ReptiTrack/my-app/src/shared/components/TimePicker/index.web.tsx": {"path":"/Users/anissaevrard/Documents/Projets/ReptiTrack/my-app/src/shared/components/TimePicker/index.web.tsx","statementMap":{"0":{"start":{"line":6,"column":40},"end":{"line":24,"column":1}},"1":{"start":{"line":7,"column":51},"end":{"line":7,"column":56}},"2":{"start":{"line":8,"column":24},"end":{"line":8,"column":33}},"3":{"start":{"line":9,"column":2},"end":{"line":23,"column":4}},"4":{"start":{"line":14,"column":23},"end":{"line":14,"column":43}}},"fnMap":{"0":{"name":"(anonymous_0)","decl":{"start":{"line":6,"column":40},"end":{"line":6,"column":41}},"loc":{"start":{"line":6,"column":51},"end":{"line":24,"column":1}},"line":6},"1":{"name":"(anonymous_1)","decl":{"start":{"line":14,"column":17},"end":{"line":14,"column":18}},"loc":{"start":{"line":14,"column":23},"end":{"line":14,"column":43}},"line":14}},"branchMap":{},"s":{"0":0,"1":0,"2":0,"3":0,"4":0},"f":{"0":0,"1":0},"b":{}}
,"/Users/anissaevrard/Documents/Projets/ReptiTrack/my-app/src/shared/constants/foodCatalog.ts": {"path":"/Users/anissaevrard/Documents/Projets/ReptiTrack/my-app/src/shared/constants/foodCatalog.ts","statementMap":{"0":{"start":{"line":20,"column":41},"end":{"line":31,"column":1}},"1":{"start":{"line":33,"column":38},"end":{"line":101,"column":1}},"2":{"start":{"line":103,"column":23},"end":{"line":103,"column":48}},"3":{"start":{"line":104,"column":28},"end":{"line":104,"column":58}},"4":{"start":{"line":106,"column":17},"end":{"line":108,"column":1}},"5":{"start":{"line":107,"column":2},"end":{"line":107,"column":54}},"6":{"start":{"line":110,"column":21},"end":{"line":112,"column":1}},"7":{"start":{"line":111,"column":2},"end":{"line":111,"column":59}},"8":{"start":{"line":115,"column":54},"end":{"line":129,"column":1}},"9":{"start":{"line":131,"column":0},"end":{"line":140,"column":3}},"10":{"start":{"line":132,"column":2},"end":{"line":132,"column":31}},"11":{"start":{"line":133,"column":2},"end":{"line":135,"column":3}},"12":{"start":{"line":134,"column":4},"end":{"line":134,"column":63}},"13":{"start":{"line":134,"column":36},"end":{"line":134,"column":61}},"14":{"start":{"line":136,"column":17},"end":{"line":136,"column":46}},"15":{"start":{"line":137,"column":2},"end":{"line":139,"column":3}},"16":{"start":{"line":138,"column":4},"end":{"line":138,"column":57}},"17":{"start":{"line":138,"column":30},"end":{"line":138,"column":55}},"18":{"start":{"line":143,"column":0},"end":{"line":143,"column":34}},"19":{"start":{"line":144,"column":0},"end":{"line":144,"column":33}},"20":{"start":{"line":145,"column":0},"end":{"line":145,"column":34}},"21":{"start":{"line":146,"column":0},"end":{"line":146,"column":36}},"22":{"start":{"line":147,"column":0},"end":{"line":147,"column":35}},"23":{"start":{"line":148,"column":0},"end":{"line":148,"column":34}},"24":{"start":{"line":149,"column":0},"end":{"line":149,"column":36}},"25":{"start":{"line":150,"column":0},"end":{"line":150,"column":35}},"26":{"start":{"line":151,"column":0},"end":{"line":151,"column":34}},"27":{"start":{"line":152,"column":0},"end":{"line":152,"column":32}},"28":{"start":{"line":153,"column":0},"end":{"line":153,"column":29}},"29":{"start":{"line":154,"column":0},"end":{"line":154,"column":35}},"30":{"start":{"line":155,"column":0},"end":{"line":155,"column":39}},"31":{"start":{"line":156,"column":0},"end":{"line":156,"column":39}},"32":{"start":{"line":157,"column":0},"end":{"line":157,"column":43}},"33":{"start":{"line":158,"column":0},"end":{"line":158,"column":45}},"34":{"start":{"line":159,"column":0},"end":{"line":159,"column":28}},"35":{"start":{"line":160,"column":0},"end":{"line":160,"column":27}},"36":{"start":{"line":161,"column":0},"end":{"line":161,"column":35}},"37":{"start":{"line":162,"column":0},"end":{"line":162,"column":35}},"38":{"start":{"line":163,"column":0},"end":{"line":163,"column":31}},"39":{"start":{"line":164,"column":0},"end":{"line":164,"column":31}},"40":{"start":{"line":166,"column":33},"end":{"line":170,"column":1}},"41":{"start":{"line":167,"column":2},"end":{"line":167,"column":23}},"42":{"start":{"line":167,"column":13},"end":{"line":167,"column":23}},"43":{"start":{"line":168,"column":14},"end":{"line":168,"column":59}},"44":{"start":{"line":169,"column":2},"end":{"line":169,"column":28}},"45":{"start":{"line":172,"column":38},"end":{"line":179,"column":1}},"46":{"start":{"line":175,"column":2},"end":{"line":175,"column":25}},"47":{"start":{"line":175,"column":13},"end":{"line":175,"column":25}},"48":{"start":{"line":176,"column":20},"end":{"line":176,"column":43}},"49":{"start":{"line":177,"column":15},"end":{"line":177,"column":58}},"50":{"start":{"line":177,"column":38},"end":{"line":177,"column":57}},"51":{"start":{"line":178,"column":2},"end":{"line":178,"column":33}},"52":{"start":{"line":181,"column":33},"end":{"line":186,"column":1}},"53":{"start":{"line":184,"column":2},"end":{"line":184,"column":25}},"54":{"start":{"line":184,"column":13},"end":{"line":184,"column":25}},"55":{"start":{"line":185,"column":2},"end":{"line":185,"column":68}},"56":{"start":{"line":188,"column":28},"end":{"line":196,"column":1}},"57":{"start":{"line":192,"column":2},"end":{"line":192,"column":23}},"58":{"start":{"line":192,"column":13},"end":{"line":192,"column":23}},"59":{"start":{"line":193,"column":20},"end":{"line":193,"column":43}},"60":{"start":{"line":194,"column":15},"end":{"line":194,"column":58}},"61":{"start":{"line":194,"column":38},"end":{"line":194,"column":57}},"62":{"start":{"line":195,"column":2},"end":{"line":195,"column":40}},"63":{"start":{"line":198,"column":32},"end":{"line":227,"column":1}},"64":{"start":{"line":202,"column":14},"end":{"line":202,"column":69}},"65":{"start":{"line":203,"column":2},"end":{"line":226,"column":3}},"66":{"start":{"line":205,"column":6},"end":{"line":205,"column":35}},"67":{"start":{"line":207,"column":6},"end":{"line":207,"column":36}},"68":{"start":{"line":209,"column":6},"end":{"line":209,"column":36}},"69":{"start":{"line":211,"column":6},"end":{"line":211,"column":33}},"70":{"start":{"line":213,"column":6},"end":{"line":213,"column":36}},"71":{"start":{"line":215,"column":6},"end":{"line":215,"column":38}},"72":{"start":{"line":217,"column":6},"end":{"line":217,"column":41}},"73":{"start":{"line":219,"column":6},"end":{"line":219,"column":32}},"74":{"start":{"line":221,"column":6},"end":{"line":221,"column":36}},"75":{"start":{"line":223,"column":6},"end":{"line":223,"column":34}},"76":{"start":{"line":225,"column":6},"end":{"line":225,"column":42}},"77":{"start":{"line":229,"column":30},"end":{"line":238,"column":1}},"78":{"start":{"line":230,"column":20},"end":{"line":230,"column":43}},"79":{"start":{"line":231,"column":18},"end":{"line":231,"column":20}},"80":{"start":{"line":232,"column":2},"end":{"line":236,"column":5}},"81":{"start":{"line":233,"column":4},"end":{"line":235,"column":5}},"82":{"start":{"line":234,"column":6},"end":{"line":234,"column":26}},"83":{"start":{"line":237,"column":2},"end":{"line":237,"column":54}}},"fnMap":{"0":{"name":"(anonymous_0)","decl":{"start":{"line":106,"column":17},"end":{"line":106,"column":18}},"loc":{"start":{"line":106,"column":49},"end":{"line":108,"column":1}},"line":106},"1":{"name":"(anonymous_1)","decl":{"start":{"line":110,"column":21},"end":{"line":110,"column":22}},"loc":{"start":{"line":110,"column":58},"end":{"line":112,"column":1}},"line":110},"2":{"name":"(anonymous_2)","decl":{"start":{"line":131,"column":19},"end":{"line":131,"column":20}},"loc":{"start":{"line":131,"column":29},"end":{"line":140,"column":1}},"line":131},"3":{"name":"(anonymous_3)","decl":{"start":{"line":134,"column":25},"end":{"line":134,"column":26}},"loc":{"start":{"line":134,"column":36},"end":{"line":134,"column":61}},"line":134},"4":{"name":"(anonymous_4)","decl":{"start":{"line":138,"column":19},"end":{"line":138,"column":20}},"loc":{"start":{"line":138,"column":30},"end":{"line":138,"column":55}},"line":138},"5":{"name":"(anonymous_5)","decl":{"start":{"line":166,"column":33},"end":{"line":166,"column":34}},"loc":{"start":{"line":166,"column":67},"end":{"line":170,"column":1}},"line":166},"6":{"name":"(anonymous_6)","decl":{"start":{"line":172,"column":38},"end":{"line":172,"column":39}},"loc":{"start":{"line":174,"column":25},"end":{"line":179,"column":1}},"line":174},"7":{"name":"(anonymous_7)","decl":{"start":{"line":177,"column":31},"end":{"line":177,"column":32}},"loc":{"start":{"line":177,"column":38},"end":{"line":177,"column":57}},"line":177},"8":{"name":"(anonymous_8)","decl":{"start":{"line":181,"column":33},"end":{"line":181,"column":34}},"loc":{"start":{"line":183,"column":25},"end":{"line":186,"column":1}},"line":183},"9":{"name":"(anonymous_9)","decl":{"start":{"line":188,"column":28},"end":{"line":188,"column":29}},"loc":{"start":{"line":191,"column":13},"end":{"line":196,"column":1}},"line":191},"10":{"name":"(anonymous_10)","decl":{"start":{"line":194,"column":31},"end":{"line":194,"column":32}},"loc":{"start":{"line":194,"column":38},"end":{"line":194,"column":57}},"line":194},"11":{"name":"(anonymous_11)","decl":{"start":{"line":198,"column":32},"end":{"line":198,"column":33}},"loc":{"start":{"line":201,"column":13},"end":{"line":227,"column":1}},"line":201},"12":{"name":"(anonymous_12)","decl":{"start":{"line":229,"column":30},"end":{"line":229,"column":31}},"loc":{"start":{"line":229,"column":58},"end":{"line":238,"column":1}},"line":229},"13":{"name":"(anonymous_13)","decl":{"start":{"line":232,"column":25},"end":{"line":232,"column":26}},"loc":{"start":{"line":232,"column":43},"end":{"line":236,"column":3}},"line":232}},"branchMap":{"0":{"loc":{"start":{"line":133,"column":2},"end":{"line":135,"column":3}},"type":"if","locations":[{"start":{"line":133,"column":2},"end":{"line":135,"column":3}},{"start":{},"end":{}}],"line":133},"1":{"loc":{"start":{"line":137,"column":2},"end":{"line":139,"column":3}},"type":"if","locations":[{"start":{"line":137,"column":2},"end":{"line":139,"column":3}},{"start":{},"end":{}}],"line":137},"2":{"loc":{"start":{"line":167,"column":2},"end":{"line":167,"column":23}},"type":"if","locations":[{"start":{"line":167,"column":2},"end":{"line":167,"column":23}},{"start":{},"end":{}}],"line":167},"3":{"loc":{"start":{"line":169,"column":9},"end":{"line":169,"column":27}},"type":"binary-expr","locations":[{"start":{"line":169,"column":9},"end":{"line":169,"column":12}},{"start":{"line":169,"column":16},"end":{"line":169,"column":27}}],"line":169},"4":{"loc":{"start":{"line":175,"column":2},"end":{"line":175,"column":25}},"type":"if","locations":[{"start":{"line":175,"column":2},"end":{"line":175,"column":25}},{"start":{},"end":{}}],"line":175},"5":{"loc":{"start":{"line":178,"column":9},"end":{"line":178,"column":32}},"type":"cond-expr","locations":[{"start":{"line":178,"column":16},"end":{"line":178,"column":25}},{"start":{"line":178,"column":28},"end":{"line":178,"column":32}}],"line":178},"6":{"loc":{"start":{"line":184,"column":2},"end":{"line":184,"column":25}},"type":"if","locations":[{"start":{"line":184,"column":2},"end":{"line":184,"column":25}},{"start":{},"end":{}}],"line":184},"7":{"loc":{"start":{"line":185,"column":9},"end":{"line":185,"column":67}},"type":"binary-expr","locations":[{"start":{"line":185,"column":9},"end":{"line":185,"column":59}},{"start":{"line":185,"column":63},"end":{"line":185,"column":67}}],"line":185},"8":{"loc":{"start":{"line":192,"column":2},"end":{"line":192,"column":23}},"type":"if","locations":[{"start":{"line":192,"column":2},"end":{"line":192,"column":23}},{"start":{},"end":{}}],"line":192},"9":{"loc":{"start":{"line":195,"column":9},"end":{"line":195,"column":39}},"type":"cond-expr","locations":[{"start":{"line":195,"column":16},"end":{"line":195,"column":32}},{"start":{"line":195,"column":35},"end":{"line":195,"column":39}}],"line":195},"10":{"loc":{"start":{"line":202,"column":14},"end":{"line":202,"column":69}},"type":"binary-expr","locations":[{"start":{"line":202,"column":14},"end":{"line":202,"column":37}},{"start":{"line":202,"column":42},"end":{"line":202,"column":68}}],"line":202},"11":{"loc":{"start":{"line":203,"column":2},"end":{"line":226,"column":3}},"type":"switch","locations":[{"start":{"line":204,"column":4},"end":{"line":205,"column":35}},{"start":{"line":206,"column":4},"end":{"line":207,"column":36}},{"start":{"line":208,"column":4},"end":{"line":209,"column":36}},{"start":{"line":210,"column":4},"end":{"line":211,"column":33}},{"start":{"line":212,"column":4},"end":{"line":213,"column":36}},{"start":{"line":214,"column":4},"end":{"line":215,"column":38}},{"start":{"line":216,"column":4},"end":{"line":217,"column":41}},{"start":{"line":218,"column":4},"end":{"line":219,"column":32}},{"start":{"line":220,"column":4},"end":{"line":221,"column":36}},{"start":{"line":222,"column":4},"end":{"line":223,"column":34}},{"start":{"line":224,"column":4},"end":{"line":225,"column":42}}],"line":203},"12":{"loc":{"start":{"line":225,"column":13},"end":{"line":225,"column":41}},"type":"binary-expr","locations":[{"start":{"line":225,"column":13},"end":{"line":225,"column":17}},{"start":{"line":225,"column":21},"end":{"line":225,"column":41}}],"line":225},"13":{"loc":{"start":{"line":233,"column":4},"end":{"line":235,"column":5}},"type":"if","locations":[{"start":{"line":233,"column":4},"end":{"line":235,"column":5}},{"start":{},"end":{}}],"line":233}},"s":{"0":1,"1":1,"2":1,"3":1,"4":1,"5":71,"6":1,"7":22,"8":1,"9":1,"10":50,"11":50,"12":0,"13":0,"14":50,"15":50,"16":13,"17":21,"18":1,"19":1,"20":1,"21":1,"22":1,"23":1,"24":1,"25":1,"26":1,"27":1,"28":1,"29":1,"30":1,"31":1,"32":1,"33":1,"34":1,"35":1,"36":1,"37":1,"38":1,"39":1,"40":1,"41":7,"42":0,"43":7,"44":7,"45":1,"46":3,"47":0,"48":3,"49":3,"50":61,"51":3,"52":1,"53":4,"54":0,"55":4,"56":1,"57":1,"58":0,"59":1,"60":1,"61":4,"62":1,"63":1,"64":1,"65":1,"66":1,"67":0,"68":0,"69":0,"70":0,"71":0,"72":0,"73":0,"74":0,"75":0,"76":0,"77":1,"78":0,"79":0,"80":0,"81":0,"82":0,"83":0},"f":{"0":71,"1":22,"2":50,"3":0,"4":21,"5":7,"6":3,"7":61,"8":4,"9":1,"10":4,"11":1,"12":0,"13":0},"b":{"0":[0,50],"1":[13,37],"2":[0,7],"3":[7,0],"4":[0,3],"5":[3,0],"6":[0,4],"7":[4,0],"8":[0,1],"9":[1,0],"10":[1,0],"11":[1,0,0,0,0,0,0,0,0,0,0],"12":[0,0],"13":[0,0]},"_coverageSchema":"1a1c01bbd47fc00a2c39e90264f33305004495a9","hash":"7d39cdfa57ff1ad895d5d681dce7ae63b25c45cd"}
,"/Users/anissaevrard/Documents/Projets/ReptiTrack/my-app/src/shared/data/queryClient.ts": {"path":"/Users/anissaevrard/Documents/Projets/ReptiTrack/my-app/src/shared/data/queryClient.ts","statementMap":{"0":{"start":{"line":3,"column":20},"end":{"line":15,"column":2}}},"fnMap":{},"branchMap":{},"s":{"0":0},"f":{},"b":{}}
,"/Users/anissaevrard/Documents/Projets/ReptiTrack/my-app/src/shared/declarations/queriesKeys.ts": {"path":"/Users/anissaevrard/Documents/Projets/ReptiTrack/my-app/src/shared/declarations/queriesKeys.ts","statementMap":{},"fnMap":{},"branchMap":{},"s":{},"f":{},"b":{}}
,"/Users/anissaevrard/Documents/Projets/ReptiTrack/my-app/src/shared/declarations/screenNames.ts": {"path":"/Users/anissaevrard/Documents/Projets/ReptiTrack/my-app/src/shared/declarations/screenNames.ts","statementMap":{},"fnMap":{},"branchMap":{},"s":{},"f":{},"b":{}}
,"/Users/anissaevrard/Documents/Projets/ReptiTrack/my-app/src/shared/local/db.native.ts": {"path":"/Users/anissaevrard/Documents/Projets/ReptiTrack/my-app/src/shared/local/db.native.ts","statementMap":{"0":{"start":{"line":6,"column":18},"end":{"line":6,"column":59}},"1":{"start":{"line":8,"column":23},"end":{"line":15,"column":1}},"2":{"start":{"line":12,"column":13},"end":{"line":12,"column":28}},"3":{"start":{"line":13,"column":15},"end":{"line":13,"column":48}},"4":{"start":{"line":14,"column":2},"end":{"line":14,"column":21}},"5":{"start":{"line":17,"column":27},"end":{"line":23,"column":1}},"6":{"start":{"line":21,"column":13},"end":{"line":21,"column":28}},"7":{"start":{"line":22,"column":2},"end":{"line":22,"column":33}},"8":{"start":{"line":25,"column":29},"end":{"line":178,"column":1}},"9":{"start":{"line":26,"column":13},"end":{"line":26,"column":28}},"10":{"start":{"line":28,"column":2},"end":{"line":143,"column":5}},"11":{"start":{"line":145,"column":2},"end":{"line":149,"column":3}},"12":{"start":{"line":146,"column":4},"end":{"line":146,"column":69}},"13":{"start":{"line":151,"column":2},"end":{"line":155,"column":3}},"14":{"start":{"line":152,"column":4},"end":{"line":152,"column":77}},"15":{"start":{"line":157,"column":2},"end":{"line":161,"column":3}},"16":{"start":{"line":158,"column":4},"end":{"line":158,"column":75}},"17":{"start":{"line":163,"column":23},"end":{"line":170,"column":3}},"18":{"start":{"line":171,"column":2},"end":{"line":177,"column":3}},"19":{"start":{"line":172,"column":4},"end":{"line":176,"column":5}},"20":{"start":{"line":173,"column":6},"end":{"line":173,"column":66}}},"fnMap":{"0":{"name":"(anonymous_0)","decl":{"start":{"line":8,"column":23},"end":{"line":8,"column":24}},"loc":{"start":{"line":11,"column":19},"end":{"line":15,"column":1}},"line":11},"1":{"name":"(anonymous_1)","decl":{"start":{"line":17,"column":27},"end":{"line":17,"column":28}},"loc":{"start":{"line":20,"column":20},"end":{"line":23,"column":1}},"line":20},"2":{"name":"(anonymous_2)","decl":{"start":{"line":25,"column":29},"end":{"line":25,"column":30}},"loc":{"start":{"line":25,"column":41},"end":{"line":178,"column":1}},"line":25}},"branchMap":{"0":{"loc":{"start":{"line":10,"column":2},"end":{"line":10,"column":20}},"type":"default-arg","locations":[{"start":{"line":10,"column":18},"end":{"line":10,"column":20}}],"line":10},"1":{"loc":{"start":{"line":19,"column":2},"end":{"line":19,"column":20}},"type":"default-arg","locations":[{"start":{"line":19,"column":18},"end":{"line":19,"column":20}}],"line":19}},"s":{"0":0,"1":0,"2":0,"3":0,"4":0,"5":0,"6":0,"7":0,"8":0,"9":0,"10":0,"11":0,"12":0,"13":0,"14":0,"15":0,"16":0,"17":0,"18":0,"19":0,"20":0},"f":{"0":0,"1":0,"2":0},"b":{"0":[0],"1":[0]}}
,"/Users/anissaevrard/Documents/Projets/ReptiTrack/my-app/src/shared/local/db.ts": {"path":"/Users/anissaevrard/Documents/Projets/ReptiTrack/my-app/src/shared/local/db.ts","statementMap":{"0":{"start":{"line":11,"column":0},"end":{"line":15,"column":1}},"1":{"start":{"line":12,"column":2},"end":{"line":12,"column":29}},"2":{"start":{"line":14,"column":2},"end":{"line":14,"column":32}},"3":{"start":{"line":17,"column":23},"end":{"line":17,"column":35}},"4":{"start":{"line":18,"column":27},"end":{"line":18,"column":43}},"5":{"start":{"line":19,"column":29},"end":{"line":19,"column":47}}},"fnMap":{},"branchMap":{"0":{"loc":{"start":{"line":11,"column":0},"end":{"line":15,"column":1}},"type":"if","locations":[{"start":{"line":11,"column":0},"end":{"line":15,"column":1}},{"start":{"line":13,"column":7},"end":{"line":15,"column":1}}],"line":11}},"s":{"0":0,"1":0,"2":0,"3":0,"4":0,"5":0},"f":{},"b":{"0":[0,0]}}
,"/Users/anissaevrard/Documents/Projets/ReptiTrack/my-app/src/shared/local/db.web.ts": {"path":"/Users/anissaevrard/Documents/Projets/ReptiTrack/my-app/src/shared/local/db.web.ts","statementMap":{"0":{"start":{"line":5,"column":18},"end":{"line":5,"column":59}},"1":{"start":{"line":7,"column":23},"end":{"line":14,"column":1}},"2":{"start":{"line":11,"column":13},"end":{"line":11,"column":28}},"3":{"start":{"line":12,"column":15},"end":{"line":12,"column":48}},"4":{"start":{"line":13,"column":2},"end":{"line":13,"column":21}},"5":{"start":{"line":16,"column":27},"end":{"line":22,"column":1}},"6":{"start":{"line":20,"column":13},"end":{"line":20,"column":28}},"7":{"start":{"line":21,"column":2},"end":{"line":21,"column":33}},"8":{"start":{"line":24,"column":29},"end":{"line":172,"column":1}},"9":{"start":{"line":25,"column":13},"end":{"line":25,"column":28}},"10":{"start":{"line":26,"column":2},"end":{"line":141,"column":5}},"11":{"start":{"line":142,"column":2},"end":{"line":146,"column":3}},"12":{"start":{"line":143,"column":4},"end":{"line":143,"column":69}},"13":{"start":{"line":147,"column":2},"end":{"line":151,"column":3}},"14":{"start":{"line":148,"column":4},"end":{"line":148,"column":77}},"15":{"start":{"line":152,"column":2},"end":{"line":156,"column":3}},"16":{"start":{"line":153,"column":4},"end":{"line":153,"column":75}},"17":{"start":{"line":157,"column":23},"end":{"line":164,"column":3}},"18":{"start":{"line":165,"column":2},"end":{"line":171,"column":3}},"19":{"start":{"line":166,"column":4},"end":{"line":170,"column":5}},"20":{"start":{"line":167,"column":6},"end":{"line":167,"column":66}}},"fnMap":{"0":{"name":"(anonymous_0)","decl":{"start":{"line":7,"column":23},"end":{"line":7,"column":24}},"loc":{"start":{"line":10,"column":19},"end":{"line":14,"column":1}},"line":10},"1":{"name":"(anonymous_1)","decl":{"start":{"line":16,"column":27},"end":{"line":16,"column":28}},"loc":{"start":{"line":19,"column":20},"end":{"line":22,"column":1}},"line":19},"2":{"name":"(anonymous_2)","decl":{"start":{"line":24,"column":29},"end":{"line":24,"column":30}},"loc":{"start":{"line":24,"column":41},"end":{"line":172,"column":1}},"line":24}},"branchMap":{"0":{"loc":{"start":{"line":9,"column":2},"end":{"line":9,"column":20}},"type":"default-arg","locations":[{"start":{"line":9,"column":18},"end":{"line":9,"column":20}}],"line":9},"1":{"loc":{"start":{"line":18,"column":2},"end":{"line":18,"column":20}},"type":"default-arg","locations":[{"start":{"line":18,"column":18},"end":{"line":18,"column":20}}],"line":18}},"s":{"0":0,"1":0,"2":0,"3":0,"4":0,"5":0,"6":0,"7":0,"8":0,"9":0,"10":0,"11":0,"12":0,"13":0,"14":0,"15":0,"16":0,"17":0,"18":0,"19":0,"20":0},"f":{"0":0,"1":0,"2":0},"b":{"0":[0],"1":[0]}}
,"/Users/anissaevrard/Documents/Projets/ReptiTrack/my-app/src/shared/local/measurementsStore.ts": {"path":"/Users/anissaevrard/Documents/Projets/ReptiTrack/my-app/src/shared/local/measurementsStore.ts","statementMap":{"0":{"start":{"line":14,"column":15},"end":{"line":14,"column":59}},"1":{"start":{"line":14,"column":48},"end":{"line":14,"column":58}},"2":{"start":{"line":16,"column":31},"end":{"line":26,"column":1}},"3":{"start":{"line":20,"column":38},"end":{"line":20,"column":45}},"4":{"start":{"line":21,"column":15},"end":{"line":24,"column":3}},"5":{"start":{"line":25,"column":2},"end":{"line":25,"column":26}},"6":{"start":{"line":28,"column":30},"end":{"line":47,"column":1}},"7":{"start":{"line":31,"column":13},"end":{"line":31,"column":67}},"8":{"start":{"line":32,"column":2},"end":{"line":44,"column":4}},"9":{"start":{"line":45,"column":15},"end":{"line":45,"column":78}},"10":{"start":{"line":46,"column":2},"end":{"line":46,"column":25}}},"fnMap":{"0":{"name":"(anonymous_0)","decl":{"start":{"line":14,"column":15},"end":{"line":14,"column":16}},"loc":{"start":{"line":14,"column":48},"end":{"line":14,"column":58}},"line":14},"1":{"name":"(anonymous_1)","decl":{"start":{"line":16,"column":31},"end":{"line":16,"column":32}},"loc":{"start":{"line":19,"column":34},"end":{"line":26,"column":1}},"line":19},"2":{"name":"(anonymous_2)","decl":{"start":{"line":28,"column":30},"end":{"line":28,"column":31}},"loc":{"start":{"line":30,"column":32},"end":{"line":47,"column":1}},"line":30}},"branchMap":{"0":{"loc":{"start":{"line":18,"column":2},"end":{"line":18,"column":50}},"type":"default-arg","locations":[{"start":{"line":18,"column":25},"end":{"line":18,"column":50}}],"line":18},"1":{"loc":{"start":{"line":20,"column":10},"end":{"line":20,"column":21}},"type":"default-arg","locations":[{"start":{"line":20,"column":18},"end":{"line":20,"column":21}}],"line":20},"2":{"loc":{"start":{"line":20,"column":23},"end":{"line":20,"column":33}},"type":"default-arg","locations":[{"start":{"line":20,"column":32},"end":{"line":20,"column":33}}],"line":20},"3":{"loc":{"start":{"line":39,"column":6},"end":{"line":39,"column":26}},"type":"binary-expr","locations":[{"start":{"line":39,"column":6},"end":{"line":39,"column":18}},{"start":{"line":39,"column":22},"end":{"line":39,"column":26}}],"line":39},"4":{"loc":{"start":{"line":40,"column":6},"end":{"line":40,"column":24}},"type":"binary-expr","locations":[{"start":{"line":40,"column":6},"end":{"line":40,"column":16}},{"start":{"line":40,"column":20},"end":{"line":40,"column":24}}],"line":40},"5":{"loc":{"start":{"line":41,"column":6},"end":{"line":41,"column":31}},"type":"binary-expr","locations":[{"start":{"line":41,"column":6},"end":{"line":41,"column":23}},{"start":{"line":41,"column":27},"end":{"line":41,"column":31}}],"line":41},"6":{"loc":{"start":{"line":42,"column":6},"end":{"line":42,"column":33}},"type":"binary-expr","locations":[{"start":{"line":42,"column":6},"end":{"line":42,"column":25}},{"start":{"line":42,"column":29},"end":{"line":42,"column":33}}],"line":42}},"s":{"0":0,"1":0,"2":0,"3":0,"4":0,"5":0,"6":0,"7":0,"8":0,"9":0,"10":0},"f":{"0":0,"1":0,"2":0},"b":{"0":[0],"1":[0],"2":[0],"3":[0,0],"4":[0,0],"5":[0,0],"6":[0,0]}}
,"/Users/anissaevrard/Documents/Projets/ReptiTrack/my-app/src/shared/local/reptileEventsStore.ts": {"path":"/Users/anissaevrard/Documents/Projets/ReptiTrack/my-app/src/shared/local/reptileEventsStore.ts","statementMap":{"0":{"start":{"line":25,"column":15},"end":{"line":25,"column":60}},"1":{"start":{"line":25,"column":49},"end":{"line":25,"column":59}},"2":{"start":{"line":27,"column":24},"end":{"line":31,"column":1}},"3":{"start":{"line":28,"column":2},"end":{"line":28,"column":77}},"4":{"start":{"line":28,"column":61},"end":{"line":28,"column":77}},"5":{"start":{"line":29,"column":14},"end":{"line":29,"column":27}},"6":{"start":{"line":30,"column":2},"end":{"line":30,"column":47}},"7":{"start":{"line":33,"column":22},"end":{"line":36,"column":1}},"8":{"start":{"line":34,"column":18},"end":{"line":34,"column":49}},"9":{"start":{"line":35,"column":2},"end":{"line":35,"column":41}},"10":{"start":{"line":38,"column":32},"end":{"line":47,"column":1}},"11":{"start":{"line":41,"column":39},"end":{"line":41,"column":46}},"12":{"start":{"line":42,"column":15},"end":{"line":45,"column":3}},"13":{"start":{"line":46,"column":2},"end":{"line":46,"column":26}},"14":{"start":{"line":49,"column":31},"end":{"line":56,"column":1}},"15":{"start":{"line":52,"column":15},"end":{"line":54,"column":4}},"16":{"start":{"line":55,"column":2},"end":{"line":55,"column":42}},"17":{"start":{"line":58,"column":34},"end":{"line":163,"column":1}},"18":{"start":{"line":62,"column":4},"end":{"line":62,"column":70}},"19":{"start":{"line":63,"column":19},"end":{"line":63,"column":49}},"20":{"start":{"line":65,"column":17},"end":{"line":65,"column":50}},"21":{"start":{"line":67,"column":4},"end":{"line":67,"column":51}},"22":{"start":{"line":69,"column":4},"end":{"line":69,"column":68}},"23":{"start":{"line":70,"column":21},"end":{"line":70,"column":59}},"24":{"start":{"line":71,"column":21},"end":{"line":71,"column":64}},"25":{"start":{"line":72,"column":16},"end":{"line":72,"column":49}},"26":{"start":{"line":74,"column":4},"end":{"line":74,"column":51}},"27":{"start":{"line":75,"column":30},"end":{"line":75,"column":76}},"28":{"start":{"line":76,"column":27},"end":{"line":76,"column":71}},"29":{"start":{"line":77,"column":21},"end":{"line":77,"column":53}},"30":{"start":{"line":78,"column":23},"end":{"line":78,"column":57}},"31":{"start":{"line":79,"column":28},"end":{"line":79,"column":67}},"32":{"start":{"line":80,"column":27},"end":{"line":80,"column":70}},"33":{"start":{"line":81,"column":19},"end":{"line":81,"column":61}},"34":{"start":{"line":82,"column":25},"end":{"line":82,"column":67}},"35":{"start":{"line":84,"column":2},"end":{"line":158,"column":3}},"36":{"start":{"line":85,"column":4},"end":{"line":120,"column":6}},"37":{"start":{"line":122,"column":4},"end":{"line":157,"column":6}},"38":{"start":{"line":160,"column":18},"end":{"line":160,"column":48}},"39":{"start":{"line":161,"column":2},"end":{"line":161,"column":58}},"40":{"start":{"line":161,"column":16},"end":{"line":161,"column":58}},"41":{"start":{"line":162,"column":2},"end":{"line":162,"column":17}},"42":{"start":{"line":165,"column":34},"end":{"line":167,"column":1}},"43":{"start":{"line":166,"column":2},"end":{"line":166,"column":62}},"44":{"start":{"line":169,"column":45},"end":{"line":190,"column":1}},"45":{"start":{"line":173,"column":2},"end":{"line":173,"column":20}},"46":{"start":{"line":173,"column":13},"end":{"line":173,"column":20}},"47":{"start":{"line":174,"column":19},"end":{"line":174,"column":44}},"48":{"start":{"line":175,"column":2},"end":{"line":175,"column":24}},"49":{"start":{"line":175,"column":17},"end":{"line":175,"column":24}},"50":{"start":{"line":176,"column":27},"end":{"line":184,"column":6}},"51":{"start":{"line":177,"column":4},"end":{"line":177,"column":44}},"52":{"start":{"line":177,"column":34},"end":{"line":177,"column":44}},"53":{"start":{"line":178,"column":4},"end":{"line":183,"column":5}},"54":{"start":{"line":179,"column":18},"end":{"line":179,"column":53}},"55":{"start":{"line":180,"column":6},"end":{"line":180,"column":43}},"56":{"start":{"line":182,"column":6},"end":{"line":182,"column":16}},"57":{"start":{"line":185,"column":2},"end":{"line":185,"column":48}},"58":{"start":{"line":185,"column":30},"end":{"line":185,"column":48}},"59":{"start":{"line":186,"column":2},"end":{"line":189,"column":4}}},"fnMap":{"0":{"name":"(anonymous_0)","decl":{"start":{"line":25,"column":15},"end":{"line":25,"column":16}},"loc":{"start":{"line":25,"column":49},"end":{"line":25,"column":59}},"line":25},"1":{"name":"(anonymous_1)","decl":{"start":{"line":27,"column":24},"end":{"line":27,"column":25}},"loc":{"start":{"line":27,"column":58},"end":{"line":31,"column":1}},"line":27},"2":{"name":"(anonymous_2)","decl":{"start":{"line":33,"column":22},"end":{"line":33,"column":23}},"loc":{"start":{"line":33,"column":49},"end":{"line":36,"column":1}},"line":33},"3":{"name":"(anonymous_3)","decl":{"start":{"line":38,"column":32},"end":{"line":38,"column":33}},"loc":{"start":{"line":40,"column":35},"end":{"line":47,"column":1}},"line":40},"4":{"name":"(anonymous_4)","decl":{"start":{"line":49,"column":31},"end":{"line":49,"column":32}},"loc":{"start":{"line":51,"column":40},"end":{"line":56,"column":1}},"line":51},"5":{"name":"(anonymous_5)","decl":{"start":{"line":58,"column":34},"end":{"line":58,"column":35}},"loc":{"start":{"line":60,"column":33},"end":{"line":163,"column":1}},"line":60},"6":{"name":"(anonymous_6)","decl":{"start":{"line":165,"column":34},"end":{"line":165,"column":35}},"loc":{"start":{"line":165,"column":71},"end":{"line":167,"column":1}},"line":165},"7":{"name":"(anonymous_7)","decl":{"start":{"line":169,"column":45},"end":{"line":169,"column":46}},"loc":{"start":{"line":172,"column":20},"end":{"line":190,"column":1}},"line":172},"8":{"name":"(anonymous_8)","decl":{"start":{"line":176,"column":28},"end":{"line":176,"column":29}},"loc":{"start":{"line":176,"column":34},"end":{"line":184,"column":3}},"line":176}},"branchMap":{"0":{"loc":{"start":{"line":28,"column":2},"end":{"line":28,"column":77}},"type":"if","locations":[{"start":{"line":28,"column":2},"end":{"line":28,"column":77}},{"start":{},"end":{}}],"line":28},"1":{"loc":{"start":{"line":28,"column":6},"end":{"line":28,"column":59}},"type":"binary-expr","locations":[{"start":{"line":28,"column":6},"end":{"line":28,"column":20}},{"start":{"line":28,"column":24},"end":{"line":28,"column":43}},{"start":{"line":28,"column":47},"end":{"line":28,"column":59}}],"line":28},"2":{"loc":{"start":{"line":30,"column":9},"end":{"line":30,"column":46}},"type":"cond-expr","locations":[{"start":{"line":30,"column":32},"end":{"line":30,"column":35}},{"start":{"line":30,"column":38},"end":{"line":30,"column":46}}],"line":30},"3":{"loc":{"start":{"line":34,"column":19},"end":{"line":34,"column":30}},"type":"binary-expr","locations":[{"start":{"line":34,"column":19},"end":{"line":34,"column":24}},{"start":{"line":34,"column":28},"end":{"line":34,"column":30}}],"line":34},"4":{"loc":{"start":{"line":35,"column":9},"end":{"line":35,"column":40}},"type":"cond-expr","locations":[{"start":{"line":35,"column":26},"end":{"line":35,"column":33}},{"start":{"line":35,"column":36},"end":{"line":35,"column":40}}],"line":35},"5":{"loc":{"start":{"line":39,"column":2},"end":{"line":39,"column":51}},"type":"default-arg","locations":[{"start":{"line":39,"column":25},"end":{"line":39,"column":51}}],"line":39},"6":{"loc":{"start":{"line":41,"column":10},"end":{"line":41,"column":22}},"type":"default-arg","locations":[{"start":{"line":41,"column":18},"end":{"line":41,"column":22}}],"line":41},"7":{"loc":{"start":{"line":41,"column":24},"end":{"line":41,"column":34}},"type":"default-arg","locations":[{"start":{"line":41,"column":33},"end":{"line":41,"column":34}}],"line":41},"8":{"loc":{"start":{"line":55,"column":9},"end":{"line":55,"column":41}},"type":"cond-expr","locations":[{"start":{"line":55,"column":19},"end":{"line":55,"column":34}},{"start":{"line":55,"column":37},"end":{"line":55,"column":41}}],"line":55},"9":{"loc":{"start":{"line":62,"column":4},"end":{"line":62,"column":70}},"type":"binary-expr","locations":[{"start":{"line":62,"column":4},"end":{"line":62,"column":12}},{"start":{"line":62,"column":16},"end":{"line":62,"column":70}}],"line":62},"10":{"loc":{"start":{"line":65,"column":23},"end":{"line":65,"column":37}},"type":"binary-expr","locations":[{"start":{"line":65,"column":23},"end":{"line":65,"column":31}},{"start":{"line":65,"column":35},"end":{"line":65,"column":37}}],"line":65},"11":{"loc":{"start":{"line":67,"column":4},"end":{"line":67,"column":51}},"type":"binary-expr","locations":[{"start":{"line":67,"column":4},"end":{"line":67,"column":36}},{"start":{"line":67,"column":40},"end":{"line":67,"column":51}}],"line":67},"12":{"loc":{"start":{"line":69,"column":4},"end":{"line":69,"column":68}},"type":"binary-expr","locations":[{"start":{"line":69,"column":4},"end":{"line":69,"column":36}},{"start":{"line":69,"column":40},"end":{"line":69,"column":68}}],"line":69},"13":{"loc":{"start":{"line":70,"column":21},"end":{"line":70,"column":59}},"type":"binary-expr","locations":[{"start":{"line":70,"column":21},"end":{"line":70,"column":53}},{"start":{"line":70,"column":57},"end":{"line":70,"column":59}}],"line":70},"14":{"loc":{"start":{"line":71,"column":21},"end":{"line":71,"column":64}},"type":"binary-expr","locations":[{"start":{"line":71,"column":21},"end":{"line":71,"column":53}},{"start":{"line":71,"column":57},"end":{"line":71,"column":64}}],"line":71},"15":{"loc":{"start":{"line":72,"column":16},"end":{"line":72,"column":49}},"type":"binary-expr","locations":[{"start":{"line":72,"column":16},"end":{"line":72,"column":43}},{"start":{"line":72,"column":47},"end":{"line":72,"column":49}}],"line":72},"16":{"loc":{"start":{"line":74,"column":4},"end":{"line":74,"column":51}},"type":"binary-expr","locations":[{"start":{"line":74,"column":4},"end":{"line":74,"column":41}},{"start":{"line":74,"column":45},"end":{"line":74,"column":51}}],"line":74},"17":{"loc":{"start":{"line":76,"column":27},"end":{"line":76,"column":71}},"type":"binary-expr","locations":[{"start":{"line":76,"column":27},"end":{"line":76,"column":65}},{"start":{"line":76,"column":69},"end":{"line":76,"column":71}}],"line":76},"18":{"loc":{"start":{"line":81,"column":19},"end":{"line":81,"column":61}},"type":"binary-expr","locations":[{"start":{"line":81,"column":19},"end":{"line":81,"column":49}},{"start":{"line":81,"column":53},"end":{"line":81,"column":61}}],"line":81},"19":{"loc":{"start":{"line":82,"column":25},"end":{"line":82,"column":67}},"type":"binary-expr","locations":[{"start":{"line":82,"column":25},"end":{"line":82,"column":61}},{"start":{"line":82,"column":65},"end":{"line":82,"column":67}}],"line":82},"20":{"loc":{"start":{"line":84,"column":2},"end":{"line":158,"column":3}},"type":"if","locations":[{"start":{"line":84,"column":2},"end":{"line":158,"column":3}},{"start":{"line":121,"column":9},"end":{"line":158,"column":3}}],"line":84},"21":{"loc":{"start":{"line":161,"column":2},"end":{"line":161,"column":58}},"type":"if","locations":[{"start":{"line":161,"column":2},"end":{"line":161,"column":58}},{"start":{},"end":{}}],"line":161},"22":{"loc":{"start":{"line":173,"column":2},"end":{"line":173,"column":20}},"type":"if","locations":[{"start":{"line":173,"column":2},"end":{"line":173,"column":20}},{"start":{},"end":{}}],"line":173},"23":{"loc":{"start":{"line":175,"column":2},"end":{"line":175,"column":24}},"type":"if","locations":[{"start":{"line":175,"column":2},"end":{"line":175,"column":24}},{"start":{},"end":{}}],"line":175},"24":{"loc":{"start":{"line":177,"column":4},"end":{"line":177,"column":44}},"type":"if","locations":[{"start":{"line":177,"column":4},"end":{"line":177,"column":44}},{"start":{},"end":{}}],"line":177},"25":{"loc":{"start":{"line":180,"column":13},"end":{"line":180,"column":42}},"type":"cond-expr","locations":[{"start":{"line":180,"column":34},"end":{"line":180,"column":37}},{"start":{"line":180,"column":40},"end":{"line":180,"column":42}}],"line":180},"26":{"loc":{"start":{"line":185,"column":2},"end":{"line":185,"column":48}},"type":"if","locations":[{"start":{"line":185,"column":2},"end":{"line":185,"column":48}},{"start":{},"end":{}}],"line":185}},"s":{"0":1,"1":8,"2":1,"3":10,"4":8,"5":2,"6":2,"7":1,"8":60,"9":60,"10":1,"11":0,"12":0,"13":0,"14":1,"15":13,"16":13,"17":1,"18":5,"19":5,"20":5,"21":5,"22":5,"23":5,"24":5,"25":5,"26":5,"27":5,"28":5,"29":5,"30":5,"31":5,"32":5,"33":5,"34":5,"35":5,"36":1,"37":4,"38":5,"39":5,"40":0,"41":5,"42":1,"43":1,"44":1,"45":1,"46":0,"47":1,"48":1,"49":0,"50":1,"51":1,"52":1,"53":0,"54":0,"55":0,"56":0,"57":1,"58":1,"59":1},"f":{"0":8,"1":10,"2":60,"3":0,"4":13,"5":5,"6":1,"7":1,"8":1},"b":{"0":[8,2],"1":[10,10,2],"2":[2,0],"
[...]
"end":{"line":87,"column":20}},{"start":{"line":87,"column":24},"end":{"line":87,"column":28}}],"line":87},"14":{"loc":{"start":{"line":88,"column":8},"end":{"line":88,"column":25}},"type":"binary-expr","locations":[{"start":{"line":88,"column":8},"end":{"line":88,"column":17}},{"start":{"line":88,"column":21},"end":{"line":88,"column":25}}],"line":88},"15":{"loc":{"start":{"line":89,"column":8},"end":{"line":89,"column":30}},"type":"binary-expr","locations":[{"start":{"line":89,"column":8},"end":{"line":89,"column":22}},{"start":{"line":89,"column":26},"end":{"line":89,"column":30}}],"line":89},"16":{"loc":{"start":{"line":102,"column":8},"end":{"line":102,"column":32}},"type":"binary-expr","locations":[{"start":{"line":102,"column":8},"end":{"line":102,"column":24}},{"start":{"line":102,"column":28},"end":{"line":102,"column":32}}],"line":102},"17":{"loc":{"start":{"line":103,"column":8},"end":{"line":103,"column":30}},"type":"binary-expr","locations":[{"start":{"line":103,"column":8},"end":{"line":103,"column":22}},{"start":{"line":103,"column":26},"end":{"line":103,"column":30}}],"line":103},"18":{"loc":{"start":{"line":104,"column":8},"end":{"line":104,"column":27}},"type":"binary-expr","locations":[{"start":{"line":104,"column":8},"end":{"line":104,"column":19}},{"start":{"line":104,"column":23},"end":{"line":104,"column":27}}],"line":104},"19":{"loc":{"start":{"line":105,"column":8},"end":{"line":105,"column":31}},"type":"binary-expr","locations":[{"start":{"line":105,"column":8},"end":{"line":105,"column":23}},{"start":{"line":105,"column":27},"end":{"line":105,"column":31}}],"line":105},"20":{"loc":{"start":{"line":106,"column":8},"end":{"line":106,"column":37}},"type":"binary-expr","locations":[{"start":{"line":106,"column":8},"end":{"line":106,"column":29}},{"start":{"line":106,"column":33},"end":{"line":106,"column":37}}],"line":106},"21":{"loc":{"start":{"line":107,"column":8},"end":{"line":107,"column":26}},"type":"binary-expr","locations":[{"start":{"line":107,"column":8},"end":{"line":107,"column":18}},{"start":{"line":107,"column":22},"end":{"line":107,"column":26}}],"line":107},"22":{"loc":{"start":{"line":108,"column":8},"end":{"line":108,"column":36}},"type":"binary-expr","locations":[{"start":{"line":108,"column":8},"end":{"line":108,"column":28}},{"start":{"line":108,"column":32},"end":{"line":108,"column":36}}],"line":108},"23":{"loc":{"start":{"line":109,"column":8},"end":{"line":109,"column":39}},"type":"binary-expr","locations":[{"start":{"line":109,"column":8},"end":{"line":109,"column":31}},{"start":{"line":109,"column":35},"end":{"line":109,"column":39}}],"line":109},"24":{"loc":{"start":{"line":110,"column":8},"end":{"line":110,"column":34}},"type":"binary-expr","locations":[{"start":{"line":110,"column":8},"end":{"line":110,"column":26}},{"start":{"line":110,"column":30},"end":{"line":110,"column":34}}],"line":110},"25":{"loc":{"start":{"line":111,"column":8},"end":{"line":111,"column":35}},"type":"binary-expr","locations":[{"start":{"line":111,"column":8},"end":{"line":111,"column":27}},{"start":{"line":111,"column":31},"end":{"line":111,"column":35}}],"line":111},"26":{"loc":{"start":{"line":112,"column":8},"end":{"line":112,"column":28}},"type":"binary-expr","locations":[{"start":{"line":112,"column":8},"end":{"line":112,"column":20}},{"start":{"line":112,"column":24},"end":{"line":112,"column":28}}],"line":112},"27":{"loc":{"start":{"line":113,"column":8},"end":{"line":113,"column":25}},"type":"binary-expr","locations":[{"start":{"line":113,"column":8},"end":{"line":113,"column":17}},{"start":{"line":113,"column":21},"end":{"line":113,"column":25}}],"line":113},"28":{"loc":{"start":{"line":114,"column":8},"end":{"line":114,"column":30}},"type":"binary-expr","locations":[{"start":{"line":114,"column":8},"end":{"line":114,"column":22}},{"start":{"line":114,"column":26},"end":{"line":114,"column":30}}],"line":114},"29":{"loc":{"start":{"line":119,"column":2},"end":{"line":119,"column":60}},"type":"if","locations":[{"start":{"line":119,"column":2},"end":{"line":119,"column":60}},{"start":{},"end":{}}],"line":119},"30":{"loc":{"start":{"line":132,"column":2},"end":{"line":132,"column":29}},"type":"if","locations":[{"start":{"line":132,"column":2},"end":{"line":132,"column":29}},{"start":{},"end":{}}],"line":132}},"s":{"0":1,"1":14,"2":1,"3":1,"4":1,"5":1,"6":19,"7":19,"8":1,"9":8,"10":8,"11":8,"12":2,"13":6,"14":8,"15":8,"16":0,"17":8,"18":1,"19":1,"20":1,"21":1,"22":1,"23":0,"24":1,"25":1,"26":1},"f":{"0":14,"1":1,"2":19,"3":8,"4":1,"5":1},"b":{"0":[12,7],"1":[8,6,6],"2":[2,6],"3":[2,2],"4":[2,2],"5":[2,2],"6":[2,2],"7":[2,2],"8":[2,2],"9":[2,2],"10":[2,2],"11":[2,2],"12":[2,2],"13":[2,1],"14":[2,2],"15":[2,1],"16":[6,6],"17":[6,6],"18":[6,6],"19":[6,6],"20":[6,6],"21":[6,6],"22":[6,6],"23":[6,6],"24":[6,6],"25":[6,6],"26":[6,6],"27":[6,6],"28":[6,6],"29":[0,8],"30":[0,1]},"_coverageSchema":"1a1c01bbd47fc00a2c39e90264f33305004495a9","hash":"735f9f1888c4cbc9bb21023268c8e37f13c395e3"}
,"/Users/anissaevrard/Documents/Projets/ReptiTrack/my-app/src/shared/local/storageAdapter.ts": {"path":"/Users/anissaevrard/Documents/Projets/ReptiTrack/my-app/src/shared/local/storageAdapter.ts","statementMap":{},"fnMap":{},"branchMap":{},"s":{},"f":{},"b":{}}
,"/Users/anissaevrard/Documents/Projets/ReptiTrack/my-app/src/shared/local/migrations/asyncStorageMigration.ts": {"path":"/Users/anissaevrard/Documents/Projets/ReptiTrack/my-app/src/shared/local/migrations/asyncStorageMigration.ts","statementMap":{"0":{"start":{"line":16,"column":17},"end":{"line":16,"column":42}},"1":{"start":{"line":18,"column":18},"end":{"line":25,"column":1}},"2":{"start":{"line":19,"column":2},"end":{"line":19,"column":24}},"3":{"start":{"line":19,"column":12},"end":{"line":19,"column":24}},"4":{"start":{"line":20,"column":2},"end":{"line":24,"column":3}},"5":{"start":{"line":21,"column":4},"end":{"line":21,"column":27}},"6":{"start":{"line":23,"column":4},"end":{"line":23,"column":16}},"7":{"start":{"line":27,"column":40},"end":{"line":147,"column":1}},"8":{"start":{"line":28,"column":15},"end":{"line":28,"column":51}},"9":{"start":{"line":29,"column":2},"end":{"line":29,"column":27}},"10":{"start":{"line":29,"column":20},"end":{"line":29,"column":27}},"11":{"start":{"line":31,"column":15},"end":{"line":31,"column":46}},"12":{"start":{"line":34,"column":2},"end":{"line":40,"column":3}},"13":{"start":{"line":35,"column":24},"end":{"line":35,"column":68}},"14":{"start":{"line":36,"column":37},"end":{"line":36,"column":65}},"15":{"start":{"line":37,"column":4},"end":{"line":39,"column":5}},"16":{"start":{"line":38,"column":6},"end":{"line":38,"column":35}},"17":{"start":{"line":43,"column":2},"end":{"line":49,"column":3}},"18":{"start":{"line":44,"column":24},"end":{"line":44,"column":76}},"19":{"start":{"line":45,"column":21},"end":{"line":45,"column":49}},"20":{"start":{"line":46,"column":4},"end":{"line":48,"column":5}},"21":{"start":{"line":47,"column":6},"end":{"line":47,"column":37}},"22":{"start":{"line":52,"column":2},"end":{"line":63,"column":3}},"23":{"start":{"line":53,"column":22},"end":{"line":53,"column":72}},"24":{"start":{"line":54,"column":19},"end":{"line":54,"column":45}},"25":{"start":{"line":55,"column":4},"end":{"line":62,"column":5}},"26":{"start":{"line":56,"column":6},"end":{"line":61,"column":7}},"27":{"start":{"line":57,"column":23},"end":{"line":57,"column":48}},"28":{"start":{"line":58,"column":8},"end":{"line":58,"column":62}},"29":{"start":{"line":59,"column":13},"end":{"line":61,"column":7}},"30":{"start":{"line":60,"column":8},"end":{"line":60,"column":58}},"31":{"start":{"line":66,"column":25},"end":{"line":68,"column":3}},"32":{"start":{"line":67,"column":4},"end":{"line":67,"column":42}},"33":{"start":{"line":69,"column":2},"end":{"line":82,"column":3}},"34":{"start":{"line":70,"column":16},"end":{"line":70,"column":45}},"35":{"start":{"line":71,"column":16},"end":{"line":71,"column":36}},"36":{"start":{"line":72,"column":4},"end":{"line":81,"column":5}},"37":{"start":{"line":73,"column":6},"end":{"line":80,"column":9}},"38":{"start":{"line":85,"column":22},"end":{"line":87,"column":3}},"39":{"start":{"line":86,"column":4},"end":{"line":86,"column":39}},"40":{"start":{"line":88,"column":2},"end":{"line":98,"column":3}},"41":{"start":{"line":89,"column":16},"end":{"line":89,"column":45}},"42":{"start":{"line":90,"column":16},"end":{"line":90,"column":36}},"43":{"start":{"line":91,"column":4},"end":{"line":97,"column":5}},"44":{"start":{"line":92,"column":6},"end":{"line":96,"column":9}},"45":{"start":{"line":101,"column":22},"end":{"line":103,"column":3}},"46":{"start":{"line":102,"column":4},"end":{"line":102,"column":46}},"47":{"start":{"line":104,"column":2},"end":{"line":117,"column":3}},"48":{"start":{"line":105,"column":16},"end":{"line":105,"column":45}},"49":{"start":{"line":106,"column":16},"end":{"line":106,"column":36}},"50":{"start":{"line":107,"column":4},"end":{"line":116,"column":5}},"51":{"start":{"line":108,"column":6},"end":{"line":115,"column":9}},"52":{"start":{"line":120,"column":23},"end":{"line":122,"column":3}},"53":{"start":{"line":121,"column":4},"end":{"line":121,"column":40}},"54":{"start":{"line":123,"column":2},"end":{"line":144,"column":3}},"55":{"start":{"line":124,"column":16},"end":{"line":124,"column":45}},"56":{"start":{"line":125,"column":16},"end":{"line":125,"column":36}},"57":{"start":{"line":126,"column":4},"end":{"line":143,"column":5}},"58":{"start":{"line":127,"column":6},"end":{"line":142,"column":9}},"59":{"start":{"line":146,"column":2},"end":{"line":146,"column":44}}},"fnMap":{"0":{"name":"(anonymous_0)","decl":{"start":{"line":18,"column":18},"end":{"line":18,"column":19}},"loc":{"start":{"line":18,"column":42},"end":{"line":25,"column":1}},"line":18},"1":{"name":"(anonymous_1)","decl":{"start":{"line":27,"column":40},"end":{"line":27,"column":41}},"loc":{"start":{"line":27,"column":52},"end":{"line":147,"column":1}},"line":27},"2":{"name":"(anonymous_2)","decl":{"start":{"line":66,"column":37},"end":{"line":66,"column":38}},"loc":{"start":{"line":67,"column":4},"end":{"line":67,"column":42}},"line":67},"3":{"name":"(anonymous_3)","decl":{"start":{"line":85,"column":34},"end":{"line":85,"column":35}},"loc":{"start":{"line":86,"column":4},"end":{"line":86,"column":39}},"line":86},"4":{"name":"(anonymous_4)","decl":{"start":{"line":101,"column":34},"end":{"line":101,"column":35}},"loc":{"start":{"line":102,"column":4},"end":{"line":102,"column":46}},"line":102},"5":{"name":"(anonymous_5)","decl":{"start":{"line":120,"column":35},"end":{"line":120,"column":36}},"loc":{"start":{"line":121,"column":4},"end":{"line":121,"column":40}},"line":121}},"branchMap":{"0":{"loc":{"start":{"line":19,"column":2},"end":{"line":19,"column":24}},"type":"if","locations":[{"start":{"line":19,"column":2},"end":{"line":19,"column":24}},{"start":{},"end":{}}],"line":19},"1":{"loc":{"start":{"line":29,"column":2},"end":{"line":29,"column":27}},"type":"if","locations":[{"start":{"line":29,"column":2},"end":{"line":29,"column":27}},{"start":{},"end":{}}],"line":29},"2":{"loc":{"start":{"line":34,"column":2},"end":{"line":40,"column":3}},"type":"if","locations":[{"start":{"line":34,"column":2},"end":{"line":40,"column":3}},{"start":{},"end":{}}],"line":34},"3":{"loc":{"start":{"line":36,"column":37},"end":{"line":36,"column":65}},"type":"binary-expr","locations":[{"start":{"line":36,"column":37},"end":{"line":36,"column":59}},{"start":{"line":36,"column":63},"end":{"line":36,"column":65}}],"line":36},"4":{"loc":{"start":{"line":43,"column":2},"end":{"line":49,"column":3}},"type":"if","locations":[{"start":{"line":43,"column":2},"end":{"line":49,"column":3}},{"start":{},"end":{}}],"line":43},"5":{"loc":{"start":{"line":45,"column":21},"end":{"line":45,"column":49}},"type":"binary-expr","locations":[{"start":{"line":45,"column":21},"end":{"line":45,"column":43}},{"start":{"line":45,"column":47},"end":{"line":45,"column":49}}],"line":45},"6":{"loc":{"start":{"line":52,"column":2},"end":{"line":63,"column":3}},"type":"if","locations":[{"start":{"line":52,"column":2},"end":{"line":63,"column":3}},{"start":{},"end":{}}],"line":52},"7":{"loc":{"start":{"line":54,"column":19},"end":{"line":54,"column":45}},"type":"binary-expr","locations":[{"start":{"line":54,"column":19},"end":{"line":54,"column":39}},{"start":{"line":54,"column":43},"end":{"line":54,"column":45}}],"line":54},"8":{"loc":{"start":{"line":56,"column":6},"end":{"line":61,"column":7}},"type":"if","locations":[{"start":{"line":56,"column":6},"end":{"line":61,"column":7}},{"start":{"line":59,"column":13},"end":{"line":61,"column":7}}],"line":56},"9":{"loc":{"start":{"line":57,"column":23},"end":{"line":57,"column":48}},"type":"binary-expr","locations":[{"start":{"line":57,"column":23},"end":{"line":57,"column":42}},{"start":{"line":57,"column":46},"end":{"line":57,"column":48}}],"line":57},"10":{"loc":{"start":{"line":59,"column":13},"end":{"line":61,"column":7}},"type":"if","locations":[{"start":{"line":59,"column":13},"end":{"line":61,"column":7}},{"start":{},"end":{}}],"line":59},"11":{"loc":{"start":{"line":71,"column":16},"end":{"line":71,"column":36}},"type":"binary-expr","locations":[{"start":{"line":71,"column":16},"end":{"line":71,"column":30}},{"start":{"line":71,"column":34},"end":{"line":71,"column":36}}],"line":71},"12":{"loc":{"start":{"line":90,"column":16},"end":{"line":90,"column":36}},"type":"binary-expr","locations":[{"start":{"line":90,"column":16},"end":{"line":90,"column":30}},{"start":{"line":90,"column":34},"end":{"line":90,"column":36}}],"line":90},"13":{"loc":{"start":{"line":106,"column":16},"end":{"line":106,"column":36}},"type":"binary-expr","locations":[{"start":{"line":106,"column":16},"end":{"line":106,"column":30}},{"start":{"line":106,"column":34},"end":{"line":106,"column":36}}],"line":106},"14":{"loc":{"start":{"line":125,"column":16},"end":{"line":125,"column":36}},"type":"binary-expr","locations":[{"start":{"line":125,"column":16},"end":{"line":125,"column":30}},{"start":{"line":125,"column":34},"end":{"line":125,"column":36}}],"line":125}},"s":{"0":0,"1":0,"2":0,"3":0,"4":0,"5":0,"6":0,"7":0,"8":0,"9":0,"10":0,"11":0,"12":0,"13":0,"14":0,"15":0,"16":0,"17":0,"18":0,"19":0,"20":0,"21":0,"22":0,"23":0,"24":0,"25":0,"26":0,"27":0,"28":0,"29":0,"30":0,"31":0,"32":0,"33":0,"34":0,"35":0,"36":0,"37":0,"38":0,"39":0,"40":0,"41":0,"42":0,"43":0,"44":0,"45":0,"46":0,"47":0,"48":0,"49":0,"50":0,"51":0,"52":0,"53":0,"54":0,"55":0,"56":0,"57":0,"58":0,"59":0},"f":{"0":0,"1":0,"2":0,"3":0,"4":0,"5":0},"b":{"0":[0,0],"1":[0,0],"2":[0,0],"3":[0,0],"4":[0,0],"5":[0,0],"6":[0,0],"7":[0,0],"8":[0,0],"9":[0,0],"10":[0,0],"11":[0,0],"12":[0,0],"13":[0,0],"14":[0,0]}}
,"/Users/anissaevrard/Documents/Projets/ReptiTrack/my-app/src/shared/testUtils/renderHook.tsx": {"path":"/Users/anissaevrard/Documents/Projets/ReptiTrack/my-app/src/shared/testUtils/renderHook.tsx","statementMap":{"0":{"start":{"line":10,"column":22},"end":{"line":13,"column":3}},"1":{"start":{"line":11,"column":4},"end":{"line":11,"column":29}},"2":{"start":{"line":12,"column":4},"end":{"line":12,"column":16}},"3":{"start":{"line":15,"column":2},"end":{"line":17,"column":5}},"4":{"start":{"line":16,"column":4},"end":{"line":16,"column":52}},"5":{"start":{"line":19,"column":2},"end":{"line":35,"column":4}},"6":{"start":{"line":22,"column":8},"end":{"line":22,"column":22}},"7":{"start":{"line":26,"column":6},"end":{"line":28,"column":9}},"8":{"start":{"line":27,"column":8},"end":{"line":27,"column":64}},"9":{"start":{"line":31,"column":6},"end":{"line":33,"column":9}},"10":{"start":{"line":32,"column":8},"end":{"line":32,"column":27}}},"fnMap":{"0":{"name":"renderHook","decl":{"start":{"line":4,"column":16},"end":{"line":4,"column":26}},"loc":{"start":{"line":6,"column":2},"end":{"line":36,"column":1}},"line":6},"1":{"name":"(anonymous_1)","decl":{"start":{"line":10,"column":22},"end":{"line":10,"column":23}},"loc":{"start":{"line":10,"column":41},"end":{"line":13,"column":3}},"line":10},"2":{"name":"(anonymous_2)","decl":{"start":{"line":15,"column":6},"end":{"line":15,"column":7}},"loc":{"start":{"line":15,"column":12},"end":{"line":17,"column":3}},"line":15},"3":{"name":"(anonymous_3)","decl":{"start":{"line":21,"column":6},"end":{"line":21,"column":7}},"loc":{"start":{"line":21,"column":20},"end":{"line":23,"column":7}},"line":21},"4":{"name":"(anonymous_4)","decl":{"start":{"line":25,"column":14},"end":{"line":25,"column":15}},"loc":{"start":{"line":25,"column":34},"end":{"line":29,"column":5}},"line":25},"5":{"name":"(anonymous_5)","decl":{"start":{"line":26,"column":10},"end":{"line":26,"column":11}},"loc":{"start":{"line":26,"column":16},"end":{"line":28,"column":7}},"line":26},"6":{"name":"(anonymous_6)","decl":{"start":{"line":30,"column":13},"end":{"line":30,"column":14}},"loc":{"start":{"line":30,"column":19},"end":{"line":34,"column":5}},"line":30},"7":{"name":"(anonymous_7)","decl":{"start":{"line":31,"column":10},"end":{"line":31,"column":11}},"loc":{"start":{"line":31,"column":16},"end":{"line":33,"column":7}},"line":31}},"branchMap":{},"s":{"0":14,"1":16,"2":16,"3":14,"4":14,"5":14,"6":18,"7":2,"8":2,"9":1,"10":1},"f":{"0":14,"1":16,"2":14,"3":18,"4":2,"5":2,"6":1,"7":1},"b":{},"_coverageSchema":"1a1c01bbd47fc00a2c39e90264f33305004495a9","hash":"e3136ee94178a61f57fd0a35eab0082341eadc52"}
,"/Users/anissaevrard/Documents/Projets/ReptiTrack/my-app/src/shared/theme/tokens.ts": {"path":"/Users/anissaevrard/Documents/Projets/ReptiTrack/my-app/src/shared/theme/tokens.ts","statementMap":{"0":{"start":{"line":1,"column":16},"end":{"line":17,"column":1}},"1":{"start":{"line":19,"column":18},"end":{"line":21,"column":1}},"2":{"start":{"line":23,"column":16},"end":{"line":30,"column":1}},"3":{"start":{"line":32,"column":15},"end":{"line":36,"column":1}}},"fnMap":{},"branchMap":{},"s":{"0":0,"1":0,"2":0,"3":0},"f":{},"b":{}}
,"/Users/anissaevrard/Documents/Projets/ReptiTrack/my-app/src/shared/utils/getSpeciesIcon.ts": {"path":"/Users/anissaevrard/Documents/Projets/ReptiTrack/my-app/src/shared/utils/getSpeciesIcon.ts","statementMap":{"0":{"start":{"line":3,"column":19},"end":{"line":3,"column":56}},"1":{"start":{"line":5,"column":23},"end":{"line":23,"column":1}},"2":{"start":{"line":6,"column":21},"end":{"line":6,"column":47}},"3":{"start":{"line":7,"column":2},"end":{"line":22,"column":3}},"4":{"start":{"line":9,"column":6},"end":{"line":9,"column":21}},"5":{"start":{"line":13,"column":6},"end":{"line":13,"column":24}},"6":{"start":{"line":15,"column":6},"end":{"line":15,"column":22}},"7":{"start":{"line":17,"column":6},"end":{"line":17,"column":20}},"8":{"start":{"line":19,"column":6},"end":{"line":19,"column":25}},"9":{"start":{"line":21,"column":6},"end":{"line":21,"column":19}}},"fnMap":{"0":{"name":"(anonymous_0)","decl":{"start":{"line":5,"column":23},"end":{"line":5,"column":24}},"loc":{"start":{"line":5,"column":61},"end":{"line":23,"column":1}},"line":5}},"branchMap":{"0":{"loc":{"start":{"line":6,"column":22},"end":{"line":6,"column":32}},"type":"binary-expr","locations":[{"start":{"line":6,"column":22},"end":{"line":6,"column":26}},{"start":{"line":6,"column":30},"end":{"line":6,"column":32}}],"line":6},"1":{"loc":{"start":{"line":7,"column":2},"end":{"line":22,"column":3}},"type":"switch","locations":[{"start":{"line":8,"column":4},"end":{"line":9,"column":21}},{"start":{"line":10,"column":4},"end":{"line":10,"column":18}},{"start":{"line":11,"column":4},"end":{"line":11,"column":17}},{"start":{"line":12,"column":4},"end":{"line":13,"column":24}},{"start":{"line":14,"column":4},"end":{"line":15,"column":22}},{"start":{"line":16,"column":4},"end":{"line":17,"column":20}},{"start":{"line":18,"column":4},"end":{"line":19,"column":25}},{"start":{"line":20,"column":4},"end":{"line":21,"column":19}}],"line":7}},"s":{"0":0,"1":0,"2":0,"3":0,"4":0,"5":0,"6":0,"7":0,"8":0,"9":0},"f":{"0":0},"b":{"0":[0,0],"1":[0,0,0,0,0,0,0,0]}}
}
