TN:
SF:src/App.tsx
FN:37,(anonymous_0)
FN:82,(anonymous_1)
FN:93,(anonymous_2)
FN:94,(anonymous_3)
FN:100,(anonymous_4)
FN:106,(anonymous_5)
FN:108,(anonymous_6)
FN:113,(anonymous_7)
FN:117,(anonymous_8)
FN:146,(anonymous_9)
FNF:10
FNH:0
FNDA:0,(anonymous_0)
FNDA:0,(anonymous_1)
FNDA:0,(anonymous_2)
FNDA:0,(anonymous_3)
FNDA:0,(anonymous_4)
FNDA:0,(anonymous_5)
FNDA:0,(anonymous_6)
FNDA:0,(anonymous_7)
FNDA:0,(anonymous_8)
FNDA:0,(anonymous_9)
DA:23,0
DA:26,0
DA:35,0
DA:36,0
DA:37,0
DA:44,0
DA:78,0
DA:82,0
DA:83,0
DA:87,0
DA:90,0
DA:91,0
DA:93,0
DA:94,0
DA:95,0
DA:96,0
DA:100,0
DA:101,0
DA:102,0
DA:106,0
DA:107,0
DA:109,0
DA:112,0
DA:114,0
DA:115,0
DA:117,0
DA:118,0
DA:119,0
DA:120,0
DA:121,0
DA:126,0
DA:127,0
DA:128,0
DA:129,0
DA:135,0
DA:136,0
DA:138,0
DA:147,0
LF:38
LH:0
BRDA:101,0,0,0
BRDA:101,0,1,0
BRDA:114,1,0,0
BRDA:114,1,1,0
BRDA:118,2,0,0
BRDA:118,2,1,0
BRDA:120,3,0,0
BRDA:120,3,1,0
BRDA:126,4,0,0
BRDA:126,4,1,0
BRDA:128,5,0,0
BRDA:128,5,1,0
BRDA:135,6,0,0
BRDA:135,6,1,0
BRF:14
BRH:0
end_of_record
TN:
SF:src/navigation/screens/Notifications/hooks/queries/useLocalNotificationsQuery.ts
FN:19,(anonymous_0)
FN:29,(anonymous_1)
FN:53,(anonymous_2)
FN:69,(anonymous_3)
FN:72,(anonymous_4)
FN:74,(anonymous_5)
FN:79,(anonymous_6)
FN:103,(anonymous_7)
FNF:8
FNH:0
FNDA:0,(anonymous_0)
FNDA:0,(anonymous_1)
FNDA:0,(anonymous_2)
FNDA:0,(anonymous_3)
FNDA:0,(anonymous_4)
FNDA:0,(anonymous_5)
FNDA:0,(anonymous_6)
FNDA:0,(anonymous_7)
DA:19,0
DA:20,0
DA:21,0
DA:22,0
DA:23,0
DA:25,0
DA:29,0
DA:30,0
DA:31,0
DA:32,0
DA:33,0
DA:34,0
DA:37,0
DA:39,0
DA:40,0
DA:41,0
DA:42,0
DA:43,0
DA:45,0
DA:46,0
DA:47,0
DA:48,0
DA:50,0
DA:53,0
DA:54,0
DA:55,0
DA:56,0
DA:57,0
DA:61,0
DA:62,0
DA:63,0
DA:65,0
DA:68,0
DA:70,0
DA:73,0
DA:74,0
DA:75,0
DA:76,0
DA:78,0
DA:80,0
DA:81,0
DA:82,0
DA:83,0
DA:84,0
DA:85,0
DA:88,0
DA:103,0
DA:104,0
LF:48
LH:0
BRDA:20,0,0,0
BRDA:20,0,1,0
BRDA:23,1,0,0
BRDA:23,1,1,0
BRDA:29,2,0,0
BRDA:31,3,0,0
BRDA:31,3,1,0
BRDA:32,4,0,0
BRDA:32,4,1,0
BRDA:34,5,0,0
BRDA:34,5,1,0
BRDA:40,6,0,0
BRDA:40,6,1,0
BRDA:42,7,0,0
BRDA:42,7,1,0
BRDA:45,8,0,0
BRDA:45,8,1,0
BRDA:46,9,0,0
BRDA:46,9,1,0
BRDA:47,10,0,0
BRDA:47,10,1,0
BRDA:54,11,0,0
BRDA:54,11,1,0
BRDA:55,12,0,0
BRDA:55,12,1,0
BRDA:58,13,0,0
BRDA:58,13,1,0
BRDA:59,14,0,0
BRDA:59,14,1,0
BRDA:61,15,0,0
BRDA:61,15,1,0
BRDA:62,16,0,0
BRDA:62,16,1,0
BRDA:62,17,0,0
BRDA:62,17,1,0
BRDA:81,18,0,0
BRDA:81,18,1,0
BRDA:82,19,0,0
BRDA:82,19,1,0
BRDA:82,20,0,0
BRDA:82,20,1,0
BRDA:84,21,0,0
BRDA:84,21,1,0
BRDA:85,22,0,0
BRDA:85,22,1,0
BRDA:86,23,0,0
BRDA:86,23,1,0
BRDA:87,24,0,0
BRDA:87,24,1,0
BRDA:98,25,0,0
BRDA:98,25,1,0
BRF:51
BRH:0
end_of_record
TN:
SF:src/navigation/screens/ReptileProfileDetails/components/AlertCard.tsx
FN:11,(anonymous_0)
FN:20,(anonymous_1)
FNF:2
FNH:0
FNDA:0,(anonymous_0)
FNDA:0,(anonymous_1)
DA:11,0
DA:12,0
DA:13,0
DA:14,0
DA:15,0
DA:21,0
DA:29,0
LF:7
LH:0
BRDA:14,0,0,0
BRDA:14,0,1,0
BRDA:14,1,0,0
BRDA:14,1,1,0
BRF:4
BRH:0
end_of_record
TN:
SF:src/navigation/screens/ReptileProfileDetails/components/GallerySection.tsx
FN:24,(anonymous_0)
FN:47,(anonymous_1)
FN:50,(anonymous_2)
FN:51,(anonymous_3)
FN:64,(anonymous_4)
FN:74,(anonymous_5)
FNF:6
FNH:0
FNDA:0,(anonymous_0)
FNDA:0,(anonymous_1)
FNDA:0,(anonymous_2)
FNDA:0,(anonymous_3)
FNDA:0,(anonymous_4)
FNDA:0,(anonymous_5)
DA:24,0
DA:33,0
DA:34,0
DA:48,0
DA:50,0
DA:51,0
DA:64,0
DA:75,0
DA:92,0
LF:9
LH:0
BRDA:42,0,0,0
BRDA:42,0,1,0
BRDA:44,1,0,0
BRDA:44,1,1,0
BRDA:44,2,0,0
BRDA:44,2,1,0
BRDA:60,3,0,0
BRDA:60,3,1,0
BRF:8
BRH:0
end_of_record
TN:
SF:src/navigation/screens/ReptileProfileDetails/components/GeneticsSection.tsx
FN:29,(anonymous_0)
FN:52,(anonymous_1)
FN:56,(anonymous_2)
FN:61,(anonymous_3)
FN:62,(anonymous_4)
FNF:5
FNH:0
FNDA:0,(anonymous_0)
FNDA:0,(anonymous_1)
FNDA:0,(anonymous_2)
FNDA:0,(anonymous_3)
FNDA:0,(anonymous_4)
DA:29,0
DA:35,0
DA:36,0
DA:48,0
DA:52,0
DA:57,0
DA:62,0
DA:81,0
LF:8
LH:0
BRDA:60,0,0,0
BRDA:60,0,1,0
BRF:2
BRH:0
end_of_record
TN:
SF:src/navigation/screens/ReptileProfileDetails/components/HistorySection.tsx
FN:33,(anonymous_0)
FN:50,(anonymous_1)
FN:56,(anonymous_2)
FN:59,(anonymous_3)
FN:94,(anonymous_4)
FN:111,(anonymous_5)
FN:114,(anonymous_6)
FNF:7
FNH:0
FNDA:0,(anonymous_0)
FNDA:0,(anonymous_1)
FNDA:0,(anonymous_2)
FNDA:0,(anonymous_3)
FNDA:0,(anonymous_4)
FNDA:0,(anonymous_5)
FNDA:0,(anonymous_6)
DA:33,0
DA:44,0
DA:45,0
DA:50,0
DA:57,0
DA:59,0
DA:94,0
DA:112,0
DA:114,0
DA:146,0
LF:10
LH:0
BRDA:53,0,0,0
BRDA:53,0,1,0
BRDA:53,1,0,0
BRDA:53,1,1,0
BRDA:64,2,0,0
BRDA:64,2,1,0
BRDA:67,3,0,0
BRDA:67,3,1,0
BRDA:68,4,0,0
BRDA:68,4,1,0
BRDA:74,5,0,0
BRDA:74,5,1,0
BRDA:74,5,2,0
BRDA:108,6,0,0
BRDA:108,6,1,0
BRDA:108,7,0,0
BRDA:108,7,1,0
BRDA:126,8,0,0
BRDA:126,8,1,0
BRDA:126,8,2,0
BRF:20
BRH:0
end_of_record
TN:
SF:src/navigation/screens/ReptileProfileDetails/components/InfoAccordion.tsx
FN:23,(anonymous_0)
FN:27,(anonymous_1)
FN:29,(anonymous_2)
FNF:3
FNH:0
FNDA:0,(anonymous_0)
FNDA:0,(anonymous_1)
FNDA:0,(anonymous_2)
DA:23,0
DA:24,0
DA:27,0
DA:30,0
DA:32,0
DA:35,0
DA:62,0
LF:7
LH:0
BRDA:30,0,0,0
BRDA:30,0,1,0
BRDA:32,1,0,0
BRDA:32,1,1,0
BRDA:32,2,0,0
BRDA:32,2,1,0
BRDA:40,3,0,0
BRDA:40,3,1,0
BRDA:42,4,0,0
BRDA:42,4,1,0
BRDA:44,5,0,0
BRDA:44,5,1,0
BRDA:54,6,0,0
BRDA:54,6,1,0
BRF:14
BRH:0
end_of_record
TN:
SF:src/navigation/screens/ReptileProfileDetails/components/QrCodeSection.tsx
FN:27,(anonymous_0)
FN:32,(anonymous_1)
FN:39,(anonymous_2)
FN:44,(anonymous_3)
FN:49,(anonymous_4)
FN:58,(anonymous_5)
FN:67,(anonymous_6)
FN:72,(anonymous_7)
FNF:8
FNH:0
FNDA:0,(anonymous_0)
FNDA:0,(anonymous_1)
FNDA:0,(anonymous_2)
FNDA:0,(anonymous_3)
FNDA:0,(anonymous_4)
FNDA:0,(anonymous_5)
FNDA:0,(anonymous_6)
FNDA:0,(anonymous_7)
DA:27,0
DA:28,0
DA:29,0
DA:30,0
DA:32,0
DA:33,0
DA:34,0
DA:36,0
DA:39,0
DA:40,0
DA:41,0
DA:42,0
DA:44,0
DA:45,0
DA:49,0
DA:50,0
DA:51,0
DA:52,0
DA:54,0
DA:55,0
DA:56,0
DA:58,0
DA:59,0
DA:60,0
DA:63,0
DA:67,0
DA:68,0
DA:69,0
DA:70,0
DA:72,0
DA:73,0
DA:74,0
DA:75,0
DA:82,0
DA:84,0
DA:89,0
DA:118,0
LF:37
LH:0
BRDA:33,0,0,0
BRDA:33,0,1,0
BRDA:40,1,0,0
BRDA:40,1,1,0
BRDA:40,2,0,0
BRDA:40,2,1,0
BRDA:50,3,0,0
BRDA:50,3,1,0
BRDA:54,4,0,0
BRDA:54,4,1,0
BRDA:59,5,0,0
BRDA:59,5,1,0
BRDA:68,6,0,0
BRDA:68,6,1,0
BRDA:78,7,0,0
BRDA:78,7,1,0
BRF:16
BRH:0
end_of_record
TN:
SF:src/navigation/screens/ReptileProfileDetails/components/QuickActions.tsx
FN:16,(anonymous_0)
FNF:1
FNH:0
FNDA:0,(anonymous_0)
DA:16,0
DA:22,0
DA:23,0
DA:24,0
DA:80,0
LF:5
LH:0
BRDA:63,0,0,0
BRDA:63,0,1,0
BRF:2
BRH:0
end_of_record
TN:
SF:src/shared/components/Lottie/index.web.tsx
FN:5,(anonymous_0)
FNF:1
FNH:0
FNDA:0,(anonymous_0)
DA:5,0
DA:6,0
DA:7,0
LF:3
LH:0
BRF:0
BRH:0
end_of_record
TN:
SF:src/shared/components/TimePicker/index.web.tsx
FN:6,(anonymous_0)
FN:14,(anonymous_1)
FNF:2
FNH:0
FNDA:0,(anonymous_0)
FNDA:0,(anonymous_1)
DA:6,0
DA:7,0
DA:8,0
DA:9,0
DA:14,0
LF:5
LH:0
BRF:0
BRH:0
end_of_record
TN:
SF:src/shared/constants/foodCatalog.ts
FN:106,(anonymous_0)
FN:110,(anonymous_1)
FN:131,(anonymous_2)
FN:134,(anonymous_3)
FN:138,(anonymous_4)
FN:166,(anonymous_5)
FN:172,(anonymous_6)
FN:177,(anonymous_7)
FN:181,(anonymous_8)
FN:188,(anonymous_9)
FN:194,(anonymous_10)
FN:198,(anonymous_11)
FN:229,(anonymous_12)
FN:232,(anonymous_13)
FNF:14
FNH:11
FNDA:71,(anonymous_0)
FNDA:22,(anonymous_1)
FNDA:50,(anonymous_2)
FNDA:0,(anonymous_3)
FNDA:21,(anonymous_4)
FNDA:7,(anonymous_5)
FNDA:3,(anonymous_6)
FNDA:61,(anonymous_7)
FNDA:4,(anonymous_8)
FNDA:1,(anonymous_9)
FNDA:4,(anonymous_10)
FNDA:1,(anonymous_11)
FNDA:0,(anonymous_12)
FNDA:0,(anonymous_13)
DA:20,1
DA:33,1
DA:103,1
DA:104,1
DA:106,1
DA:107,71
DA:110,1
DA:111,22
DA:115,1
DA:131,1
DA:132,50
DA:133,50
DA:134,0
DA:136,50
DA:137,50
DA:138,21
DA:143,1
DA:144,1
DA:145,1
DA:146,1
DA:147,1
DA:148,1
DA:149,1
DA:150,1
DA:151,1
DA:152,1
DA:153,1
DA:154,1
DA:155,1
DA:156,1
DA:157,1
DA:158,1
DA:159,1
DA:160,1
DA:161,1
DA:162,1
DA:163,1
DA:164,1
DA:166,1
DA:167,7
DA:168,7
DA:169,7
DA:172,1
DA:175,3
DA:176,3
DA:177,61
DA:178,3
DA:181,1
DA:184,4
DA:185,4
DA:188,1
DA:192,1
DA:193,1
DA:194,4
DA:195,1
DA:198,1
DA:202,1
DA:203,1
DA:205,1
DA:207,0
DA:209,0
DA:211,0
DA:213,0
DA:215,0
DA:217,0
DA:219,0
DA:221,0
DA:223,0
DA:225,0
DA:229,1
DA:230,0
DA:231,0
DA:232,0
DA:233,0
DA:234,0
DA:237,0
LF:76
LH:59
BRDA:133,0,0,0
BRDA:133,0,1,50
BRDA:137,1,0,13
BRDA:137,1,1,37
BRDA:167,2,0,0
BRDA:167,2,1,7
BRDA:169,3,0,7
BRDA:169,3,1,0
BRDA:175,4,0,0
BRDA:175,4,1,3
BRDA:178,5,0,3
BRDA:178,5,1,0
BRDA:184,6,0,0
BRDA:184,6,1,4
BRDA:185,7,0,4
BRDA:185,7,1,0
BRDA:192,8,0,0
BRDA:192,8,1,1
BRDA:195,9,0,1
BRDA:195,9,1,0
BRDA:202,10,0,1
BRDA:202,10,1,0
BRDA:203,11,0,1
BRDA:203,11,1,0
BRDA:203,11,2,0
BRDA:203,11,3,0
BRDA:203,11,4,0
BRDA:203,11,5,0
BRDA:203,11,6,0
BRDA:203,11,7,0
BRDA:203,11,8,0
BRDA:203,11,9,0
BRDA:203,11,10,0
BRDA:225,12,0,0
BRDA:225,12,1,0
BRDA:233,13,0,0
BRDA:233,13,1,0
BRF:37
BRH:13
end_of_record
TN:
SF:src/shared/data/queryClient.ts
FNF:0
FNH:0
DA:3,0
LF:1
LH:0
BRF:0
BRH:0
end_of_record
TN:
SF:src/shared/declarations/queriesKeys.ts
FNF:0
FNH:0
LF:0
LH:0
BRF:0
BRH:0
end_of_record
TN:
SF:src/shared/declarations/screenNames.ts
FNF:0
FNH:0
LF:0
LH:0
BRF:0
BRH:0
end_of_record
TN:
SF:src/shared/local/db.native.ts
FN:8,(anonymous_0)
FN:17,(anonymous_1)
FN:25,(anonymous_2)
FNF:3
FNH:0
FNDA:0,(anonymous_0)
FNDA:0,(anonymous_1)
FNDA:0,(anonymous_2)
DA:6,0
DA:8,0
DA:12,0
DA:13,0
DA:14,0
DA:17,0
DA:21,0
DA:22,0
DA:25,0
DA:26,0
DA:28,0
DA:145,0
DA:146,0
DA:151,0
DA:152,0
DA:157,0
DA:158,0
DA:163,0
DA:171,0
DA:172,0
DA:173,0
LF:21
LH:0
BRDA:10,0,0,0
BRDA:19,1,0,0
BRF:2
BRH:0
end_of_record
TN:
SF:src/shared/local/db.ts
FNF:0
FNH:0
DA:11,0
DA:12,0
DA:14,0
DA:17,0
DA:18,0
DA:19,0
LF:6
LH:0
BRDA:11,0,0,0
BRDA:11,0,1,0
BRF:2
BRH:0
end_of_record
TN:
SF:src/shared/local/db.web.ts
FN:7,(anonymous_0)
FN:16,(anonymous_1)
FN:24,(anonymous_2)
FNF:3
FNH:0
FNDA:0,(anonymous_0)
FNDA:0,(anonymous_1)
FNDA:0,(anonymous_2)
DA:5,0
DA:7,0
DA:11,0
DA:12,0
DA:13,0
DA:16,0
DA:20,0
DA:21,0
DA:24,0
DA:25,0
DA:26,0
DA:142,0
DA:143,0
DA:147,0
DA:148,0
DA:152,0
DA:153,0
DA:157,0
DA:165,0
DA:166,0
DA:167,0
LF:21
LH:0
BRDA:9,0,0,0
BRDA:18,1,0,0
BRF:2
BRH:0
end_of_record
TN:
SF:src/shared/local/measurementsStore.ts
FN:14,(anonymous_0)
FN:16,(anonymous_1)
FN:28,(anonymous_2)
FNF:3
FNH:0
FNDA:0,(anonymous_0)
FNDA:0,(anonymous_1)
FNDA:0,(anonymous_2)
DA:14,0
DA:16,0
DA:20,0
DA:21,0
DA:25,0
DA:28,0
DA:31,0
DA:32,0
DA:45,0
DA:46,0
LF:10
LH:0
BRDA:18,0,0,0
BRDA:20,1,0,0
BRDA:20,2,0,0
BRDA:39,3,0,0
BRDA:39,3,1,0
BRDA:40,4,0,0
BRDA:40,4,1,0
BRDA:41,5,0,0
BRDA:41,5,1,0
BRDA:42,6,0,0
BRDA:42,6,1,0
BRF:11
BRH:0
end_of_record
TN:
SF:src/shared/local/reptileEventsStore.ts
FN:25,(anonymous_0)
FN:27,(anonymous_1)
FN:33,(anonymous_2)
FN:38,(anonymous_3)
FN:49,(anonymous_4)
FN:58,(anonymous_5)
FN:165,(anonymous_6)
FN:169,(anonymous_7)
FN:176,(anonymous_8)
FNF:9
FNH:8
FNDA:8,(anonymous_0)
FNDA:10,(anonymous_1)
FNDA:60,(anonymous_2)
FNDA:0,(anonymous_3)
FNDA:13,(anonymous_4)
FNDA:5,(anonymous_5)
FNDA:1,(anonymous_6)
FNDA:1,(anonymous_7)
FNDA:1,(anonymous_8)
DA:25,8
DA:27,1
DA:28,10
DA:29,2
DA:30,2
DA:33,1
DA:34,60
DA:35,60
DA:38,1
DA:41,0
DA:42,0
DA:46,0
DA:49,1
DA:52,13
DA:55,13
DA:58,1
DA:62,5
DA:63,5
DA:65,5
DA:67,5
DA:69,5
DA:70,5
DA:71,5
DA:72,5
DA:74,5
DA:75,5
DA:76,5
DA:77,5
DA:78,5
DA:79,5
DA:80,5
DA:81,5
DA:82,5
DA:84,5
DA:85,1
DA:122,4
DA:160,5
DA:161,5
DA:162,5
DA:165,1
DA:166,1
DA:169,1
DA:173,1
DA:174,1
DA:175,1
DA:176,1
DA:177,1
DA:178,0
DA:179,0
DA:180,0
DA:182,0
DA:185,1
DA:186,1
LF:53
LH:46
BRDA:28,0,0,8
BRDA:28,0,1,2
BRDA:28,1,0,10
BRDA:28,1,1,10
BRDA:28,1,2,2
BRDA:30,2,0,2
BRDA:30,2,1,0
BRDA:34,3,0,60
BRDA:34,3,1,45
BRDA:35,4,0,12
BRDA:35,4,1,48
BRDA:39,5,0,0
BRDA:41,6,0,0
BRDA:41,7,0,0
BRDA:55,8,0,8
BRDA:55,8,1,5
BRDA:62,9,0,5
BRDA:62,9,1,4
BRDA:65,10,0,5
BRDA:65,10,1,4
BRDA:67,11,0,5
BRDA:67,11,1,2
BRDA:69,12,0,5
BRDA:69,12,1,0
BRDA:70,13,0,5
BRDA:70,13,1,5
BRDA:71,14,0,5
BRDA:71,14,1,4
BRDA:72,15,0,5
BRDA:72,15,1,4
BRDA:74,16,0,5
BRDA:74,16,1,4
BRDA:76,17,0,5
BRDA:76,17,1,5
BRDA:81,18,0,5
BRDA:81,18,1,4
BRDA:82,19,0,5
BRDA:82,19,1,5
BRDA:84,20,0,1
BRDA:84,20,1,4
BRDA:161,21,0,0
BRDA:161,21,1,5
BRDA:173,22,0,0
BRDA:173,22,1,1
BRDA:175,23,0,0
BRDA:175,23,1,1
BRDA:177,24,0,1
BRDA:177,24,1,0
BRDA:180,25,0,0
BRDA:180,25,1,0
BRDA:185,26,0,1
BRDA:185,26,1,0
BRF:52
BRH:40
end_of_record
TN:
SF:src/shared/local/reptileFeedingsStore.ts
FN:15,(anonymous_0)
FN:17,(anonymous_1)
FN:29,(anonymous_2)
FN:50,(anonymous_3)
FNF:4
FNH:4
FNDA:6,(anonymous_0)
FNDA:3,(anonymous_1)
FNDA:4,(anonymous_2)
FNDA:1,(anonymous_3)
DA:15,6
DA:17,1
DA:21,3
DA:22,3
DA:26,3
DA:29,1
DA:32,4
DA:33,4
DA:46,4
DA:47,4
DA:50,1
DA:53,1
LF:12
LH:12
BRDA:19,0,0,1
BRDA:21,1,0,0
BRDA:21,2,0,0
BRDA:39,3,0,4
BRDA:39,3,1,0
BRDA:40,4,0,4
BRDA:40,4,1,0
BRDA:41,5,0,4
BRDA:41,5,1,0
BRDA:43,6,0,4
BRDA:43,6,1,3
BRF:11
BRH:6
end_of_record
TN:
SF:src/shared/local/reptileGeneticsStore.ts
FN:20,(anonymous_0)
FN:22,(anonymous_1)
FN:32,(anonymous_2)
FNF:3
FNH:0
FNDA:0,(anonymous_0)
FNDA:0,(anonymous_1)
FNDA:0,(anonymous_2)
DA:20,0
DA:22,0
DA:25,0
DA:29,0
DA:32,0
DA:35,0
DA:37,0
DA:38,0
DA:39,0
DA:68,0
DA:88,0
DA:89,0
DA:90,0
LF:13
LH:0
BRDA:29,0,0,0
BRDA:29,0,1,0
BRDA:37,1,0,0
BRDA:37,1,1,0
BRDA:37,1,2,0
BRDA:38,2,0,0
BRDA:38,2,1,0
BRDA:54,3,0,0
BRDA:54,3,1,0
BRDA:54,3,2,0
BRDA:55,4,0,0
BRDA:55,4,1,0
BRDA:55,4,2,0
BRDA:56,5,0,0
BRDA:56,5,1,0
BRDA:56,5,2,0
BRDA:57,6,0,0
BRDA:57,6,1,0
BRDA:57,6,2,0
BRDA:58,7,0,0
BRDA:58,7,1,0
BRDA:58,7,2,0
BRDA:59,8,0,0
BRDA:59,8,1,0
BRDA:59,8,2,0
BRDA:60,9,0,0
BRDA:60,9,1,0
BRDA:60,9,2,0
BRDA:61,10,0,0
BRDA:61,10,1,0
BRDA:61,10,2,0
BRDA:62,11,0,0
BRDA:62,11,1,0
BRDA:62,11,2,0
BRDA:63,12,0,0
BRDA:63,12,1,0
BRDA:63,12,2,0
BRDA:75,13,0,0
BRDA:75,13,1,0
BRDA:76,14,0,0
BRDA:76,14,1,0
BRDA:77,15,0,0
BRDA:77,15,1,0
BRDA:78,16,0,0
BRDA:78,16,1,0
BRDA:79,17,0,0
BRDA:79,17,1,0
BRDA:80,18,0,0
BRDA:80,18,1,0
BRDA:81,19,0,0
BRDA:81,19,1,0
BRDA:82,20,0,0
BRDA:82,20,1,0
BRDA:83,21,0,0
BRDA:83,21,1,0
BRDA:84,22,0,0
BRDA:84,22,1,0
BRDA:89,23,0,0
BRDA:89,23,1,0
BRF:59
BRH:0
end_of_record
TN:
SF:src/shared/local/reptileHealthStore.ts
FN:14,(anonymous_0)
FN:16,(anonymous_1)
FN:31,(anonymous_2)
FN:51,(anonymous_3)
FNF:4
FNH:4
FNDA:5,(anonymous_0)
FNDA:2,(anonymous_1)
FNDA:4,(anonymous_2)
FNDA:1,(anonymous_3)
DA:14,5
DA:16,1
DA:20,2
DA:21,2
DA:28,2
DA:31,1
DA:34,4
DA:35,4
DA:47,4
DA:48,4
DA:51,1
DA:52,1
LF:12
LH:12
BRDA:18,0,0,1
BRDA:20,1,0,0
BRDA:20,2,0,0
BRDA:43,3,0,4
BRDA:43,3,1,1
BRDA:44,4,0,4
BRDA:44,4,1,3
BRF:7
BRH:5
end_of_record
TN:
SF:src/shared/local/reptilePhotosStore.ts
FN:11,(anonymous_0)
FN:18,(anonymous_1)
FN:27,(anonymous_2)
FN:37,(anonymous_3)
FN:60,(anonymous_4)
FN:80,(anonymous_5)
FNF:6
FNH:0
FNDA:0,(anonymous_0)
FNDA:0,(anonymous_1)
FNDA:0,(anonymous_2)
FNDA:0,(anonymous_3)
FNDA:0,(anonymous_4)
FNDA:0,(anonymous_5)
DA:11,0
DA:18,0
DA:19,0
DA:20,0
DA:21,0
DA:22,0
DA:24,0
DA:27,0
DA:30,0
DA:34,0
DA:37,0
DA:41,0
DA:42,0
DA:43,0
DA:44,0
DA:45,0
DA:46,0
DA:47,0
DA:48,0
DA:52,0
DA:56,0
DA:57,0
DA:60,0
DA:65,0
DA:66,0
DA:67,0
DA:68,0
DA:69,0
DA:72,0
DA:76,0
DA:77,0
DA:80,0
DA:81,0
DA:82,0
DA:83,0
DA:84,0
DA:85,0
DA:90,0
LF:38
LH:0
BRDA:21,0,0,0
BRDA:21,0,1,0
BRDA:45,1,0,0
BRDA:45,1,1,0
BRDA:63,2,0,0
BRDA:67,3,0,0
BRDA:67,3,1,0
BRDA:82,4,0,0
BRDA:82,4,1,0
BRF:9
BRH:0
end_of_record
TN:
SF:src/shared/local/reptileShedsStore.ts
FN:12,(anonymous_0)
FN:14,(anonymous_1)
FN:26,(anonymous_2)
FN:38,(anonymous_3)
FNF:4
FNH:0
FNDA:0,(anonymous_0)
FNDA:0,(anonymous_1)
FNDA:0,(anonymous_2)
FNDA:0,(anonymous_3)
DA:12,0
DA:14,0
DA:18,0
DA:19,0
DA:23,0
DA:26,0
DA:29,0
DA:30,0
DA:34,0
DA:35,0
DA:38,0
DA:39,0
LF:12
LH:0
BRDA:16,0,0,0
BRDA:18,1,0,0
BRDA:18,2,0,0
BRDA:32,3,0,0
BRDA:32,3,1,0
BRF:5
BRH:0
end_of_record
TN:
SF:src/shared/local/reptileStore.ts
FN:26,(anonymous_0)
FN:30,(anonymous_1)
FN:35,(anonymous_2)
FN:47,(anonymous_3)
FN:123,(anonymous_4)
FN:127,(anonymous_5)
FNF:6
FNH:6
FNDA:14,(anonymous_0)
FNDA:1,(anonymous_1)
FNDA:19,(anonymous_2)
FNDA:8,(anonymous_3)
FNDA:1,(anonymous_4)
FNDA:1,(anonymous_5)
DA:26,14
DA:30,1
DA:31,1
DA:32,1
DA:35,1
DA:36,19
DA:39,19
DA:47,1
DA:52,8
DA:53,8
DA:54,8
DA:55,2
DA:94,6
DA:118,8
DA:119,8
DA:120,8
DA:123,1
DA:124,1
DA:127,1
DA:131,1
DA:132,1
DA:133,1
DA:134,1
DA:135,1
LF:24
LH:24
BRDA:39,0,0,12
BRDA:39,0,1,7
BRDA:52,1,0,8
BRDA:52,1,1,6
BRDA:52,1,2,6
BRDA:54,2,0,2
BRDA:54,2,1,6
BRDA:77,3,0,2
BRDA:77,3,1,2
BRDA:78,4,0,2
BRDA:78,4,1,2
BRDA:79,5,0,2
BRDA:79,5,1,2
BRDA:80,6,0,2
BRDA:80,6,1,2
BRDA:81,7,0,2
BRDA:81,7,1,2
BRDA:82,8,0,2
BRDA:82,8,1,2
BRDA:83,9,0,2
BRDA:83,9,1,2
BRDA:84,10,0,2
BRDA:84,10,1,2
BRDA:85,11,0,2
BRDA:85,11,1,2
BRDA:86,12,0,2
BRDA:86,12,1,2
BRDA:87,13,0,2
BRDA:87,13,1,1
BRDA:88,14,0,2
BRDA:88,14,1,2
BRDA:89,15,0,2
BRDA:89,15,1,1
BRDA:102,16,0,6
BRDA:102,16,1,6
BRDA:103,17,0,6
BRDA:103,17,1,6
BRDA:104,18,0,6
BRDA:104,18,1,6
BRDA:105,19,0,6
BRDA:105,19,1,6
BRDA:106,20,0,6
BRDA:106,20,1,6
BRDA:107,21,0,6
BRDA:107,21,1,6
BRDA:108,22,0,6
BRDA:108,22,1,6
BRDA:109,23,0,6
BRDA:109,23,1,6
BRDA:110,24,0,6
BRDA:110,24,1,6
BRDA:111,25,0,6
BRDA:111,25,1,6
BRDA:112,26,0,6
BRDA:112,26,1,6
BRDA:113,27,0,6
BRDA:113,27,1,6
BRDA:114,28,0,6
BRDA:114,28,1,6
BRDA:119,29,0,0
BRDA:119,29,1,8
BRDA:132,30,0,0
BRDA:132,30,1,1
BRF:63
BRH:61
end_of_record
TN:
SF:src/shared/local/storageAdapter.ts
FNF:0
FNH:0
LF:0
LH:0
BRF:0
BRH:0
end_of_record
TN:
SF:src/shared/local/migrations/asyncStorageMigration.ts
FN:18,(anonymous_0)
FN:27,(anonymous_1)
FN:66,(anonymous_2)
FN:85,(anonymous_3)
FN:101,(anonymous_4)
FN:120,(anonymous_5)
FNF:6
FNH:0
FNDA:0,(anonymous_0)
FNDA:0,(anonymous_1)
FNDA:0,(anonymous_2)
FNDA:0,(anonymous_3)
FNDA:0,(anonymous_4)
FNDA:0,(anonymous_5)
DA:16,0
DA:18,0
DA:19,0
DA:20,0
DA:21,0
DA:23,0
DA:27,0
DA:28,0
DA:29,0
DA:31,0
DA:34,0
DA:35,0
DA:36,0
DA:37,0
DA:38,0
DA:43,0
DA:44,0
DA:45,0
DA:46,0
DA:47,0
DA:52,0
DA:53,0
DA:54,0
DA:55,0
DA:56,0
DA:57,0
DA:58,0
DA:59,0
DA:60,0
DA:66,0
DA:67,0
DA:69,0
DA:70,0
DA:71,0
DA:72,0
DA:73,0
DA:85,0
DA:86,0
DA:88,0
DA:89,0
DA:90,0
DA:91,0
DA:92,0
DA:101,0
DA:102,0
DA:104,0
DA:105,0
DA:106,0
DA:107,0
DA:108,0
DA:120,0
DA:121,0
DA:123,0
DA:124,0
DA:125,0
DA:126,0
DA:127,0
DA:146,0
LF:58
LH:0
BRDA:19,0,0,0
BRDA:19,0,1,0
BRDA:29,1,0,0
BRDA:29,1,1,0
BRDA:34,2,0,0
BRDA:34,2,1,0
BRDA:36,3,0,0
BRDA:36,3,1,0
BRDA:43,4,0,0
BRDA:43,4,1,0
BRDA:45,5,0,0
BRDA:45,5,1,0
BRDA:52,6,0,0
BRDA:52,6,1,0
BRDA:54,7,0,0
BRDA:54,7,1,0
BRDA:56,8,0,0
BRDA:56,8,1,0
BRDA:57,9,0,0
BRDA:57,9,1,0
BRDA:59,10,0,0
BRDA:59,10,1,0
BRDA:71,11,0,0
BRDA:71,11,1,0
BRDA:90,12,0,0
BRDA:90,12,1,0
BRDA:106,13,0,0
BRDA:106,13,1,0
BRDA:125,14,0,0
BRDA:125,14,1,0
BRF:30
BRH:0
end_of_record
TN:
SF:src/shared/testUtils/renderHook.tsx
FN:4,renderHook
FN:10,(anonymous_1)
FN:15,(anonymous_2)
FN:21,(anonymous_3)
FN:25,(anonymous_4)
FN:26,(anonymous_5)
FN:30,(anonymous_6)
FN:31,(anonymous_7)
FNF:8
FNH:8
FNDA:14,renderHook
FNDA:16,(anonymous_1)
FNDA:14,(anonymous_2)
FNDA:18,(anonymous_3)
FNDA:2,(anonymous_4)
FNDA:2,(anonymous_5)
FNDA:1,(anonymous_6)
FNDA:1,(anonymous_7)
DA:10,14
DA:11,16
DA:12,16
DA:15,14
DA:16,14
DA:19,14
DA:22,18
DA:26,2
DA:27,2
DA:31,1
DA:32,1
LF:11
LH:11
BRF:0
BRH:0
end_of_record
TN:
SF:src/shared/theme/tokens.ts
FNF:0
FNH:0
DA:1,0
DA:19,0
DA:23,0
DA:32,0
LF:4
LH:0
BRF:0
BRH:0
end_of_record
TN:
SF:src/shared/utils/getSpeciesIcon.ts
FN:5,(anonymous_0)
FNF:1
FNH:0
FNDA:0,(anonymous_0)
DA:3,0
DA:5,0
DA:6,0
DA:7,0
DA:9,0
DA:13,0
DA:15,0
DA:17,0
DA:19,0
DA:21,0
LF:10
LH:0
BRDA:6,0,0,0
BRDA:6,0,1,0
BRDA:7,1,0,0
BRDA:7,1,1,0
BRDA:7,1,2,0
BRDA:7,1,3,0
BRDA:7,1,4,0
BRDA:7,1,5,0
BRDA:7,1,6,0
BRDA:7,1,7,0
BRF:10
BRH:0
end_of_record
