TN:
SF:src/shared/constants/foodCatalog.ts
FN:111,(anonymous_0)
FN:115,(anonymous_1)
FN:136,(anonymous_2)
FN:139,(anonymous_3)
FN:143,(anonymous_4)
FN:171,(anonymous_5)
FN:177,(anonymous_6)
FN:182,(anonymous_7)
FN:186,(anonymous_8)
FN:193,(anonymous_9)
FN:199,(anonymous_10)
FN:203,(anonymous_11)
FN:234,(anonymous_12)
FN:237,(anonymous_13)
FNF:14
FNH:14
FNDA:72,(anonymous_0)
FNDA:22,(anonymous_1)
FNDA:50,(anonymous_2)
FNDA:1,(anonymous_3)
FNDA:21,(anonymous_4)
FNDA:12,(anonymous_5)
FNDA:5,(anonymous_6)
FNDA:111,(anonymous_7)
FNDA:16,(anonymous_8)
FNDA:3,(anonymous_9)
FNDA:54,(anonymous_10)
FNDA:12,(anonymous_11)
FNDA:1,(anonymous_12)
FNDA:71,(anonymous_13)
DA:20,1
DA:33,1
DA:108,1
DA:109,1
DA:111,1
DA:112,72
DA:115,1
DA:116,22
DA:120,1
DA:136,1
DA:137,50
DA:138,50
DA:139,1
DA:141,50
DA:142,50
DA:143,21
DA:148,1
DA:149,1
DA:150,1
DA:151,1
DA:152,1
DA:153,1
DA:154,1
DA:155,1
DA:156,1
DA:157,1
DA:158,1
DA:159,1
DA:160,1
DA:161,1
DA:162,1
DA:163,1
DA:164,1
DA:165,1
DA:166,1
DA:167,1
DA:168,1
DA:169,1
DA:171,1
DA:172,12
DA:173,11
DA:174,11
DA:177,1
DA:180,5
DA:181,4
DA:182,111
DA:183,4
DA:186,1
DA:189,16
DA:190,14
DA:193,1
DA:197,3
DA:198,2
DA:199,54
DA:200,2
DA:203,1
DA:207,12
DA:208,12
DA:210,1
DA:212,1
DA:214,1
DA:216,1
DA:218,1
DA:220,1
DA:222,1
DA:224,1
DA:226,1
DA:228,1
DA:230,2
DA:234,1
DA:235,1
DA:236,1
DA:237,1
DA:238,71
DA:239,3
DA:242,1
LF:76
LH:76
BRDA:138,0,0,1
BRDA:138,0,1,49
BRDA:142,1,0,13
BRDA:142,1,1,37
BRDA:172,2,0,1
BRDA:172,2,1,11
BRDA:174,3,0,11
BRDA:174,3,1,2
BRDA:180,4,0,1
BRDA:180,4,1,4
BRDA:183,5,0,3
BRDA:183,5,1,1
BRDA:189,6,0,2
BRDA:189,6,1,14
BRDA:190,7,0,14
BRDA:190,7,1,1
BRDA:197,8,0,1
BRDA:197,8,1,2
BRDA:200,9,0,1
BRDA:200,9,1,1
BRDA:207,10,0,12
BRDA:207,10,1,2
BRDA:208,11,0,1
BRDA:208,11,1,1
BRDA:208,11,2,1
BRDA:208,11,3,1
BRDA:208,11,4,1
BRDA:208,11,5,1
BRDA:208,11,6,1
BRDA:208,11,7,1
BRDA:208,11,8,1
BRDA:208,11,9,1
BRDA:208,11,10,2
BRDA:230,12,0,2
BRDA:230,12,1,1
BRDA:238,13,0,3
BRDA:238,13,1,68
BRF:37
BRH:37
end_of_record
TN:
SF:src/shared/data/queryClient.ts
FNF:0
FNH:0
DA:3,1
LF:1
LH:1
BRF:0
BRH:0
end_of_record
TN:
SF:src/shared/local/measurementsStore.ts
FN:14,(anonymous_0)
FN:16,(anonymous_1)
FN:28,(anonymous_2)
FNF:3
FNH:3
FNDA:3,(anonymous_0)
FNDA:3,(anonymous_1)
FNDA:2,(anonymous_2)
DA:14,3
DA:16,1
DA:20,3
DA:21,3
DA:25,3
DA:28,1
DA:31,2
DA:32,2
DA:45,2
DA:46,2
LF:10
LH:10
BRDA:18,0,0,1
BRDA:20,1,0,1
BRDA:20,2,0,1
BRDA:39,3,0,2
BRDA:39,3,1,1
BRDA:40,4,0,2
BRDA:40,4,1,1
BRDA:41,5,0,2
BRDA:41,5,1,1
BRDA:42,6,0,2
BRDA:42,6,1,1
BRF:11
BRH:11
end_of_record
TN:
SF:src/shared/local/reptileEventsStore.ts
FN:25,(anonymous_0)
FN:27,(anonymous_1)
FN:33,(anonymous_2)
FN:38,(anonymous_3)
FN:49,(anonymous_4)
FN:58,(anonymous_5)
FN:165,(anonymous_6)
FN:169,(anonymous_7)
FN:176,(anonymous_8)
FNF:9
FNH:9
FNDA:27,(anonymous_0)
FNDA:30,(anonymous_1)
FNDA:180,(anonymous_2)
FNDA:4,(anonymous_3)
FNDA:40,(anonymous_4)
FNDA:15,(anonymous_5)
FNDA:1,(anonymous_6)
FNDA:6,(anonymous_7)
FNDA:4,(anonymous_8)
DA:25,27
DA:27,2
DA:28,30
DA:29,4
DA:30,4
DA:33,2
DA:34,180
DA:35,180
DA:38,2
DA:41,4
DA:42,4
DA:46,4
DA:49,2
DA:52,40
DA:55,40
DA:58,2
DA:62,15
DA:63,15
DA:65,15
DA:67,15
DA:69,15
DA:70,15
DA:71,15
DA:72,15
DA:74,15
DA:75,15
DA:76,15
DA:77,15
DA:78,15
DA:79,15
DA:80,15
DA:81,15
DA:82,15
DA:84,15
DA:85,1
DA:122,14
DA:160,15
DA:161,15
DA:162,14
DA:165,2
DA:166,1
DA:169,2
DA:173,6
DA:174,5
DA:175,5
DA:176,4
DA:177,4
DA:178,3
DA:179,3
DA:180,2
DA:182,1
DA:185,4
DA:186,4
LF:53
LH:53
BRDA:28,0,0,26
BRDA:28,0,1,4
BRDA:28,1,0,30
BRDA:28,1,1,30
BRDA:28,1,2,4
BRDA:30,2,0,2
BRDA:30,2,1,2
BRDA:34,3,0,180
BRDA:34,3,1,153
BRDA:35,4,0,24
BRDA:35,4,1,156
BRDA:39,5,0,1
BRDA:41,6,0,1
BRDA:41,7,0,1
BRDA:55,8,0,23
BRDA:55,8,1,17
BRDA:62,9,0,15
BRDA:62,9,1,14
BRDA:65,10,0,15
BRDA:65,10,1,14
BRDA:67,11,0,15
BRDA:67,11,1,9
BRDA:69,12,0,15
BRDA:69,12,1,1
BRDA:70,13,0,15
BRDA:70,13,1,15
BRDA:71,14,0,15
BRDA:71,14,1,14
BRDA:72,15,0,15
BRDA:72,15,1,14
BRDA:74,16,0,15
BRDA:74,16,1,14
BRDA:76,17,0,15
BRDA:76,17,1,15
BRDA:81,18,0,15
BRDA:81,18,1,14
BRDA:82,19,0,15
BRDA:82,19,1,15
BRDA:84,20,0,1
BRDA:84,20,1,14
BRDA:161,21,0,1
BRDA:161,21,1,14
BRDA:173,22,0,1
BRDA:173,22,1,5
BRDA:175,23,0,1
BRDA:175,23,1,4
BRDA:177,24,0,1
BRDA:177,24,1,3
BRDA:180,25,0,1
BRDA:180,25,1,1
BRDA:185,26,0,3
BRDA:185,26,1,1
BRF:52
BRH:52
end_of_record
TN:
SF:src/shared/local/reptileFeedingsStore.ts
FN:15,(anonymous_0)
FN:17,(anonymous_1)
FN:29,(anonymous_2)
FN:50,(anonymous_3)
FNF:4
FNH:4
FNDA:9,(anonymous_0)
FNDA:4,(anonymous_1)
FNDA:6,(anonymous_2)
FNDA:1,(anonymous_3)
DA:15,9
DA:17,1
DA:21,4
DA:22,4
DA:26,4
DA:29,1
DA:32,6
DA:33,6
DA:46,6
DA:47,6
DA:50,1
DA:53,1
LF:12
LH:12
BRDA:19,0,0,1
BRDA:21,1,0,1
BRDA:21,2,0,1
BRDA:39,3,0,6
BRDA:39,3,1,1
BRDA:40,4,0,6
BRDA:40,4,1,1
BRDA:41,5,0,6
BRDA:41,5,1,1
BRDA:43,6,0,6
BRDA:43,6,1,5
BRF:11
BRH:11
end_of_record
TN:
SF:src/shared/local/reptileGeneticsStore.ts
FN:20,(anonymous_0)
FN:22,(anonymous_1)
FN:32,(anonymous_2)
FNF:3
FNH:3
FNDA:8,(anonymous_0)
FNDA:13,(anonymous_1)
FNDA:6,(anonymous_2)
DA:20,8
DA:22,1
DA:25,13
DA:29,13
DA:32,1
DA:35,6
DA:37,6
DA:38,6
DA:39,3
DA:68,3
DA:88,6
DA:89,6
DA:90,5
LF:13
LH:13
BRDA:29,0,0,8
BRDA:29,0,1,5
BRDA:37,1,0,6
BRDA:37,1,1,5
BRDA:37,1,2,2
BRDA:38,2,0,3
BRDA:38,2,1,3
BRDA:54,3,0,3
BRDA:54,3,1,2
BRDA:54,3,2,1
BRDA:55,4,0,3
BRDA:55,4,1,3
BRDA:55,4,2,3
BRDA:56,5,0,3
BRDA:56,5,1,3
BRDA:56,5,2,3
BRDA:57,6,0,3
BRDA:57,6,1,3
BRDA:57,6,2,3
BRDA:58,7,0,3
BRDA:58,7,1,3
BRDA:58,7,2,3
BRDA:59,8,0,3
BRDA:59,8,1,3
BRDA:59,8,2,3
BRDA:60,9,0,3
BRDA:60,9,1,3
BRDA:60,9,2,3
BRDA:61,10,0,3
BRDA:61,10,1,3
BRDA:61,10,2,3
BRDA:62,11,0,3
BRDA:62,11,1,3
BRDA:62,11,2,3
BRDA:63,12,0,3
BRDA:63,12,1,3
BRDA:63,12,2,3
BRDA:75,13,0,3
BRDA:75,13,1,2
BRDA:76,14,0,3
BRDA:76,14,1,3
BRDA:77,15,0,3
BRDA:77,15,1,3
BRDA:78,16,0,3
BRDA:78,16,1,3
BRDA:79,17,0,3
BRDA:79,17,1,3
BRDA:80,18,0,3
BRDA:80,18,1,3
BRDA:81,19,0,3
BRDA:81,19,1,3
BRDA:82,20,0,3
BRDA:82,20,1,3
BRDA:83,21,0,3
BRDA:83,21,1,3
BRDA:84,22,0,3
BRDA:84,22,1,3
BRDA:89,23,0,1
BRDA:89,23,1,5
BRF:59
BRH:59
end_of_record
TN:
SF:src/shared/local/reptileHealthStore.ts
FN:14,(anonymous_0)
FN:16,(anonymous_1)
FN:31,(anonymous_2)
FN:51,(anonymous_3)
FNF:4
FNH:4
FNDA:8,(anonymous_0)
FNDA:3,(anonymous_1)
FNDA:6,(anonymous_2)
FNDA:1,(anonymous_3)
DA:14,8
DA:16,1
DA:20,3
DA:21,3
DA:28,3
DA:31,1
DA:34,6
DA:35,6
DA:47,6
DA:48,6
DA:51,1
DA:52,1
LF:12
LH:12
BRDA:18,0,0,1
BRDA:20,1,0,1
BRDA:20,2,0,1
BRDA:43,3,0,6
BRDA:43,3,1,3
BRDA:44,4,0,6
BRDA:44,4,1,5
BRF:7
BRH:7
end_of_record
TN:
SF:src/shared/local/reptilePhotosStore.ts
FN:11,(anonymous_0)
FN:18,(anonymous_1)
FN:27,(anonymous_2)
FN:37,(anonymous_3)
FN:60,(anonymous_4)
FN:80,(anonymous_5)
FNF:6
FNH:6
FNDA:8,(anonymous_0)
FNDA:7,(anonymous_1)
FNDA:1,(anonymous_2)
FNDA:4,(anonymous_3)
FNDA:3,(anonymous_4)
FNDA:3,(anonymous_5)
DA:11,8
DA:18,1
DA:19,7
DA:20,7
DA:21,7
DA:22,5
DA:24,7
DA:27,1
DA:30,1
DA:34,1
DA:37,1
DA:41,4
DA:42,4
DA:43,4
DA:44,4
DA:45,4
DA:46,4
DA:47,4
DA:48,3
DA:52,4
DA:56,4
DA:57,4
DA:60,1
DA:65,3
DA:66,3
DA:67,3
DA:68,3
DA:69,3
DA:72,3
DA:76,3
DA:77,3
DA:80,1
DA:81,3
DA:82,3
DA:83,2
DA:84,2
DA:85,2
DA:90,3
LF:38
LH:38
BRDA:21,0,0,5
BRDA:21,0,1,2
BRDA:45,1,0,4
BRDA:45,1,1,1
BRDA:63,2,0,1
BRDA:67,3,0,3
BRDA:67,3,1,1
BRDA:82,4,0,2
BRDA:82,4,1,1
BRF:9
BRH:9
end_of_record
TN:
SF:src/shared/local/reptileShedsStore.ts
FN:12,(anonymous_0)
FN:14,(anonymous_1)
FN:26,(anonymous_2)
FN:38,(anonymous_3)
FNF:4
FNH:4
FNDA:3,(anonymous_0)
FNDA:4,(anonymous_1)
FNDA:2,(anonymous_2)
FNDA:1,(anonymous_3)
DA:12,3
DA:14,1
DA:18,4
DA:19,4
DA:23,4
DA:26,1
DA:29,2
DA:30,2
DA:34,2
DA:35,2
DA:38,1
DA:39,1
LF:12
LH:12
BRDA:16,0,0,1
BRDA:18,1,0,1
BRDA:18,2,0,2
BRDA:32,3,0,2
BRDA:32,3,1,1
BRF:5
BRH:5
end_of_record
TN:
SF:src/shared/local/reptileStore.ts
FN:26,(anonymous_0)
FN:30,(anonymous_1)
FN:35,(anonymous_2)
FN:47,(anonymous_3)
FN:123,(anonymous_4)
FN:127,(anonymous_5)
FNF:6
FNH:6
FNDA:15,(anonymous_0)
FNDA:1,(anonymous_1)
FNDA:24,(anonymous_2)
FNDA:10,(anonymous_3)
FNDA:1,(anonymous_4)
FNDA:2,(anonymous_5)
DA:26,15
DA:30,2
DA:31,1
DA:32,1
DA:35,2
DA:36,24
DA:39,24
DA:47,2
DA:52,10
DA:53,10
DA:54,10
DA:55,2
DA:94,8
DA:118,10
DA:119,10
DA:120,9
DA:123,2
DA:124,1
DA:127,2
DA:131,2
DA:132,2
DA:133,1
DA:134,1
DA:135,1
LF:24
LH:24
BRDA:39,0,0,13
BRDA:39,0,1,11
BRDA:52,1,0,10
BRDA:52,1,1,8
BRDA:52,1,2,8
BRDA:54,2,0,2
BRDA:54,2,1,8
BRDA:77,3,0,2
BRDA:77,3,1,2
BRDA:78,4,0,2
BRDA:78,4,1,2
BRDA:79,5,0,2
BRDA:79,5,1,2
BRDA:80,6,0,2
BRDA:80,6,1,2
BRDA:81,7,0,2
BRDA:81,7,1,2
BRDA:82,8,0,2
BRDA:82,8,1,2
BRDA:83,9,0,2
BRDA:83,9,1,2
BRDA:84,10,0,2
BRDA:84,10,1,2
BRDA:85,11,0,2
BRDA:85,11,1,2
BRDA:86,12,0,2
BRDA:86,12,1,2
BRDA:87,13,0,2
BRDA:87,13,1,1
BRDA:88,14,0,2
BRDA:88,14,1,2
BRDA:89,15,0,2
BRDA:89,15,1,1
BRDA:102,16,0,8
BRDA:102,16,1,8
BRDA:103,17,0,8
BRDA:103,17,1,8
BRDA:104,18,0,8
BRDA:104,18,1,8
BRDA:105,19,0,8
BRDA:105,19,1,8
BRDA:106,20,0,8
BRDA:106,20,1,8
BRDA:107,21,0,8
BRDA:107,21,1,8
BRDA:108,22,0,8
BRDA:108,22,1,8
BRDA:109,23,0,8
BRDA:109,23,1,8
BRDA:110,24,0,8
BRDA:110,24,1,8
BRDA:111,25,0,8
BRDA:111,25,1,8
BRDA:112,26,0,8
BRDA:112,26,1,8
BRDA:113,27,0,8
BRDA:113,27,1,8
BRDA:114,28,0,8
BRDA:114,28,1,8
BRDA:119,29,0,1
BRDA:119,29,1,9
BRDA:132,30,0,1
BRDA:132,30,1,1
BRF:63
BRH:63
end_of_record
TN:
SF:src/shared/local/migrations/asyncStorageMigration.ts
FN:18,(anonymous_0)
FN:27,(anonymous_1)
FN:66,(anonymous_2)
FN:85,(anonymous_3)
FN:101,(anonymous_4)
FN:120,(anonymous_5)
FNF:6
FNH:6
FNDA:19,(anonymous_0)
FNDA:8,(anonymous_1)
FNDA:19,(anonymous_2)
FNDA:19,(anonymous_3)
FNDA:19,(anonymous_4)
FNDA:19,(anonymous_5)
DA:16,1
DA:18,1
DA:19,19
DA:20,13
DA:21,13
DA:23,2
DA:27,1
DA:28,8
DA:29,8
DA:31,7
DA:34,7
DA:35,4
DA:36,4
DA:37,4
DA:38,2
DA:43,7
DA:44,2
DA:45,2
DA:46,2
DA:47,1
DA:52,7
DA:53,5
DA:54,5
DA:55,5
DA:56,4
DA:57,2
DA:58,2
DA:59,2
DA:60,1
DA:66,7
DA:67,19
DA:69,7
DA:70,2
DA:71,2
DA:72,2
DA:73,1
DA:85,7
DA:86,19
DA:88,7
DA:89,2
DA:90,2
DA:91,2
DA:92,1
DA:101,7
DA:102,19
DA:104,7
DA:105,2
DA:106,2
DA:107,2
DA:108,1
DA:120,7
DA:121,19
DA:123,7
DA:124,2
DA:125,2
DA:126,2
DA:127,1
DA:146,7
LF:58
LH:58
BRDA:19,0,0,6
BRDA:19,0,1,13
BRDA:29,1,0,1
BRDA:29,1,1,7
BRDA:34,2,0,4
BRDA:34,2,1,3
BRDA:36,3,0,4
BRDA:36,3,1,2
BRDA:43,4,0,2
BRDA:43,4,1,5
BRDA:45,5,0,2
BRDA:45,5,1,1
BRDA:52,6,0,5
BRDA:52,6,1,2
BRDA:54,7,0,5
BRDA:54,7,1,1
BRDA:56,8,0,2
BRDA:56,8,1,2
BRDA:57,9,0,2
BRDA:57,9,1,1
BRDA:59,10,0,1
BRDA:59,10,1,1
BRDA:71,11,0,2
BRDA:71,11,1,1
BRDA:90,12,0,2
BRDA:90,12,1,1
BRDA:106,13,0,2
BRDA:106,13,1,1
BRDA:125,14,0,2
BRDA:125,14,1,1
BRF:30
BRH:30
end_of_record
TN:
SF:src/shared/utils/getSpeciesIcon.ts
FN:5,(anonymous_0)
FNF:1
FNH:1
FNDA:9,(anonymous_0)
DA:3,1
DA:5,1
DA:6,9
DA:7,9
DA:9,1
DA:13,3
DA:15,1
DA:17,1
DA:19,1
DA:21,2
LF:10
LH:10
BRDA:6,0,0,9
BRDA:6,0,1,1
BRDA:7,1,0,1
BRDA:7,1,1,1
BRDA:7,1,2,2
BRDA:7,1,3,3
BRDA:7,1,4,1
BRDA:7,1,5,1
BRDA:7,1,6,1
BRDA:7,1,7,2
BRF:10
BRH:10
end_of_record
